2024-07-01 01:21:01 URL:http://deb.debian.org/debian/dists/bullseye/InRelease [115938/115938] -> "/root/livemake/config/package-lists/chroot/var/lib/apt/lists/partial/deb.debian.org_debian_dists_bullseye_InRelease" [1]
gpgv: Signature made Sat Jun 29 19:27:34 2024 JST
gpgv:                using RSA key A7236886F3CCCAAD148A27F80E98404D386FA1D9
gpgv: Good signature from "Debian Archive Automatic Signing Key (11/bullseye) <ftpmaster@debian.org>"
gpgv: Signature made Sat Jun 29 19:27:34 2024 JST
gpgv:                using RSA key 4CB50190207B4758A3F73A796ED0E7B82643E131
gpgv: Good signature from "Debian Archive Automatic Signing Key (12/bookworm) <ftpmaster@debian.org>"
gpgv: Signature made Sat Jun 29 19:31:04 2024 JST
gpgv:                using RSA key A4285295FC7B1A81600062A9605C66F00D6C9793
gpgv: Good signature from "Debian Stable Release Key (11/bullseye) <debian-release@lists.debian.org>"
2024-07-01 01:21:03 URL:http://deb.debian.org/debian/dists/bullseye/main/binary-amd64/by-hash/SHA256/86d4b153049aafdbf34def877cba528789ce697951a4c97ebab2ee21c9090b6d [8066552/8066552] -> "/root/livemake/config/package-lists/chroot/var/lib/apt/lists/partial/deb.debian.org_debian_dists_bullseye_main_binary-amd64_Packages.xz" [1]
2024-07-01 01:21:16 URL:http://deb.debian.org/debian/pool/main/a/adduser/adduser_3.118+deb11u1_all.deb [240736/240736] -> "/root/livemake/config/package-lists/chroot//var/cache/apt/archives/partial/adduser_3.118+deb11u1_all.deb" [1]
2024-07-01 01:21:17 URL:http://deb.debian.org/debian/pool/main/a/apt/apt_2.2.4_amd64.deb [1491328/1491328] -> "/root/livemake/config/package-lists/chroot//var/cache/apt/archives/partial/apt_2.2.4_amd64.deb" [1]
2024-07-01 01:21:17 URL:http://deb.debian.org/debian/pool/main/a/apt/apt-utils_2.2.4_amd64.deb [439128/439128] -> "/root/livemake/config/package-lists/chroot//var/cache/apt/archives/partial/apt-utils_2.2.4_amd64.deb" [1]
2024-07-01 01:21:17 URL:http://deb.debian.org/debian/pool/main/b/base-files/base-files_11.1+deb11u10_amd64.deb [70184/70184] -> "/root/livemake/config/package-lists/chroot//var/cache/apt/archives/partial/base-files_11.1+deb11u10_amd64.deb" [1]
2024-07-01 01:21:17 URL:http://deb.debian.org/debian/pool/main/b/base-passwd/base-passwd_3.5.51_amd64.deb [58116/58116] -> "/root/livemake/config/package-lists/chroot//var/cache/apt/archives/partial/base-passwd_3.5.51_amd64.deb" [1]
2024-07-01 01:21:17 URL:http://deb.debian.org/debian/pool/main/b/bash/bash_5.1-2+deb11u1_amd64.deb [1416508/1416508] -> "/root/livemake/config/package-lists/chroot//var/cache/apt/archives/partial/bash_5.1-2+deb11u1_amd64.deb" [1]
2024-07-01 01:21:17 URL:http://deb.debian.org/debian/pool/main/u/util-linux/bsdutils_2.36.1-8+deb11u2_amd64.deb [148700/148700] -> "/root/livemake/config/package-lists/chroot//var/cache/apt/archives/partial/bsdutils_1%3a2.36.1-8+deb11u2_amd64.deb" [1]
2024-07-01 01:21:18 URL:http://deb.debian.org/debian/pool/main/c/coreutils/coreutils_8.32-4+b1_amd64.deb [2866720/2866720] -> "/root/livemake/config/package-lists/chroot//var/cache/apt/archives/partial/coreutils_8.32-4+b1_amd64.deb" [1]
2024-07-01 01:21:18 URL:http://deb.debian.org/debian/pool/main/c/cpio/cpio_2.13+dfsg-7.1~deb11u1_amd64.deb [244864/244864] -> "/root/livemake/config/package-lists/chroot//var/cache/apt/archives/partial/cpio_2.13+dfsg-7.1~deb11u1_amd64.deb" [1]
2024-07-01 01:21:18 URL:http://deb.debian.org/debian/pool/main/c/cron/cron_3.0pl1-137_amd64.deb [99592/99592] -> "/root/livemake/config/package-lists/chroot//var/cache/apt/archives/partial/cron_3.0pl1-137_amd64.deb" [1]
2024-07-01 01:21:18 URL:http://deb.debian.org/debian/pool/main/d/dash/dash_0.5.11+git20200708+dd9ef66-5_amd64.deb [115376/115376] -> "/root/livemake/config/package-lists/chroot//var/cache/apt/archives/partial/dash_0.5.11+git20200708+dd9ef66-5_amd64.deb" [1]
2024-07-01 01:21:18 URL:http://deb.debian.org/debian/pool/main/d/debconf/debconf_1.5.77_all.deb [144080/144080] -> "/root/livemake/config/package-lists/chroot//var/cache/apt/archives/partial/debconf_1.5.77_all.deb" [1]
2024-07-01 01:21:18 URL:http://deb.debian.org/debian/pool/main/d/debconf/debconf-i18n_1.5.77_all.deb [205868/205868] -> "/root/livemake/config/package-lists/chroot//var/cache/apt/archives/partial/debconf-i18n_1.5.77_all.deb" [1]
2024-07-01 01:21:18 URL:http://deb.debian.org/debian/pool/main/d/debian-archive-keyring/debian-archive-keyring_2021.1.1+deb11u1_all.deb [109864/109864] -> "/root/livemake/config/package-lists/chroot//var/cache/apt/archives/partial/debian-archive-keyring_2021.1.1+deb11u1_all.deb" [1]
2024-07-01 01:21:18 URL:http://deb.debian.org/debian/pool/main/d/debianutils/debianutils_4.11.2_amd64.deb [101160/101160] -> "/root/livemake/config/package-lists/chroot//var/cache/apt/archives/partial/debianutils_4.11.2_amd64.deb" [1]
2024-07-01 01:21:18 URL:http://deb.debian.org/debian/pool/main/d/diffutils/diffutils_3.7-5_amd64.deb [373248/373248] -> "/root/livemake/config/package-lists/chroot//var/cache/apt/archives/partial/diffutils_1%3a3.7-5_amd64.deb" [1]
2024-07-01 01:21:18 URL:http://deb.debian.org/debian/pool/main/d/dmidecode/dmidecode_3.3-2_amd64.deb [64688/64688] -> "/root/livemake/config/package-lists/chroot//var/cache/apt/archives/partial/dmidecode_3.3-2_amd64.deb" [1]
2024-07-01 01:21:18 URL:http://deb.debian.org/debian/pool/main/l/lvm2/dmsetup_1.02.175-2.1_amd64.deb [92056/92056] -> "/root/livemake/config/package-lists/chroot//var/cache/apt/archives/partial/dmsetup_2%3a1.02.175-2.1_amd64.deb" [1]
2024-07-01 01:21:19 URL:http://deb.debian.org/debian/pool/main/d/dpkg/dpkg_1.20.13_amd64.deb [2537840/2537840] -> "/root/livemake/config/package-lists/chroot//var/cache/apt/archives/partial/dpkg_1.20.13_amd64.deb" [1]
2024-07-01 01:21:19 URL:http://deb.debian.org/debian/pool/main/e/e2fsprogs/e2fsprogs_1.46.2-2_amd64.deb [614676/614676] -> "/root/livemake/config/package-lists/chroot//var/cache/apt/archives/partial/e2fsprogs_1.46.2-2_amd64.deb" [1]
2024-07-01 01:21:19 URL:http://deb.debian.org/debian/pool/main/u/util-linux/fdisk_2.36.1-8+deb11u2_amd64.deb [192272/192272] -> "/root/livemake/config/package-lists/chroot//var/cache/apt/archives/partial/fdisk_2.36.1-8+deb11u2_amd64.deb" [1]
2024-07-01 01:21:19 URL:http://deb.debian.org/debian/pool/main/f/findutils/findutils_4.8.0-1_amd64.deb [697324/697324] -> "/root/livemake/config/package-lists/chroot//var/cache/apt/archives/partial/findutils_4.8.0-1_amd64.deb" [1]
2024-07-01 01:21:19 URL:http://deb.debian.org/debian/pool/main/g/gcc-10/gcc-10-base_10.2.1-6_amd64.deb [201332/201332] -> "/root/livemake/config/package-lists/chroot//var/cache/apt/archives/partial/gcc-10-base_10.2.1-6_amd64.deb" [1]
2024-07-01 01:21:19 URL:http://deb.debian.org/debian/pool/main/g/gcc-9/gcc-9-base_9.3.0-22_amd64.deb [198312/198312] -> "/root/livemake/config/package-lists/chroot//var/cache/apt/archives/partial/gcc-9-base_9.3.0-22_amd64.deb" [1]
2024-07-01 01:21:19 URL:http://deb.debian.org/debian/pool/main/g/gnupg2/gpgv_2.2.27-2+deb11u2_amd64.deb [625824/625824] -> "/root/livemake/config/package-lists/chroot//var/cache/apt/archives/partial/gpgv_2.2.27-2+deb11u2_amd64.deb" [1]
2024-07-01 01:21:19 URL:http://deb.debian.org/debian/pool/main/g/grep/grep_3.6-1+deb11u1_amd64.deb [398084/398084] -> "/root/livemake/config/package-lists/chroot//var/cache/apt/archives/partial/grep_3.6-1+deb11u1_amd64.deb" [1]
2024-07-01 01:21:19 URL:http://deb.debian.org/debian/pool/main/g/gzip/gzip_1.10-4+deb11u1_amd64.deb [131996/131996] -> "/root/livemake/config/package-lists/chroot//var/cache/apt/archives/partial/gzip_1.10-4+deb11u1_amd64.deb" [1]
2024-07-01 01:21:20 URL:http://deb.debian.org/debian/pool/main/h/hostname/hostname_3.23_amd64.deb [14948/14948] -> "/root/livemake/config/package-lists/chroot//var/cache/apt/archives/partial/hostname_3.23_amd64.deb" [1]
2024-07-01 01:21:20 URL:http://deb.debian.org/debian/pool/main/i/ifupdown/ifupdown_0.8.36_amd64.deb [81964/81964] -> "/root/livemake/config/package-lists/chroot//var/cache/apt/archives/partial/ifupdown_0.8.36_amd64.deb" [1]
2024-07-01 01:21:20 URL:http://deb.debian.org/debian/pool/main/i/init-system-helpers/init_1.60_amd64.deb [15256/15256] -> "/root/livemake/config/package-lists/chroot//var/cache/apt/archives/partial/init_1.60_amd64.deb" [1]
2024-07-01 01:21:20 URL:http://deb.debian.org/debian/pool/main/i/init-system-helpers/init-system-helpers_1.60_all.deb [47076/47076] -> "/root/livemake/config/package-lists/chroot//var/cache/apt/archives/partial/init-system-helpers_1.60_all.deb" [1]
2024-07-01 01:21:20 URL:http://deb.debian.org/debian/pool/main/i/iproute2/iproute2_5.10.0-4_amd64.deb [930168/930168] -> "/root/livemake/config/package-lists/chroot//var/cache/apt/archives/partial/iproute2_5.10.0-4_amd64.deb" [1]
2024-07-01 01:21:20 URL:http://deb.debian.org/debian/pool/main/i/iputils/iputils-ping_20210202-1_amd64.deb [49776/49776] -> "/root/livemake/config/package-lists/chroot//var/cache/apt/archives/partial/iputils-ping_3%3a20210202-1_amd64.deb" [1]
2024-07-01 01:21:20 URL:http://deb.debian.org/debian/pool/main/i/isc-dhcp/isc-dhcp-client_4.4.1-2.3+deb11u2_amd64.deb [342768/342768] -> "/root/livemake/config/package-lists/chroot//var/cache/apt/archives/partial/isc-dhcp-client_4.4.1-2.3+deb11u2_amd64.deb" [1]
2024-07-01 01:21:20 URL:http://deb.debian.org/debian/pool/main/i/isc-dhcp/isc-dhcp-common_4.4.1-2.3+deb11u2_amd64.deb [144844/144844] -> "/root/livemake/config/package-lists/chroot//var/cache/apt/archives/partial/isc-dhcp-common_4.4.1-2.3+deb11u2_amd64.deb" [1]
2024-07-01 01:21:20 URL:http://deb.debian.org/debian/pool/main/k/kmod/kmod_28-1_amd64.deb [92840/92840] -> "/root/livemake/config/package-lists/chroot//var/cache/apt/archives/partial/kmod_28-1_amd64.deb" [1]
2024-07-01 01:21:20 URL:http://deb.debian.org/debian/pool/main/l/less/less_551-2+deb11u2_amd64.deb [135828/135828] -> "/root/livemake/config/package-lists/chroot//var/cache/apt/archives/partial/less_551-2+deb11u2_amd64.deb" [1]
2024-07-01 01:21:20 URL:http://deb.debian.org/debian/pool/main/a/acl/libacl1_2.2.53-10_amd64.deb [31140/31140] -> "/root/livemake/config/package-lists/chroot//var/cache/apt/archives/partial/libacl1_2.2.53-10_amd64.deb" [1]
2024-07-01 01:21:20 URL:http://deb.debian.org/debian/pool/main/a/apparmor/libapparmor1_2.13.6-10_amd64.deb [99308/99308] -> "/root/livemake/config/package-lists/chroot//var/cache/apt/archives/partial/libapparmor1_2.13.6-10_amd64.deb" [1]
2024-07-01 01:21:20 URL:http://deb.debian.org/debian/pool/main/a/apt/libapt-pkg6.0_2.2.4_amd64.deb [1012792/1012792] -> "/root/livemake/config/package-lists/chroot//var/cache/apt/archives/partial/libapt-pkg6.0_2.2.4_amd64.deb" [1]
2024-07-01 01:21:20 URL:http://deb.debian.org/debian/pool/main/a/argon2/libargon2-1_0~20171227-0.2_amd64.deb [19640/19640] -> "/root/livemake/config/package-lists/chroot//var/cache/apt/archives/partial/libargon2-1_0~20171227-0.2_amd64.deb" [1]
2024-07-01 01:21:20 URL:http://deb.debian.org/debian/pool/main/a/attr/libattr1_2.4.48-6_amd64.deb [21632/21632] -> "/root/livemake/config/package-lists/chroot//var/cache/apt/archives/partial/libattr1_1%3a2.4.48-6_amd64.deb" [1]
2024-07-01 01:21:20 URL:http://deb.debian.org/debian/pool/main/a/audit/libaudit-common_3.0-2_all.deb [14832/14832] -> "/root/livemake/config/package-lists/chroot//var/cache/apt/archives/partial/libaudit-common_1%3a3.0-2_all.deb" [1]
2024-07-01 01:21:20 URL:http://deb.debian.org/debian/pool/main/a/audit/libaudit1_3.0-2_amd64.deb [50380/50380] -> "/root/livemake/config/package-lists/chroot//var/cache/apt/archives/partial/libaudit1_1%3a3.0-2_amd64.deb" [1]
2024-07-01 01:21:21 URL:http://deb.debian.org/debian/pool/main/u/util-linux/libblkid1_2.36.1-8+deb11u2_amd64.deb [193528/193528] -> "/root/livemake/config/package-lists/chroot//var/cache/apt/archives/partial/libblkid1_2.36.1-8+deb11u2_amd64.deb" [1]
2024-07-01 01:21:21 URL:http://deb.debian.org/debian/pool/main/libb/libbpf/libbpf0_0.3-2_amd64.deb [98280/98280] -> "/root/livemake/config/package-lists/chroot//var/cache/apt/archives/partial/libbpf0_1%3a0.3-2_amd64.deb" [1]
2024-07-01 01:21:21 URL:http://deb.debian.org/debian/pool/main/libb/libbsd/libbsd0_0.11.3-1+deb11u1_amd64.deb [107800/107800] -> "/root/livemake/config/package-lists/chroot//var/cache/apt/archives/partial/libbsd0_0.11.3-1+deb11u1_amd64.deb" [1]
2024-07-01 01:21:21 URL:http://deb.debian.org/debian/pool/main/b/bzip2/libbz2-1.0_1.0.8-4_amd64.deb [45808/45808] -> "/root/livemake/config/package-lists/chroot//var/cache/apt/archives/partial/libbz2-1.0_1.0.8-4_amd64.deb" [1]
2024-07-01 01:21:21 URL:http://deb.debian.org/debian/pool/main/g/glibc/libc-bin_2.31-13+deb11u10_amd64.deb [827000/827000] -> "/root/livemake/config/package-lists/chroot//var/cache/apt/archives/partial/libc-bin_2.31-13+deb11u10_amd64.deb" [1]
2024-07-01 01:21:21 URL:http://deb.debian.org/debian/pool/main/g/glibc/libc6_2.31-13+deb11u10_amd64.deb [2824616/2824616] -> "/root/livemake/config/package-lists/chroot//var/cache/apt/archives/partial/libc6_2.31-13+deb11u10_amd64.deb" [1]
2024-07-01 01:21:21 URL:http://deb.debian.org/debian/pool/main/libc/libcap-ng/libcap-ng0_0.7.9-2.2+b1_amd64.deb [14764/14764] -> "/root/livemake/config/package-lists/chroot//var/cache/apt/archives/partial/libcap-ng0_0.7.9-2.2+b1_amd64.deb" [1]
2024-07-01 01:21:21 URL:http://deb.debian.org/debian/pool/main/libc/libcap2/libcap2_2.44-1_amd64.deb [23604/23604] -> "/root/livemake/config/package-lists/chroot//var/cache/apt/archives/partial/libcap2_1%3a2.44-1_amd64.deb" [1]
2024-07-01 01:21:21 URL:http://deb.debian.org/debian/pool/main/libc/libcap2/libcap2-bin_2.44-1_amd64.deb [32612/32612] -> "/root/livemake/config/package-lists/chroot//var/cache/apt/archives/partial/libcap2-bin_1%3a2.44-1_amd64.deb" [1]
2024-07-01 01:21:21 URL:http://deb.debian.org/debian/pool/main/e/e2fsprogs/libcom-err2_1.46.2-2_amd64.deb [74208/74208] -> "/root/livemake/config/package-lists/chroot//var/cache/apt/archives/partial/libcom-err2_1.46.2-2_amd64.deb" [1]
2024-07-01 01:21:22 URL:http://deb.debian.org/debian/pool/main/libx/libxcrypt/libcrypt1_4.4.18-4_amd64.deb [87504/87504] -> "/root/livemake/config/package-lists/chroot//var/cache/apt/archives/partial/libcrypt1_1%3a4.4.18-4_amd64.deb" [1]
2024-07-01 01:21:22 URL:http://deb.debian.org/debian/pool/main/c/cryptsetup/libcryptsetup12_2.3.7-1+deb11u1_amd64.deb [248428/248428] -> "/root/livemake/config/package-lists/chroot//var/cache/apt/archives/partial/libcryptsetup12_2%3a2.3.7-1+deb11u1_amd64.deb" [1]
2024-07-01 01:21:22 URL:http://deb.debian.org/debian/pool/main/d/db5.3/libdb5.3_5.3.28+dfsg1-0.8_amd64.deb [686508/686508] -> "/root/livemake/config/package-lists/chroot//var/cache/apt/archives/partial/libdb5.3_5.3.28+dfsg1-0.8_amd64.deb" [1]
2024-07-01 01:21:22 URL:http://deb.debian.org/debian/pool/main/c/cdebconf/libdebconfclient0_0.260_amd64.deb [50588/50588] -> "/root/livemake/config/package-lists/chroot//var/cache/apt/archives/partial/libdebconfclient0_0.260_amd64.deb" [1]
2024-07-01 01:21:22 URL:http://deb.debian.org/debian/pool/main/l/lvm2/libdevmapper1.02.1_1.02.175-2.1_amd64.deb [142920/142920] -> "/root/livemake/config/package-lists/chroot//var/cache/apt/archives/partial/libdevmapper1.02.1_2%3a1.02.175-2.1_amd64.deb" [1]
2024-07-01 01:21:22 URL:http://deb.debian.org/debian/pool/main/b/bind9-libs/libdns-export1110_9.11.19+dfsg-2.1_amd64.deb [987760/987760] -> "/root/livemake/config/package-lists/chroot//var/cache/apt/archives/partial/libdns-export1110_1%3a9.11.19+dfsg-2.1_amd64.deb" [1]
2024-07-01 01:21:22 URL:http://deb.debian.org/debian/pool/main/libe/libedit/libedit2_3.1-20191231-2+b1_amd64.deb [96744/96744] -> "/root/livemake/config/package-lists/chroot//var/cache/apt/archives/partial/libedit2_3.1-20191231-2+b1_amd64.deb" [1]
2024-07-01 01:21:22 URL:http://deb.debian.org/debian/pool/main/e/elfutils/libelf1_0.183-1_amd64.deb [165284/165284] -> "/root/livemake/config/package-lists/chroot//var/cache/apt/archives/partial/libelf1_0.183-1_amd64.deb" [1]
2024-07-01 01:21:22 URL:http://deb.debian.org/debian/pool/main/libe/libestr/libestr0_0.1.10-2.1+b1_amd64.deb [9048/9048] -> "/root/livemake/config/package-lists/chroot//var/cache/apt/archives/partial/libestr0_0.1.10-2.1+b1_amd64.deb" [1]
2024-07-01 01:21:22 URL:http://deb.debian.org/debian/pool/main/e/e2fsprogs/libext2fs2_1.46.2-2_amd64.deb [256928/256928] -> "/root/livemake/config/package-lists/chroot//var/cache/apt/archives/partial/libext2fs2_1.46.2-2_amd64.deb" [1]
2024-07-01 01:21:22 URL:http://deb.debian.org/debian/pool/main/libf/libfastjson/libfastjson4_0.99.9-1_amd64.deb [28432/28432] -> "/root/livemake/config/package-lists/chroot//var/cache/apt/archives/partial/libfastjson4_0.99.9-1_amd64.deb" [1]
2024-07-01 01:21:22 URL:http://deb.debian.org/debian/pool/main/u/util-linux/libfdisk1_2.36.1-8+deb11u2_amd64.deb [237756/237756] -> "/root/livemake/config/package-lists/chroot//var/cache/apt/archives/partial/libfdisk1_2.36.1-8+deb11u2_amd64.deb" [1]
2024-07-01 01:21:22 URL:http://deb.debian.org/debian/pool/main/libf/libffi/libffi7_3.3-6_amd64.deb [23096/23096] -> "/root/livemake/config/package-lists/chroot//var/cache/apt/archives/partial/libffi7_3.3-6_amd64.deb" [1]
2024-07-01 01:21:22 URL:http://deb.debian.org/debian/pool/main/g/gcc-10/libgcc-s1_10.2.1-6_amd64.deb [41400/41400] -> "/root/livemake/config/package-lists/chroot//var/cache/apt/archives/partial/libgcc-s1_10.2.1-6_amd64.deb" [1]
2024-07-01 01:21:23 URL:http://deb.debian.org/debian/pool/main/libg/libgcrypt20/libgcrypt20_1.8.7-6_amd64.deb [563136/563136] -> "/root/livemake/config/package-lists/chroot//var/cache/apt/archives/partial/libgcrypt20_1.8.7-6_amd64.deb" [1]
2024-07-01 01:21:23 URL:http://deb.debian.org/debian/pool/main/g/gmp/libgmp10_6.2.1+dfsg-1+deb11u1_amd64.deb [563308/563308] -> "/root/livemake/config/package-lists/chroot//var/cache/apt/archives/partial/libgmp10_2%3a6.2.1+dfsg-1+deb11u1_amd64.deb" [1]
2024-07-01 01:21:23 URL:http://deb.debian.org/debian/pool/main/g/gnutls28/libgnutls30_3.7.1-5+deb11u5_amd64.deb [1340088/1340088] -> "/root/livemake/config/package-lists/chroot//var/cache/apt/archives/partial/libgnutls30_3.7.1-5+deb11u5_amd64.deb" [1]
2024-07-01 01:21:23 URL:http://deb.debian.org/debian/pool/main/libg/libgpg-error/libgpg-error0_1.38-2_amd64.deb [77536/77536] -> "/root/livemake/config/package-lists/chroot//var/cache/apt/archives/partial/libgpg-error0_1.38-2_amd64.deb" [1]
2024-07-01 01:21:23 URL:http://deb.debian.org/debian/pool/main/k/krb5/libgssapi-krb5-2_1.18.3-6+deb11u4_amd64.deb [165164/165164] -> "/root/livemake/config/package-lists/chroot//var/cache/apt/archives/partial/libgssapi-krb5-2_1.18.3-6+deb11u4_amd64.deb" [1]
2024-07-01 01:21:23 URL:http://deb.debian.org/debian/pool/main/n/nettle/libhogweed6_3.7.3-1_amd64.deb [320468/320468] -> "/root/livemake/config/package-lists/chroot//var/cache/apt/archives/partial/libhogweed6_3.7.3-1_amd64.deb" [1]
2024-07-01 01:21:23 URL:http://deb.debian.org/debian/pool/main/libi/libidn2/libidn2-0_2.3.0-5_amd64.deb [86108/86108] -> "/root/livemake/config/package-lists/chroot//var/cache/apt/archives/partial/libidn2-0_2.3.0-5_amd64.deb" [1]
2024-07-01 01:21:23 URL:http://deb.debian.org/debian/pool/main/i/iptables/libip4tc2_1.8.7-1_amd64.deb [34640/34640] -> "/root/livemake/config/package-lists/chroot//var/cache/apt/archives/partial/libip4tc2_1.8.7-1_amd64.deb" [1]
2024-07-01 01:21:23 URL:http://deb.debian.org/debian/pool/main/b/bind9-libs/libisc-export1105_9.11.19+dfsg-2.1_amd64.deb [396836/396836] -> "/root/livemake/config/package-lists/chroot//var/cache/apt/archives/partial/libisc-export1105_1%3a9.11.19+dfsg-2.1_amd64.deb" [1]
2024-07-01 01:21:23 URL:http://deb.debian.org/debian/pool/main/j/jansson/libjansson4_2.13.1-1.1_amd64.deb [39688/39688] -> "/root/livemake/config/package-lists/chroot//var/cache/apt/archives/partial/libjansson4_2.13.1-1.1_amd64.deb" [1]
2024-07-01 01:21:23 URL:http://deb.debian.org/debian/pool/main/j/json-c/libjson-c5_0.15-2+deb11u1_amd64.deb [42868/42868] -> "/root/livemake/config/package-lists/chroot//var/cache/apt/archives/partial/libjson-c5_0.15-2+deb11u1_amd64.deb" [1]
2024-07-01 01:21:23 URL:http://deb.debian.org/debian/pool/main/k/krb5/libk5crypto3_1.18.3-6+deb11u4_amd64.deb [113692/113692] -> "/root/livemake/config/package-lists/chroot//var/cache/apt/archives/partial/libk5crypto3_1.18.3-6+deb11u4_amd64.deb" [1]
2024-07-01 01:21:24 URL:http://deb.debian.org/debian/pool/main/k/keyutils/libkeyutils1_1.6.1-2_amd64.deb [15444/15444] -> "/root/livemake/config/package-lists/chroot//var/cache/apt/archives/partial/libkeyutils1_1.6.1-2_amd64.deb" [1]
2024-07-01 01:21:24 URL:http://deb.debian.org/debian/pool/main/k/kmod/libkmod2_28-1_amd64.deb [55580/55580] -> "/root/livemake/config/package-lists/chroot//var/cache/apt/archives/partial/libkmod2_28-1_amd64.deb" [1]
2024-07-01 01:21:24 URL:http://deb.debian.org/debian/pool/main/k/krb5/libkrb5-3_1.18.3-6+deb11u4_amd64.deb [363008/363008] -> "/root/livemake/config/package-lists/chroot//var/cache/apt/archives/partial/libkrb5-3_1.18.3-6+deb11u4_amd64.deb" [1]
2024-07-01 01:21:24 URL:http://deb.debian.org/debian/pool/main/k/krb5/libkrb5support0_1.18.3-6+deb11u4_amd64.deb [65564/65564] -> "/root/livemake/config/package-lists/chroot//var/cache/apt/archives/partial/libkrb5support0_1.18.3-6+deb11u4_amd64.deb" [1]
2024-07-01 01:21:24 URL:http://deb.debian.org/debian/pool/main/libl/liblocale-gettext-perl/liblocale-gettext-perl_1.07-4+b1_amd64.deb [19048/19048] -> "/root/livemake/config/package-lists/chroot//var/cache/apt/archives/partial/liblocale-gettext-perl_1.07-4+b1_amd64.deb" [1]
2024-07-01 01:21:24 URL:http://deb.debian.org/debian/pool/main/libl/liblognorm/liblognorm5_2.0.5-1.1_amd64.deb [64512/64512] -> "/root/livemake/config/package-lists/chroot//var/cache/apt/archives/partial/liblognorm5_2.0.5-1.1_amd64.deb" [1]
2024-07-01 01:21:24 URL:http://deb.debian.org/debian/pool/main/l/lz4/liblz4-1_1.9.3-2_amd64.deb [57492/57492] -> "/root/livemake/config/package-lists/chroot//var/cache/apt/archives/partial/liblz4-1_1.9.3-2_amd64.deb" [1]
2024-07-01 01:21:24 URL:http://deb.debian.org/debian/pool/main/x/xz-utils/liblzma5_5.2.5-2.1~deb11u1_amd64.deb [168496/168496] -> "/root/livemake/config/package-lists/chroot//var/cache/apt/archives/partial/liblzma5_5.2.5-2.1~deb11u1_amd64.deb" [1]
2024-07-01 01:21:24 URL:http://deb.debian.org/debian/pool/main/libm/libmd/libmd0_1.0.3-3_amd64.deb [27972/27972] -> "/root/livemake/config/package-lists/chroot//var/cache/apt/archives/partial/libmd0_1.0.3-3_amd64.deb" [1]
2024-07-01 01:21:24 URL:http://deb.debian.org/debian/pool/main/libm/libmnl/libmnl0_1.0.4-3_amd64.deb [12476/12476] -> "/root/livemake/config/package-lists/chroot//var/cache/apt/archives/partial/libmnl0_1.0.4-3_amd64.deb" [1]
2024-07-01 01:21:24 URL:http://deb.debian.org/debian/pool/main/u/util-linux/libmount1_2.36.1-8+deb11u2_amd64.deb [211780/211780] -> "/root/livemake/config/package-lists/chroot//var/cache/apt/archives/partial/libmount1_2.36.1-8+deb11u2_amd64.deb" [1]
2024-07-01 01:21:24 URL:http://deb.debian.org/debian/pool/main/n/ncurses/libncurses6_6.2+20201114-2+deb11u2_amd64.deb [102316/102316] -> "/root/livemake/config/package-lists/chroot//var/cache/apt/archives/partial/libncurses6_6.2+20201114-2+deb11u2_amd64.deb" [1]
2024-07-01 01:21:24 URL:http://deb.debian.org/debian/pool/main/n/ncurses/libncursesw6_6.2+20201114-2+deb11u2_amd64.deb [132344/132344] -> "/root/livemake/config/package-lists/chroot//var/cache/apt/archives/partial/libncursesw6_6.2+20201114-2+deb11u2_amd64.deb" [1]
2024-07-01 01:21:24 URL:http://deb.debian.org/debian/pool/main/n/nettle/libnettle8_3.7.3-1_amd64.deb [270376/270376] -> "/root/livemake/config/package-lists/chroot//var/cache/apt/archives/partial/libnettle8_3.7.3-1_amd64.deb" [1]
2024-07-01 01:21:24 URL:http://deb.debian.org/debian/pool/main/n/newt/libnewt0.52_0.52.21-4+b3_amd64.deb [74728/74728] -> "/root/livemake/config/package-lists/chroot//var/cache/apt/archives/partial/libnewt0.52_0.52.21-4+b3_amd64.deb" [1]
2024-07-01 01:21:24 URL:http://deb.debian.org/debian/pool/main/n/nftables/libnftables1_0.9.8-3.1+deb11u2_amd64.deb [262348/262348] -> "/root/livemake/config/package-lists/chroot//var/cache/apt/archives/partial/libnftables1_0.9.8-3.1+deb11u2_amd64.deb" [1]
2024-07-01 01:21:24 URL:http://deb.debian.org/debian/pool/main/libn/libnftnl/libnftnl11_1.1.9-1_amd64.deb [63708/63708] -> "/root/livemake/config/package-lists/chroot//var/cache/apt/archives/partial/libnftnl11_1.1.9-1_amd64.deb" [1]
2024-07-01 01:21:24 URL:http://deb.debian.org/debian/pool/main/libn/libnsl/libnsl2_1.3.0-2_amd64.deb [39480/39480] -> "/root/livemake/config/package-lists/chroot//var/cache/apt/archives/partial/libnsl2_1.3.0-2_amd64.deb" [1]
2024-07-01 01:21:25 URL:http://deb.debian.org/debian/pool/main/p/p11-kit/libp11-kit0_0.23.22-1_amd64.deb [336536/336536] -> "/root/livemake/config/package-lists/chroot//var/cache/apt/archives/partial/libp11-kit0_0.23.22-1_amd64.deb" [1]
2024-07-01 01:21:25 URL:http://deb.debian.org/debian/pool/main/p/pam/libpam-modules_1.4.0-9+deb11u1_amd64.deb [325816/325816] -> "/root/livemake/config/package-lists/chroot//var/cache/apt/archives/partial/libpam-modules_1.4.0-9+deb11u1_amd64.deb" [1]
2024-07-01 01:21:25 URL:http://deb.debian.org/debian/pool/main/p/pam/libpam-modules-bin_1.4.0-9+deb11u1_amd64.deb [108096/108096] -> "/root/livemake/config/package-lists/chroot//var/cache/apt/archives/partial/libpam-modules-bin_1.4.0-9+deb11u1_amd64.deb" [1]
2024-07-01 01:21:25 URL:http://deb.debian.org/debian/pool/main/p/pam/libpam-runtime_1.4.0-9+deb11u1_all.deb [207376/207376] -> "/root/livemake/config/package-lists/chroot//var/cache/apt/archives/partial/libpam-runtime_1.4.0-9+deb11u1_all.deb" [1]
2024-07-01 01:21:25 URL:http://deb.debian.org/debian/pool/main/p/pam/libpam0g_1.4.0-9+deb11u1_amd64.deb [129492/129492] -> "/root/livemake/config/package-lists/chroot//var/cache/apt/archives/partial/libpam0g_1.4.0-9+deb11u1_amd64.deb" [1]
2024-07-01 01:21:25 URL:http://deb.debian.org/debian/pool/main/p/pcre2/libpcre2-8-0_10.36-2+deb11u1_amd64.deb [247784/247784] -> "/root/livemake/config/package-lists/chroot//var/cache/apt/archives/partial/libpcre2-8-0_10.36-2+deb11u1_amd64.deb" [1]
2024-07-01 01:21:25 URL:http://deb.debian.org/debian/pool/main/p/pcre3/libpcre3_8.39-13_amd64.deb [342528/342528] -> "/root/livemake/config/package-lists/chroot//var/cache/apt/archives/partial/libpcre3_2%3a8.39-13_amd64.deb" [1]
2024-07-01 01:21:25 URL:http://deb.debian.org/debian/pool/main/p/popt/libpopt0_1.18-2_amd64.deb [49584/49584] -> "/root/livemake/config/package-lists/chroot//var/cache/apt/archives/partial/libpopt0_1.18-2_amd64.deb" [1]
2024-07-01 01:21:25 URL:http://deb.debian.org/debian/pool/main/p/procps/libprocps8_3.3.17-5_amd64.deb [63864/63864] -> "/root/livemake/config/package-lists/chroot//var/cache/apt/archives/partial/libprocps8_2%3a3.3.17-5_amd64.deb" [1]
2024-07-01 01:21:25 URL:http://deb.debian.org/debian/pool/main/r/readline/libreadline8_8.1-1_amd64.deb [168612/168612] -> "/root/livemake/config/package-lists/chroot//var/cache/apt/archives/partial/libreadline8_8.1-1_amd64.deb" [1]
2024-07-01 01:21:25 URL:http://deb.debian.org/debian/pool/main/libs/libseccomp/libseccomp2_2.5.1-1+deb11u1_amd64.deb [48512/48512] -> "/root/livemake/config/package-lists/chroot//var/cache/apt/archives/partial/libseccomp2_2.5.1-1+deb11u1_amd64.deb" [1]
2024-07-01 01:21:25 URL:http://deb.debian.org/debian/pool/main/libs/libselinux/libselinux1_3.1-3_amd64.deb [88124/88124] -> "/root/livemake/config/package-lists/chroot//var/cache/apt/archives/partial/libselinux1_3.1-3_amd64.deb" [1]
2024-07-01 01:21:25 URL:http://deb.debian.org/debian/pool/main/libs/libsemanage/libsemanage-common_3.1-1_all.deb [21308/21308] -> "/root/livemake/config/package-lists/chroot//var/cache/apt/archives/partial/libsemanage-common_3.1-1_all.deb" [1]
2024-07-01 01:21:25 URL:http://deb.debian.org/debian/pool/main/libs/libsemanage/libsemanage1_3.1-1+b2_amd64.deb [99332/99332] -> "/root/livemake/config/package-lists/chroot//var/cache/apt/archives/partial/libsemanage1_3.1-1+b2_amd64.deb" [1]
2024-07-01 01:21:25 URL:http://deb.debian.org/debian/pool/main/libs/libsepol/libsepol1_3.1-1_amd64.deb [264624/264624] -> "/root/livemake/config/package-lists/chroot//var/cache/apt/archives/partial/libsepol1_3.1-1_amd64.deb" [1]
2024-07-01 01:21:25 URL:http://deb.debian.org/debian/pool/main/s/slang2/libslang2_2.3.2-5_amd64.deb [508620/508620] -> "/root/livemake/config/package-lists/chroot//var/cache/apt/archives/partial/libslang2_2.3.2-5_amd64.deb" [1]
2024-07-01 01:21:26 URL:http://deb.debian.org/debian/pool/main/u/util-linux/libsmartcols1_2.36.1-8+deb11u2_amd64.deb [157692/157692] -> "/root/livemake/config/package-lists/chroot//var/cache/apt/archives/partial/libsmartcols1_2.36.1-8+deb11u2_amd64.deb" [1]
2024-07-01 01:21:26 URL:http://deb.debian.org/debian/pool/main/e/e2fsprogs/libss2_1.46.2-2_amd64.deb [78764/78764] -> "/root/livemake/config/package-lists/chroot//var/cache/apt/archives/partial/libss2_1.46.2-2_amd64.deb" [1]
2024-07-01 01:21:26 URL:http://deb.debian.org/debian/pool/main/o/openssl/libssl1.1_1.1.1w-0+deb11u1_amd64.deb [1565664/1565664] -> "/root/livemake/config/package-lists/chroot//var/cache/apt/archives/partial/libssl1.1_1.1.1w-0+deb11u1_amd64.deb" [1]
2024-07-01 01:21:26 URL:http://deb.debian.org/debian/pool/main/g/gcc-10/libstdc++6_10.2.1-6_amd64.deb [492540/492540] -> "/root/livemake/config/package-lists/chroot//var/cache/apt/archives/partial/libstdc++6_10.2.1-6_amd64.deb" [1]
2024-07-01 01:21:26 URL:http://deb.debian.org/debian/pool/main/s/systemd/libsystemd0_247.3-7+deb11u5_amd64.deb [376012/376012] -> "/root/livemake/config/package-lists/chroot//var/cache/apt/archives/partial/libsystemd0_247.3-7+deb11u5_amd64.deb" [1]
2024-07-01 01:21:26 URL:http://deb.debian.org/debian/pool/main/libt/libtasn1-6/libtasn1-6_4.16.0-2+deb11u1_amd64.deb [54908/54908] -> "/root/livemake/config/package-lists/chroot//var/cache/apt/archives/partial/libtasn1-6_4.16.0-2+deb11u1_amd64.deb" [1]
2024-07-01 01:21:26 URL:http://deb.debian.org/debian/pool/main/libt/libtext-charwidth-perl/libtext-charwidth-perl_0.04-10+b1_amd64.deb [10648/10648] -> "/root/livemake/config/package-lists/chroot//var/cache/apt/archives/partial/libtext-charwidth-perl_0.04-10+b1_amd64.deb" [1]
2024-07-01 01:21:26 URL:http://deb.debian.org/debian/pool/main/libt/libtext-iconv-perl/libtext-iconv-perl_1.7-7+b1_amd64.deb [16092/16092] -> "/root/livemake/config/package-lists/chroot//var/cache/apt/archives/partial/libtext-iconv-perl_1.7-7+b1_amd64.deb" [1]
2024-07-01 01:21:26 URL:http://deb.debian.org/debian/pool/main/libt/libtext-wrapi18n-perl/libtext-wrapi18n-perl_0.06-9_all.deb [8700/8700] -> "/root/livemake/config/package-lists/chroot//var/cache/apt/archives/partial/libtext-wrapi18n-perl_0.06-9_all.deb" [1]
2024-07-01 01:21:26 URL:http://deb.debian.org/debian/pool/main/n/ncurses/libtinfo6_6.2+20201114-2+deb11u2_amd64.deb [341728/341728] -> "/root/livemake/config/package-lists/chroot//var/cache/apt/archives/partial/libtinfo6_6.2+20201114-2+deb11u2_amd64.deb" [1]
2024-07-01 01:21:26 URL:http://deb.debian.org/debian/pool/main/libt/libtirpc/libtirpc-common_1.3.1-1+deb11u1_all.deb [13464/13464] -> "/root/livemake/config/package-lists/chroot//var/cache/apt/archives/partial/libtirpc-common_1.3.1-1+deb11u1_all.deb" [1]
2024-07-01 01:21:26 URL:http://deb.debian.org/debian/pool/main/libt/libtirpc/libtirpc3_1.3.1-1+deb11u1_amd64.deb [84072/84072] -> "/root/livemake/config/package-lists/chroot//var/cache/apt/archives/partial/libtirpc3_1.3.1-1+deb11u1_amd64.deb" [1]
2024-07-01 01:21:26 URL:http://deb.debian.org/debian/pool/main/s/systemd/libudev1_247.3-7+deb11u5_amd64.deb [168612/168612] -> "/root/livemake/config/package-lists/chroot//var/cache/apt/archives/partial/libudev1_247.3-7+deb11u5_amd64.deb" [1]
2024-07-01 01:21:27 URL:http://deb.debian.org/debian/pool/main/libu/libunistring/libunistring2_0.9.10-4_amd64.deb [379316/379316] -> "/root/livemake/config/package-lists/chroot//var/cache/apt/archives/partial/libunistring2_0.9.10-4_amd64.deb" [1]
2024-07-01 01:21:27 URL:http://deb.debian.org/debian/pool/main/u/util-linux/libuuid1_2.36.1-8+deb11u2_amd64.deb [83904/83904] -> "/root/livemake/config/package-lists/chroot//var/cache/apt/archives/partial/libuuid1_2.36.1-8+deb11u2_amd64.deb" [1]
2024-07-01 01:21:27 URL:http://deb.debian.org/debian/pool/main/i/iptables/libxtables12_1.8.7-1_amd64.deb [45052/45052] -> "/root/livemake/config/package-lists/chroot//var/cache/apt/archives/partial/libxtables12_1.8.7-1_amd64.deb" [1]
2024-07-01 01:21:27 URL:http://deb.debian.org/debian/pool/main/x/xxhash/libxxhash0_0.8.0-2_amd64.deb [26852/26852] -> "/root/livemake/config/package-lists/chroot//var/cache/apt/archives/partial/libxxhash0_0.8.0-2_amd64.deb" [1]
2024-07-01 01:21:27 URL:http://deb.debian.org/debian/pool/main/libz/libzstd/libzstd1_1.4.8+dfsg-2.1_amd64.deb [318644/318644] -> "/root/livemake/config/package-lists/chroot//var/cache/apt/archives/partial/libzstd1_1.4.8+dfsg-2.1_amd64.deb" [1]
2024-07-01 01:21:27 URL:http://deb.debian.org/debian/pool/main/s/shadow/login_4.8.1-1_amd64.deb [654876/654876] -> "/root/livemake/config/package-lists/chroot//var/cache/apt/archives/partial/login_1%3a4.8.1-1_amd64.deb" [1]
2024-07-01 01:21:27 URL:http://deb.debian.org/debian/pool/main/l/logrotate/logrotate_3.18.0-2+deb11u2_amd64.deb [72592/72592] -> "/root/livemake/config/package-lists/chroot//var/cache/apt/archives/partial/logrotate_3.18.0-2+deb11u2_amd64.deb" [1]
2024-07-01 01:21:27 URL:http://deb.debian.org/debian/pool/main/e/e2fsprogs/logsave_1.46.2-2_amd64.deb [74904/74904] -> "/root/livemake/config/package-lists/chroot//var/cache/apt/archives/partial/logsave_1.46.2-2_amd64.deb" [1]
2024-07-01 01:21:27 URL:http://deb.debian.org/debian/pool/main/l/lsb/lsb-base_11.1.0_all.deb [28700/28700] -> "/root/livemake/config/package-lists/chroot//var/cache/apt/archives/partial/lsb-base_11.1.0_all.deb" [1]
2024-07-01 01:21:27 URL:http://deb.debian.org/debian/pool/main/m/mawk/mawk_1.3.4.20200120-2_amd64.deb [112156/112156] -> "/root/livemake/config/package-lists/chroot//var/cache/apt/archives/partial/mawk_1.3.4.20200120-2_amd64.deb" [1]
2024-07-01 01:21:27 URL:http://deb.debian.org/debian/pool/main/u/util-linux/mount_2.36.1-8+deb11u2_amd64.deb [185820/185820] -> "/root/livemake/config/package-lists/chroot//var/cache/apt/archives/partial/mount_2.36.1-8+deb11u2_amd64.deb" [1]
2024-07-01 01:21:27 URL:http://deb.debian.org/debian/pool/main/n/nano/nano_5.4-2+deb11u3_amd64.deb [656828/656828] -> "/root/livemake/config/package-lists/chroot//var/cache/apt/archives/partial/nano_5.4-2+deb11u3_amd64.deb" [1]
2024-07-01 01:21:27 URL:http://deb.debian.org/debian/pool/main/n/ncurses/ncurses-base_6.2+20201114-2+deb11u2_all.deb [271888/271888] -> "/root/livemake/config/package-lists/chroot//var/cache/apt/archives/partial/ncurses-base_6.2+20201114-2+deb11u2_all.deb" [1]
2024-07-01 01:21:27 URL:http://deb.debian.org/debian/pool/main/n/ncurses/ncurses-bin_6.2+20201114-2+deb11u2_amd64.deb [428812/428812] -> "/root/livemake/config/package-lists/chroot//var/cache/apt/archives/partial/ncurses-bin_6.2+20201114-2+deb11u2_amd64.deb" [1]
2024-07-01 01:21:28 URL:http://deb.debian.org/debian/pool/main/n/netbase/netbase_6.3_all.deb [19924/19924] -> "/root/livemake/config/package-lists/chroot//var/cache/apt/archives/partial/netbase_6.3_all.deb" [1]
2024-07-01 01:21:28 URL:http://deb.debian.org/debian/pool/main/n/nftables/nftables_0.9.8-3.1+deb11u2_amd64.deb [68960/68960] -> "/root/livemake/config/package-lists/chroot//var/cache/apt/archives/partial/nftables_0.9.8-3.1+deb11u2_amd64.deb" [1]
2024-07-01 01:21:28 URL:http://deb.debian.org/debian/pool/main/s/shadow/passwd_4.8.1-1_amd64.deb [990140/990140] -> "/root/livemake/config/package-lists/chroot//var/cache/apt/archives/partial/passwd_1%3a4.8.1-1_amd64.deb" [1]
2024-07-01 01:21:28 URL:http://deb.debian.org/debian/pool/main/p/perl/perl-base_5.32.1-4+deb11u3_amd64.deb [1628460/1628460] -> "/root/livemake/config/package-lists/chroot//var/cache/apt/archives/partial/perl-base_5.32.1-4+deb11u3_amd64.deb" [1]
2024-07-01 01:21:28 URL:http://deb.debian.org/debian/pool/main/p/procps/procps_3.3.17-5_amd64.deb [501856/501856] -> "/root/livemake/config/package-lists/chroot//var/cache/apt/archives/partial/procps_2%3a3.3.17-5_amd64.deb" [1]
2024-07-01 01:21:28 URL:http://deb.debian.org/debian/pool/main/r/readline/readline-common_8.1-1_all.deb [73736/73736] -> "/root/livemake/config/package-lists/chroot//var/cache/apt/archives/partial/readline-common_8.1-1_all.deb" [1]
2024-07-01 01:21:28 URL:http://deb.debian.org/debian/pool/main/r/rsyslog/rsyslog_8.2102.0-2+deb11u1_amd64.deb [702816/702816] -> "/root/livemake/config/package-lists/chroot//var/cache/apt/archives/partial/rsyslog_8.2102.0-2+deb11u1_amd64.deb" [1]
2024-07-01 01:21:28 URL:http://deb.debian.org/debian/pool/main/s/sed/sed_4.7-1_amd64.deb [309632/309632] -> "/root/livemake/config/package-lists/chroot//var/cache/apt/archives/partial/sed_4.7-1_amd64.deb" [1]
2024-07-01 01:21:28 URL:http://deb.debian.org/debian/pool/main/s/sensible-utils/sensible-utils_0.0.14_all.deb [14804/14804] -> "/root/livemake/config/package-lists/chroot//var/cache/apt/archives/partial/sensible-utils_0.0.14_all.deb" [1]
2024-07-01 01:21:29 URL:http://deb.debian.org/debian/pool/main/s/systemd/systemd_247.3-7+deb11u5_amd64.deb [4501860/4501860] -> "/root/livemake/config/package-lists/chroot//var/cache/apt/archives/partial/systemd_247.3-7+deb11u5_amd64.deb" [1]
2024-07-01 01:21:29 URL:http://deb.debian.org/debian/pool/main/s/systemd/systemd-sysv_247.3-7+deb11u5_amd64.deb [113696/113696] -> "/root/livemake/config/package-lists/chroot//var/cache/apt/archives/partial/systemd-sysv_247.3-7+deb11u5_amd64.deb" [1]
2024-07-01 01:21:29 URL:http://deb.debian.org/debian/pool/main/s/sysvinit/sysvinit-utils_2.96-7+deb11u1_amd64.deb [25608/25608] -> "/root/livemake/config/package-lists/chroot//var/cache/apt/archives/partial/sysvinit-utils_2.96-7+deb11u1_amd64.deb" [1]
2024-07-01 01:21:29 URL:http://deb.debian.org/debian/pool/main/t/tar/tar_1.34+dfsg-1+deb11u1_amd64.deb [846996/846996] -> "/root/livemake/config/package-lists/chroot//var/cache/apt/archives/partial/tar_1.34+dfsg-1+deb11u1_amd64.deb" [1]
2024-07-01 01:21:29 URL:http://deb.debian.org/debian/pool/main/t/tasksel/tasksel_3.68+deb11u1_all.deb [100928/100928] -> "/root/livemake/config/package-lists/chroot//var/cache/apt/archives/partial/tasksel_3.68+deb11u1_all.deb" [1]
2024-07-01 01:21:29 URL:http://deb.debian.org/debian/pool/main/t/tasksel/tasksel-data_3.68+deb11u1_all.deb [18016/18016] -> "/root/livemake/config/package-lists/chroot//var/cache/apt/archives/partial/tasksel-data_3.68+deb11u1_all.deb" [1]
2024-07-01 01:21:29 URL:http://deb.debian.org/debian/pool/main/t/tzdata/tzdata_2024a-0+deb11u1_all.deb [303824/303824] -> "/root/livemake/config/package-lists/chroot//var/cache/apt/archives/partial/tzdata_2024a-0+deb11u1_all.deb" [1]
2024-07-01 01:21:30 URL:http://deb.debian.org/debian/pool/main/s/systemd/udev_247.3-7+deb11u5_amd64.deb [1463920/1463920] -> "/root/livemake/config/package-lists/chroot//var/cache/apt/archives/partial/udev_247.3-7+deb11u5_amd64.deb" [1]
2024-07-01 01:21:30 URL:http://deb.debian.org/debian/pool/main/u/util-linux/util-linux_2.36.1-8+deb11u2_amd64.deb [1142348/1142348] -> "/root/livemake/config/package-lists/chroot//var/cache/apt/archives/partial/util-linux_2.36.1-8+deb11u2_amd64.deb" [1]
2024-07-01 01:21:30 URL:http://deb.debian.org/debian/pool/main/v/vim/vim-common_8.2.2434-3+deb11u1_all.deb [226176/226176] -> "/root/livemake/config/package-lists/chroot//var/cache/apt/archives/partial/vim-common_2%3a8.2.2434-3+deb11u1_all.deb" [1]
2024-07-01 01:21:30 URL:http://deb.debian.org/debian/pool/main/v/vim/vim-tiny_8.2.2434-3+deb11u1_amd64.deb [744284/744284] -> "/root/livemake/config/package-lists/chroot//var/cache/apt/archives/partial/vim-tiny_2%3a8.2.2434-3+deb11u1_amd64.deb" [1]
2024-07-01 01:21:30 URL:http://deb.debian.org/debian/pool/main/n/newt/whiptail_0.52.21-4+b3_amd64.deb [39812/39812] -> "/root/livemake/config/package-lists/chroot//var/cache/apt/archives/partial/whiptail_0.52.21-4+b3_amd64.deb" [1]
2024-07-01 01:21:30 URL:http://deb.debian.org/debian/pool/main/v/vim/xxd_8.2.2434-3+deb11u1_amd64.deb [192012/192012] -> "/root/livemake/config/package-lists/chroot//var/cache/apt/archives/partial/xxd_2%3a8.2.2434-3+deb11u1_amd64.deb" [1]
2024-07-01 01:21:30 URL:http://deb.debian.org/debian/pool/main/z/zlib/zlib1g_1.2.11.dfsg-2+deb11u2_amd64.deb [91420/91420] -> "/root/livemake/config/package-lists/chroot//var/cache/apt/archives/partial/zlib1g_1%3a1.2.11.dfsg-2+deb11u2_amd64.deb" [1]
amd64: ok
gpgv: Signature made Sat Jun 29 19:27:34 2024 JST
gpgv:                using RSA key A7236886F3CCCAAD148A27F80E98404D386FA1D9
gpgv: Good signature from "Debian Archive Automatic Signing Key (11/bullseye) <ftpmaster@debian.org>"
gpgv: Signature made Sat Jun 29 19:27:34 2024 JST
gpgv:                using RSA key 4CB50190207B4758A3F73A796ED0E7B82643E131
gpgv: Good signature from "Debian Archive Automatic Signing Key (12/bookworm) <ftpmaster@debian.org>"
gpgv: Signature made Sat Jun 29 19:31:04 2024 JST
gpgv:                using RSA key A4285295FC7B1A81600062A9605C66F00D6C9793
gpgv: Good signature from "Debian Stable Release Key (11/bullseye) <debian-release@lists.debian.org>"
dpkg: warning: parsing file '/var/lib/dpkg/status' near line 5 package 'dpkg':
 missing 'Description' field
dpkg: warning: parsing file '/var/lib/dpkg/status' near line 5 package 'dpkg':
 missing 'Architecture' field
Selecting previously unselected package base-passwd.
(Reading database ... 0 files and directories currently installed.)
Preparing to unpack .../base-passwd_3.5.51_amd64.deb ...
Unpacking base-passwd (3.5.51) ...
dpkg: base-passwd: dependency problems, but configuring anyway as you requested:
 base-passwd depends on libc6 (>= 2.8); however:
  Package libc6 is not installed.
 base-passwd depends on libdebconfclient0 (>= 0.145); however:
  Package libdebconfclient0 is not installed.

Setting up base-passwd (3.5.51) ...
dpkg: warning: parsing file '/var/lib/dpkg/status' near line 24 package 'dpkg':
 missing 'Description' field
dpkg: warning: parsing file '/var/lib/dpkg/status' near line 24 package 'dpkg':
 missing 'Architecture' field
Selecting previously unselected package base-files.
dpkg: regarding .../base-files_11.1+deb11u10_amd64.deb containing base-files, pre-dependency problem:
 base-files pre-depends on awk
  awk is not installed.

dpkg: warning: ignoring pre-dependency problem!
(Reading database ... 41 files and directories currently installed.)
Preparing to unpack .../base-files_11.1+deb11u10_amd64.deb ...
Unpacking base-files (11.1+deb11u10) ...
dpkg: base-files: dependency problems, but configuring anyway as you requested:
 base-files depends on awk; however:
  Package awk is not installed.

Setting up base-files (11.1+deb11u10) ...
dpkg: warning: parsing file '/var/lib/dpkg/status' near line 51 package 'dpkg':
 missing 'Description' field
dpkg: warning: parsing file '/var/lib/dpkg/status' near line 51 package 'dpkg':
 missing 'Architecture' field
dpkg: regarding .../dpkg_1.20.13_amd64.deb containing dpkg, pre-dependency problem:
 dpkg pre-depends on libbz2-1.0
  libbz2-1.0 is not installed.

dpkg: warning: ignoring pre-dependency problem!
dpkg: regarding .../dpkg_1.20.13_amd64.deb containing dpkg, pre-dependency problem:
 dpkg pre-depends on libc6 (>= 2.15)
  libc6 is not installed.

dpkg: warning: ignoring pre-dependency problem!
dpkg: regarding .../dpkg_1.20.13_amd64.deb containing dpkg, pre-dependency problem:
 dpkg pre-depends on liblzma5 (>= 5.2.2)
  liblzma5 is not installed.

dpkg: warning: ignoring pre-dependency problem!
dpkg: regarding .../dpkg_1.20.13_amd64.deb containing dpkg, pre-dependency problem:
 dpkg pre-depends on libselinux1 (>= 3.1~)
  libselinux1 is not installed.

dpkg: warning: ignoring pre-dependency problem!
dpkg: regarding .../dpkg_1.20.13_amd64.deb containing dpkg, pre-dependency problem:
 dpkg pre-depends on zlib1g (>= 1:1.1.4)
  zlib1g is not installed.

dpkg: warning: ignoring pre-dependency problem!
(Reading database ... 121 files and directories currently installed.)
Preparing to unpack .../dpkg_1.20.13_amd64.deb ...
Unpacking dpkg (1.20.13) over (1.20.13) ...
dpkg: dpkg: dependency problems, but configuring anyway as you requested:
 dpkg depends on libbz2-1.0; however:
  Package libbz2-1.0 is not installed.
 dpkg depends on libc6 (>= 2.15); however:
  Package libc6 is not installed.
 dpkg depends on liblzma5 (>= 5.2.2); however:
  Package liblzma5 is not installed.
 dpkg depends on libselinux1 (>= 3.1~); however:
  Package libselinux1 is not installed.
 dpkg depends on zlib1g (>= 1:1.1.4); however:
  Package zlib1g is not installed.
 dpkg depends on tar (>= 1.28-1); however:
  Package tar is not installed.

Setting up dpkg (1.20.13) ...
Selecting previously unselected package libc6:amd64.
(Reading database ... 413 files and directories currently installed.)
Preparing to unpack .../libc6_2.31-13+deb11u10_amd64.deb ...
Unpacking libc6:amd64 (2.31-13+deb11u10) ...
dpkg: libc6:amd64: dependency problems, but configuring anyway as you requested:
 libc6:amd64 depends on libgcc-s1; however:
  Package libgcc-s1 is not installed.
 libc6:amd64 depends on libcrypt1; however:
  Package libcrypt1 is not installed.

Setting up libc6:amd64 (2.31-13+deb11u10) ...
Selecting previously unselected package perl-base.
dpkg: regarding .../perl-base_5.32.1-4+deb11u3_amd64.deb containing perl-base, pre-dependency problem:
 perl-base pre-depends on libcrypt1 (>= 1:4.1.0)
  libcrypt1 is not installed.

dpkg: warning: ignoring pre-dependency problem!
(Reading database ... 723 files and directories currently installed.)
Preparing to unpack .../perl-base_5.32.1-4+deb11u3_amd64.deb ...
Unpacking perl-base (5.32.1-4+deb11u3) ...
dpkg: perl-base: dependency problems, but configuring anyway as you requested:
 perl-base depends on libcrypt1 (>= 1:4.1.0); however:
  Package libcrypt1 is not installed.

Setting up perl-base (5.32.1-4+deb11u3) ...
Selecting previously unselected package mawk.
(Reading database ... 1448 files and directories currently installed.)
Preparing to unpack .../mawk_1.3.4.20200120-2_amd64.deb ...
Unpacking mawk (1.3.4.20200120-2) ...
Setting up mawk (1.3.4.20200120-2) ...
Selecting previously unselected package debconf.
(Reading database ... 1467 files and directories currently installed.)
Preparing to unpack .../debconf_1.5.77_all.deb ...
Unpacking debconf (1.5.77) ...
Setting up debconf (1.5.77) ...
Selecting previously unselected package adduser.
(Reading database ... 1628 files and directories currently installed.)
Preparing to unpack .../adduser_3.118+deb11u1_all.deb ...
Unpacking adduser (3.118+deb11u1) ...
Selecting previously unselected package apt.
Preparing to unpack .../archives/apt_2.2.4_amd64.deb ...
Unpacking apt (2.2.4) ...
Preparing to unpack .../base-files_11.1+deb11u10_amd64.deb ...
Unpacking base-files (11.1+deb11u10) over (11.1+deb11u10) ...
Preparing to unpack .../base-passwd_3.5.51_amd64.deb ...
Unpacking base-passwd (3.5.51) over (3.5.51) ...
Selecting previously unselected package bash.
dpkg: regarding .../bash_5.1-2+deb11u1_amd64.deb containing bash, pre-dependency problem:
 bash pre-depends on libtinfo6 (>= 6)
  libtinfo6 is not installed.

dpkg: warning: ignoring pre-dependency problem!
Preparing to unpack .../bash_5.1-2+deb11u1_amd64.deb ...
Unpacking bash (5.1-2+deb11u1) ...
Selecting previously unselected package bsdutils.
dpkg: regarding .../bsdutils_1%3a2.36.1-8+deb11u2_amd64.deb containing bsdutils, pre-dependency problem:
 bsdutils pre-depends on libsystemd0
  libsystemd0 is not installed.

dpkg: warning: ignoring pre-dependency problem!
Preparing to unpack .../bsdutils_1%3a2.36.1-8+deb11u2_amd64.deb ...
Unpacking bsdutils (1:2.36.1-8+deb11u2) ...
Selecting previously unselected package coreutils.
dpkg: regarding .../coreutils_8.32-4+b1_amd64.deb containing coreutils, pre-dependency problem:
 coreutils pre-depends on libacl1 (>= 2.2.23)
  libacl1 is not installed.

dpkg: warning: ignoring pre-dependency problem!
dpkg: regarding .../coreutils_8.32-4+b1_amd64.deb containing coreutils, pre-dependency problem:
 coreutils pre-depends on libattr1 (>= 1:2.4.44)
  libattr1 is not installed.

dpkg: warning: ignoring pre-dependency problem!
dpkg: regarding .../coreutils_8.32-4+b1_amd64.deb containing coreutils, pre-dependency problem:
 coreutils pre-depends on libgmp10
  libgmp10 is not installed.

dpkg: warning: ignoring pre-dependency problem!
dpkg: regarding .../coreutils_8.32-4+b1_amd64.deb containing coreutils, pre-dependency problem:
 coreutils pre-depends on libselinux1 (>= 3.1~)
  libselinux1 is not installed.

dpkg: warning: ignoring pre-dependency problem!
Preparing to unpack .../coreutils_8.32-4+b1_amd64.deb ...
Unpacking coreutils (8.32-4+b1) ...
Selecting previously unselected package dash.
Preparing to unpack .../dash_0.5.11+git20200708+dd9ef66-5_amd64.deb ...
Unpacking dash (0.5.11+git20200708+dd9ef66-5) ...
Preparing to unpack .../debconf_1.5.77_all.deb ...
Unpacking debconf (1.5.77) over (1.5.77) ...
Selecting previously unselected package debian-archive-keyring.
Preparing to unpack .../debian-archive-keyring_2021.1.1+deb11u1_all.deb ...
Unpacking debian-archive-keyring (2021.1.1+deb11u1) ...
Selecting previously unselected package debianutils.
Preparing to unpack .../debianutils_4.11.2_amd64.deb ...
Unpacking debianutils (4.11.2) ...
Selecting previously unselected package diffutils.
Preparing to unpack .../diffutils_1%3a3.7-5_amd64.deb ...
Unpacking diffutils (1:3.7-5) ...
dpkg: regarding .../dpkg_1.20.13_amd64.deb containing dpkg, pre-dependency problem:
 dpkg pre-depends on libbz2-1.0
  libbz2-1.0 is not installed.

dpkg: warning: ignoring pre-dependency problem!
dpkg: regarding .../dpkg_1.20.13_amd64.deb containing dpkg, pre-dependency problem:
 dpkg pre-depends on liblzma5 (>= 5.2.2)
  liblzma5 is not installed.

dpkg: warning: ignoring pre-dependency problem!
dpkg: regarding .../dpkg_1.20.13_amd64.deb containing dpkg, pre-dependency problem:
 dpkg pre-depends on libselinux1 (>= 3.1~)
  libselinux1 is not installed.

dpkg: warning: ignoring pre-dependency problem!
dpkg: regarding .../dpkg_1.20.13_amd64.deb containing dpkg, pre-dependency problem:
 dpkg pre-depends on zlib1g (>= 1:1.1.4)
  zlib1g is not installed.

dpkg: warning: ignoring pre-dependency problem!
Preparing to unpack .../dpkg_1.20.13_amd64.deb ...
Unpacking dpkg (1.20.13) over (1.20.13) ...
Selecting previously unselected package e2fsprogs.
dpkg: regarding .../e2fsprogs_1.46.2-2_amd64.deb containing e2fsprogs, pre-dependency problem:
 e2fsprogs pre-depends on libblkid1 (>= 2.36)
  libblkid1 is not installed.

dpkg: warning: ignoring pre-dependency problem!
dpkg: regarding .../e2fsprogs_1.46.2-2_amd64.deb containing e2fsprogs, pre-dependency problem:
 e2fsprogs pre-depends on libcom-err2 (>= 1.43.9)
  libcom-err2 is not installed.

dpkg: warning: ignoring pre-dependency problem!
dpkg: regarding .../e2fsprogs_1.46.2-2_amd64.deb containing e2fsprogs, pre-dependency problem:
 e2fsprogs pre-depends on libext2fs2 (= 1.46.2-2)
  libext2fs2 is not installed.

dpkg: warning: ignoring pre-dependency problem!
dpkg: regarding .../e2fsprogs_1.46.2-2_amd64.deb containing e2fsprogs, pre-dependency problem:
 e2fsprogs pre-depends on libss2 (>= 1.38)
  libss2 is not installed.

dpkg: warning: ignoring pre-dependency problem!
dpkg: regarding .../e2fsprogs_1.46.2-2_amd64.deb containing e2fsprogs, pre-dependency problem:
 e2fsprogs pre-depends on libuuid1 (>= 2.16)
  libuuid1 is not installed.

dpkg: warning: ignoring pre-dependency problem!
Preparing to unpack .../e2fsprogs_1.46.2-2_amd64.deb ...
Unpacking e2fsprogs (1.46.2-2) ...
Selecting previously unselected package findutils.
dpkg: regarding .../findutils_4.8.0-1_amd64.deb containing findutils, pre-dependency problem:
 findutils pre-depends on libselinux1 (>= 3.1~)
  libselinux1 is not installed.

dpkg: warning: ignoring pre-dependency problem!
Preparing to unpack .../findutils_4.8.0-1_amd64.deb ...
Unpacking findutils (4.8.0-1) ...
Selecting previously unselected package gcc-10-base:amd64.
Preparing to unpack .../gcc-10-base_10.2.1-6_amd64.deb ...
Unpacking gcc-10-base:amd64 (10.2.1-6) ...
Selecting previously unselected package gcc-9-base:amd64.
Preparing to unpack .../gcc-9-base_9.3.0-22_amd64.deb ...
Unpacking gcc-9-base:amd64 (9.3.0-22) ...
Selecting previously unselected package gpgv.
Preparing to unpack .../gpgv_2.2.27-2+deb11u2_amd64.deb ...
Unpacking gpgv (2.2.27-2+deb11u2) ...
Selecting previously unselected package grep.
dpkg: regarding .../grep_3.6-1+deb11u1_amd64.deb containing grep, pre-dependency problem:
 grep pre-depends on libpcre3
  libpcre3 is not installed.

dpkg: warning: ignoring pre-dependency problem!
Preparing to unpack .../grep_3.6-1+deb11u1_amd64.deb ...
Unpacking grep (3.6-1+deb11u1) ...
Selecting previously unselected package gzip.
Preparing to unpack .../gzip_1.10-4+deb11u1_amd64.deb ...
Unpacking gzip (1.10-4+deb11u1) ...
Selecting previously unselected package hostname.
Preparing to unpack .../hostname_3.23_amd64.deb ...
Unpacking hostname (3.23) ...
Selecting previously unselected package init-system-helpers.
Preparing to unpack .../init-system-helpers_1.60_all.deb ...
Unpacking init-system-helpers (1.60) ...
Selecting previously unselected package libacl1:amd64.
Preparing to unpack .../libacl1_2.2.53-10_amd64.deb ...
Unpacking libacl1:amd64 (2.2.53-10) ...
Selecting previously unselected package libapt-pkg6.0:amd64.
Preparing to unpack .../libapt-pkg6.0_2.2.4_amd64.deb ...
Unpacking libapt-pkg6.0:amd64 (2.2.4) ...
Selecting previously unselected package libattr1:amd64.
Preparing to unpack .../libattr1_1%3a2.4.48-6_amd64.deb ...
Unpacking libattr1:amd64 (1:2.4.48-6) ...
Selecting previously unselected package libaudit-common.
Preparing to unpack .../libaudit-common_1%3a3.0-2_all.deb ...
Unpacking libaudit-common (1:3.0-2) ...
Selecting previously unselected package libaudit1:amd64.
Preparing to unpack .../libaudit1_1%3a3.0-2_amd64.deb ...
Unpacking libaudit1:amd64 (1:3.0-2) ...
Selecting previously unselected package libblkid1:amd64.
Preparing to unpack .../libblkid1_2.36.1-8+deb11u2_amd64.deb ...
Unpacking libblkid1:amd64 (2.36.1-8+deb11u2) ...
Selecting previously unselected package libbz2-1.0:amd64.
Preparing to unpack .../libbz2-1.0_1.0.8-4_amd64.deb ...
Unpacking libbz2-1.0:amd64 (1.0.8-4) ...
Selecting previously unselected package libc-bin.
Preparing to unpack .../libc-bin_2.31-13+deb11u10_amd64.deb ...
Unpacking libc-bin (2.31-13+deb11u10) ...
Preparing to unpack .../libc6_2.31-13+deb11u10_amd64.deb ...
Unpacking libc6:amd64 (2.31-13+deb11u10) over (2.31-13+deb11u10) ...
Selecting previously unselected package libcap-ng0:amd64.
Preparing to unpack .../libcap-ng0_0.7.9-2.2+b1_amd64.deb ...
Unpacking libcap-ng0:amd64 (0.7.9-2.2+b1) ...
Selecting previously unselected package libcom-err2:amd64.
Preparing to unpack .../libcom-err2_1.46.2-2_amd64.deb ...
Unpacking libcom-err2:amd64 (1.46.2-2) ...
Selecting previously unselected package libcrypt1:amd64.
Preparing to unpack .../libcrypt1_1%3a4.4.18-4_amd64.deb ...
Unpacking libcrypt1:amd64 (1:4.4.18-4) ...
Selecting previously unselected package libdb5.3:amd64.
Preparing to unpack .../libdb5.3_5.3.28+dfsg1-0.8_amd64.deb ...
Unpacking libdb5.3:amd64 (5.3.28+dfsg1-0.8) ...
Selecting previously unselected package libdebconfclient0:amd64.
Preparing to unpack .../libdebconfclient0_0.260_amd64.deb ...
Unpacking libdebconfclient0:amd64 (0.260) ...
Selecting previously unselected package libext2fs2:amd64.
Preparing to unpack .../libext2fs2_1.46.2-2_amd64.deb ...
Unpacking libext2fs2:amd64 (1.46.2-2) ...
Selecting previously unselected package libffi7:amd64.
Preparing to unpack .../libffi7_3.3-6_amd64.deb ...
Unpacking libffi7:amd64 (3.3-6) ...
Selecting previously unselected package libgcc-s1:amd64.
Preparing to unpack .../libgcc-s1_10.2.1-6_amd64.deb ...
Unpacking libgcc-s1:amd64 (10.2.1-6) ...
Selecting previously unselected package libgcrypt20:amd64.
Preparing to unpack .../libgcrypt20_1.8.7-6_amd64.deb ...
Unpacking libgcrypt20:amd64 (1.8.7-6) ...
Selecting previously unselected package libgmp10:amd64.
Preparing to unpack .../libgmp10_2%3a6.2.1+dfsg-1+deb11u1_amd64.deb ...
Unpacking libgmp10:amd64 (2:6.2.1+dfsg-1+deb11u1) ...
Selecting previously unselected package libgnutls30:amd64.
Preparing to unpack .../libgnutls30_3.7.1-5+deb11u5_amd64.deb ...
Unpacking libgnutls30:amd64 (3.7.1-5+deb11u5) ...
Selecting previously unselected package libgpg-error0:amd64.
Preparing to unpack .../libgpg-error0_1.38-2_amd64.deb ...
Unpacking libgpg-error0:amd64 (1.38-2) ...
Selecting previously unselected package libgssapi-krb5-2:amd64.
Preparing to unpack .../libgssapi-krb5-2_1.18.3-6+deb11u4_amd64.deb ...
Unpacking libgssapi-krb5-2:amd64 (1.18.3-6+deb11u4) ...
Selecting previously unselected package libhogweed6:amd64.
Preparing to unpack .../libhogweed6_3.7.3-1_amd64.deb ...
Unpacking libhogweed6:amd64 (3.7.3-1) ...
Selecting previously unselected package libidn2-0:amd64.
Preparing to unpack .../libidn2-0_2.3.0-5_amd64.deb ...
Unpacking libidn2-0:amd64 (2.3.0-5) ...
Selecting previously unselected package libk5crypto3:amd64.
Preparing to unpack .../libk5crypto3_1.18.3-6+deb11u4_amd64.deb ...
Unpacking libk5crypto3:amd64 (1.18.3-6+deb11u4) ...
Selecting previously unselected package libkeyutils1:amd64.
Preparing to unpack .../libkeyutils1_1.6.1-2_amd64.deb ...
Unpacking libkeyutils1:amd64 (1.6.1-2) ...
Selecting previously unselected package libkrb5-3:amd64.
Preparing to unpack .../libkrb5-3_1.18.3-6+deb11u4_amd64.deb ...
Unpacking libkrb5-3:amd64 (1.18.3-6+deb11u4) ...
Selecting previously unselected package libkrb5support0:amd64.
Preparing to unpack .../libkrb5support0_1.18.3-6+deb11u4_amd64.deb ...
Unpacking libkrb5support0:amd64 (1.18.3-6+deb11u4) ...
Selecting previously unselected package liblz4-1:amd64.
Preparing to unpack .../liblz4-1_1.9.3-2_amd64.deb ...
Unpacking liblz4-1:amd64 (1.9.3-2) ...
Selecting previously unselected package liblzma5:amd64.
Preparing to unpack .../liblzma5_5.2.5-2.1~deb11u1_amd64.deb ...
Unpacking liblzma5:amd64 (5.2.5-2.1~deb11u1) ...
Selecting previously unselected package libmount1:amd64.
Preparing to unpack .../libmount1_2.36.1-8+deb11u2_amd64.deb ...
Unpacking libmount1:amd64 (2.36.1-8+deb11u2) ...
Selecting previously unselected package libnettle8:amd64.
Preparing to unpack .../libnettle8_3.7.3-1_amd64.deb ...
Unpacking libnettle8:amd64 (3.7.3-1) ...
Selecting previously unselected package libnsl2:amd64.
Preparing to unpack .../libnsl2_1.3.0-2_amd64.deb ...
Unpacking libnsl2:amd64 (1.3.0-2) ...
Selecting previously unselected package libp11-kit0:amd64.
Preparing to unpack .../libp11-kit0_0.23.22-1_amd64.deb ...
Unpacking libp11-kit0:amd64 (0.23.22-1) ...
Selecting previously unselected package libpam-modules:amd64.
dpkg: regarding .../libpam-modules_1.4.0-9+deb11u1_amd64.deb containing libpam-modules:amd64, pre-dependency problem:
 libpam-modules pre-depends on libaudit1 (>= 1:2.2.1)
  libaudit1:amd64 is unpacked, but has never been configured.

dpkg: warning: ignoring pre-dependency problem!
dpkg: regarding .../libpam-modules_1.4.0-9+deb11u1_amd64.deb containing libpam-modules:amd64, pre-dependency problem:
 libpam-modules pre-depends on libcrypt1 (>= 1:4.3.0)
  libcrypt1:amd64 is unpacked, but has never been configured.

dpkg: warning: ignoring pre-dependency problem!
dpkg: regarding .../libpam-modules_1.4.0-9+deb11u1_amd64.deb containing libpam-modules:amd64, pre-dependency problem:
 libpam-modules pre-depends on libdb5.3
  libdb5.3:amd64 is unpacked, but has never been configured.

dpkg: warning: ignoring pre-dependency problem!
dpkg: regarding .../libpam-modules_1.4.0-9+deb11u1_amd64.deb containing libpam-modules:amd64, pre-dependency problem:
 libpam-modules pre-depends on libnsl2 (>= 1.0)
  libnsl2:amd64 is unpacked, but has never been configured.

dpkg: warning: ignoring pre-dependency problem!
dpkg: regarding .../libpam-modules_1.4.0-9+deb11u1_amd64.deb containing libpam-modules:amd64, pre-dependency problem:
 libpam-modules pre-depends on libpam0g (>= 1.3.2)
  libpam0g is not installed.

dpkg: warning: ignoring pre-dependency problem!
dpkg: regarding .../libpam-modules_1.4.0-9+deb11u1_amd64.deb containing libpam-modules:amd64, pre-dependency problem:
 libpam-modules pre-depends on libselinux1 (>= 3.1~)
  libselinux1 is not installed.

dpkg: warning: ignoring pre-dependency problem!
dpkg: regarding .../libpam-modules_1.4.0-9+deb11u1_amd64.deb containing libpam-modules:amd64, pre-dependency problem:
 libpam-modules pre-depends on libtirpc3 (>= 1.0.2)
  libtirpc3 is not installed.

dpkg: warning: ignoring pre-dependency problem!
dpkg: regarding .../libpam-modules_1.4.0-9+deb11u1_amd64.deb containing libpam-modules:amd64, pre-dependency problem:
 libpam-modules pre-depends on libpam-modules-bin (= 1.4.0-9+deb11u1)
  libpam-modules-bin is not installed.

dpkg: warning: ignoring pre-dependency problem!
Preparing to unpack .../libpam-modules_1.4.0-9+deb11u1_amd64.deb ...
Unpacking libpam-modules:amd64 (1.4.0-9+deb11u1) ...
Selecting previously unselected package libpam-modules-bin.
Preparing to unpack .../libpam-modules-bin_1.4.0-9+deb11u1_amd64.deb ...
Unpacking libpam-modules-bin (1.4.0-9+deb11u1) ...
Selecting previously unselected package libpam-runtime.
Preparing to unpack .../libpam-runtime_1.4.0-9+deb11u1_all.deb ...
Unpacking libpam-runtime (1.4.0-9+deb11u1) ...
Selecting previously unselected package libpam0g:amd64.
Preparing to unpack .../libpam0g_1.4.0-9+deb11u1_amd64.deb ...
Unpacking libpam0g:amd64 (1.4.0-9+deb11u1) ...
Selecting previously unselected package libpcre2-8-0:amd64.
Preparing to unpack .../libpcre2-8-0_10.36-2+deb11u1_amd64.deb ...
Unpacking libpcre2-8-0:amd64 (10.36-2+deb11u1) ...
Selecting previously unselected package libpcre3:amd64.
Preparing to unpack .../libpcre3_2%3a8.39-13_amd64.deb ...
Unpacking libpcre3:amd64 (2:8.39-13) ...
Selecting previously unselected package libseccomp2:amd64.
Preparing to unpack .../libseccomp2_2.5.1-1+deb11u1_amd64.deb ...
Unpacking libseccomp2:amd64 (2.5.1-1+deb11u1) ...
Selecting previously unselected package libselinux1:amd64.
Preparing to unpack .../libselinux1_3.1-3_amd64.deb ...
Unpacking libselinux1:amd64 (3.1-3) ...
Selecting previously unselected package libsemanage-common.
Preparing to unpack .../libsemanage-common_3.1-1_all.deb ...
Unpacking libsemanage-common (3.1-1) ...
Selecting previously unselected package libsemanage1:amd64.
Preparing to unpack .../libsemanage1_3.1-1+b2_amd64.deb ...
Unpacking libsemanage1:amd64 (3.1-1+b2) ...
Selecting previously unselected package libsepol1:amd64.
Preparing to unpack .../libsepol1_3.1-1_amd64.deb ...
Unpacking libsepol1:amd64 (3.1-1) ...
Selecting previously unselected package libsmartcols1:amd64.
Preparing to unpack .../libsmartcols1_2.36.1-8+deb11u2_amd64.deb ...
Unpacking libsmartcols1:amd64 (2.36.1-8+deb11u2) ...
Selecting previously unselected package libss2:amd64.
Preparing to unpack .../libss2_1.46.2-2_amd64.deb ...
Unpacking libss2:amd64 (1.46.2-2) ...
Selecting previously unselected package libssl1.1:amd64.
Preparing to unpack .../libssl1.1_1.1.1w-0+deb11u1_amd64.deb ...
Unpacking libssl1.1:amd64 (1.1.1w-0+deb11u1) ...
Selecting previously unselected package libstdc++6:amd64.
Preparing to unpack .../libstdc++6_10.2.1-6_amd64.deb ...
Unpacking libstdc++6:amd64 (10.2.1-6) ...
Selecting previously unselected package libsystemd0:amd64.
dpkg: regarding .../libsystemd0_247.3-7+deb11u5_amd64.deb containing libsystemd0:amd64, pre-dependency problem:
 libsystemd0 pre-depends on libgcrypt20 (>= 1.8.0)
  libgcrypt20:amd64 is unpacked, but has never been configured.

dpkg: warning: ignoring pre-dependency problem!
dpkg: regarding .../libsystemd0_247.3-7+deb11u5_amd64.deb containing libsystemd0:amd64, pre-dependency problem:
 libsystemd0 pre-depends on liblz4-1 (>= 0.0~r122)
  liblz4-1:amd64 is unpacked, but has never been configured.

dpkg: warning: ignoring pre-dependency problem!
dpkg: regarding .../libsystemd0_247.3-7+deb11u5_amd64.deb containing libsystemd0:amd64, pre-dependency problem:
 libsystemd0 pre-depends on liblzma5 (>= 5.1.1alpha+20120614)
  liblzma5:amd64 is unpacked, but has never been configured.

dpkg: warning: ignoring pre-dependency problem!
dpkg: regarding .../libsystemd0_247.3-7+deb11u5_amd64.deb containing libsystemd0:amd64, pre-dependency problem:
 libsystemd0 pre-depends on libzstd1 (>= 1.4.0)
  libzstd1 is not installed.

dpkg: warning: ignoring pre-dependency problem!
Preparing to unpack .../libsystemd0_247.3-7+deb11u5_amd64.deb ...
Unpacking libsystemd0:amd64 (247.3-7+deb11u5) ...
Selecting previously unselected package libtasn1-6:amd64.
Preparing to unpack .../libtasn1-6_4.16.0-2+deb11u1_amd64.deb ...
Unpacking libtasn1-6:amd64 (4.16.0-2+deb11u1) ...
Selecting previously unselected package libtinfo6:amd64.
Preparing to unpack .../libtinfo6_6.2+20201114-2+deb11u2_amd64.deb ...
Unpacking libtinfo6:amd64 (6.2+20201114-2+deb11u2) ...
Selecting previously unselected package libtirpc-common.
Preparing to unpack .../libtirpc-common_1.3.1-1+deb11u1_all.deb ...
Unpacking libtirpc-common (1.3.1-1+deb11u1) ...
Selecting previously unselected package libtirpc3:amd64.
Preparing to unpack .../libtirpc3_1.3.1-1+deb11u1_amd64.deb ...
Unpacking libtirpc3:amd64 (1.3.1-1+deb11u1) ...
Selecting previously unselected package libudev1:amd64.
Preparing to unpack .../libudev1_247.3-7+deb11u5_amd64.deb ...
Unpacking libudev1:amd64 (247.3-7+deb11u5) ...
Selecting previously unselected package libunistring2:amd64.
Preparing to unpack .../libunistring2_0.9.10-4_amd64.deb ...
Unpacking libunistring2:amd64 (0.9.10-4) ...
Selecting previously unselected package libuuid1:amd64.
Preparing to unpack .../libuuid1_2.36.1-8+deb11u2_amd64.deb ...
Unpacking libuuid1:amd64 (2.36.1-8+deb11u2) ...
Selecting previously unselected package libxxhash0:amd64.
Preparing to unpack .../libxxhash0_0.8.0-2_amd64.deb ...
Unpacking libxxhash0:amd64 (0.8.0-2) ...
Selecting previously unselected package libzstd1:amd64.
Preparing to unpack .../libzstd1_1.4.8+dfsg-2.1_amd64.deb ...
Unpacking libzstd1:amd64 (1.4.8+dfsg-2.1) ...
Selecting previously unselected package login.
dpkg: regarding .../login_1%3a4.8.1-1_amd64.deb containing login, pre-dependency problem:
 login pre-depends on libaudit1 (>= 1:2.2.1)
  libaudit1:amd64 is unpacked, but has never been configured.

dpkg: warning: ignoring pre-dependency problem!
dpkg: regarding .../login_1%3a4.8.1-1_amd64.deb containing login, pre-dependency problem:
 login pre-depends on libcrypt1 (>= 1:4.1.0)
  libcrypt1:amd64 is unpacked, but has never been configured.

dpkg: warning: ignoring pre-dependency problem!
dpkg: regarding .../login_1%3a4.8.1-1_amd64.deb containing login, pre-dependency problem:
 login pre-depends on libpam0g (>= 0.99.7.1)
  libpam0g:amd64 is unpacked, but has never been configured.

dpkg: warning: ignoring pre-dependency problem!
dpkg: regarding .../login_1%3a4.8.1-1_amd64.deb containing login, pre-dependency problem:
 login pre-depends on libpam-runtime
  libpam-runtime is unpacked, but has never been configured.

dpkg: warning: ignoring pre-dependency problem!
dpkg: regarding .../login_1%3a4.8.1-1_amd64.deb containing login, pre-dependency problem:
 login pre-depends on libpam-modules (>= 1.1.8-1)
  libpam-modules:amd64 is unpacked, but has never been configured.

dpkg: warning: ignoring pre-dependency problem!
Preparing to unpack .../login_1%3a4.8.1-1_amd64.deb ...
Unpacking login (1:4.8.1-1) ...
Selecting previously unselected package logsave.
Preparing to unpack .../logsave_1.46.2-2_amd64.deb ...
Unpacking logsave (1.46.2-2) ...
Selecting previously unselected package lsb-base.
Preparing to unpack .../lsb-base_11.1.0_all.deb ...
Unpacking lsb-base (11.1.0) ...
Preparing to unpack .../mawk_1.3.4.20200120-2_amd64.deb ...
Unpacking mawk (1.3.4.20200120-2) over (1.3.4.20200120-2) ...
Selecting previously unselected package mount.
dpkg: regarding .../mount_2.36.1-8+deb11u2_amd64.deb containing mount, pre-dependency problem:
 mount pre-depends on libblkid1 (>= 2.17.2)
  libblkid1:amd64 is unpacked, but has never been configured.

dpkg: warning: ignoring pre-dependency problem!
dpkg: regarding .../mount_2.36.1-8+deb11u2_amd64.deb containing mount, pre-dependency problem:
 mount pre-depends on libmount1 (>= 2.35.1)
  libmount1:amd64 is unpacked, but has never been configured.

dpkg: warning: ignoring pre-dependency problem!
dpkg: regarding .../mount_2.36.1-8+deb11u2_amd64.deb containing mount, pre-dependency problem:
 mount pre-depends on libsmartcols1 (>= 2.33)
  libsmartcols1:amd64 is unpacked, but has never been configured.

dpkg: warning: ignoring pre-dependency problem!
Preparing to unpack .../mount_2.36.1-8+deb11u2_amd64.deb ...
Unpacking mount (2.36.1-8+deb11u2) ...
Selecting previously unselected package ncurses-base.
Preparing to unpack .../ncurses-base_6.2+20201114-2+deb11u2_all.deb ...
Unpacking ncurses-base (6.2+20201114-2+deb11u2) ...
Selecting previously unselected package ncurses-bin.
dpkg: regarding .../ncurses-bin_6.2+20201114-2+deb11u2_amd64.deb containing ncurses-bin, pre-dependency problem:
 ncurses-bin pre-depends on libtinfo6 (>= 6.2+20200912)
  libtinfo6:amd64 is unpacked, but has never been configured.

dpkg: warning: ignoring pre-dependency problem!
dpkg: regarding .../ncurses-bin_6.2+20201114-2+deb11u2_amd64.deb containing ncurses-bin, pre-dependency problem:
 ncurses-bin pre-depends on libtinfo6 (<< 6.3~)
  libtinfo6:amd64 is unpacked, but has never been configured.

dpkg: warning: ignoring pre-dependency problem!
Preparing to unpack .../ncurses-bin_6.2+20201114-2+deb11u2_amd64.deb ...
Unpacking ncurses-bin (6.2+20201114-2+deb11u2) ...
Selecting previously unselected package passwd.
Preparing to unpack .../passwd_1%3a4.8.1-1_amd64.deb ...
Unpacking passwd (1:4.8.1-1) ...
dpkg: regarding .../perl-base_5.32.1-4+deb11u3_amd64.deb containing perl-base, pre-dependency problem:
 perl-base pre-depends on libcrypt1 (>= 1:4.1.0)
  libcrypt1:amd64 is unpacked, but has never been configured.

dpkg: warning: ignoring pre-dependency problem!
Preparing to unpack .../perl-base_5.32.1-4+deb11u3_amd64.deb ...
Unpacking perl-base (5.32.1-4+deb11u3) over (5.32.1-4+deb11u3) ...
Selecting previously unselected package sed.
dpkg: regarding .../archives/sed_4.7-1_amd64.deb containing sed, pre-dependency problem:
 sed pre-depends on libacl1 (>= 2.2.51-8)
  libacl1:amd64 is unpacked, but has never been configured.

dpkg: warning: ignoring pre-dependency problem!
dpkg: regarding .../archives/sed_4.7-1_amd64.deb containing sed, pre-dependency problem:
 sed pre-depends on libselinux1 (>= 1.32)
  libselinux1:amd64 is unpacked, but has never been configured.

dpkg: warning: ignoring pre-dependency problem!
Preparing to unpack .../archives/sed_4.7-1_amd64.deb ...
Unpacking sed (4.7-1) ...
Selecting previously unselected package sysvinit-utils.
Preparing to unpack .../sysvinit-utils_2.96-7+deb11u1_amd64.deb ...
Unpacking sysvinit-utils (2.96-7+deb11u1) ...
Selecting previously unselected package tar.
dpkg: regarding .../tar_1.34+dfsg-1+deb11u1_amd64.deb containing tar, pre-dependency problem:
 tar pre-depends on libacl1 (>= 2.2.23)
  libacl1:amd64 is unpacked, but has never been configured.

dpkg: warning: ignoring pre-dependency problem!
dpkg: regarding .../tar_1.34+dfsg-1+deb11u1_amd64.deb containing tar, pre-dependency problem:
 tar pre-depends on libselinux1 (>= 3.1~)
  libselinux1:amd64 is unpacked, but has never been configured.

dpkg: warning: ignoring pre-dependency problem!
Preparing to unpack .../tar_1.34+dfsg-1+deb11u1_amd64.deb ...
Unpacking tar (1.34+dfsg-1+deb11u1) ...
Selecting previously unselected package tzdata.
Preparing to unpack .../tzdata_2024a-0+deb11u1_all.deb ...
Unpacking tzdata (2024a-0+deb11u1) ...
Selecting previously unselected package util-linux.
dpkg: regarding .../util-linux_2.36.1-8+deb11u2_amd64.deb containing util-linux, pre-dependency problem:
 util-linux pre-depends on libaudit1 (>= 1:2.2.1)
  libaudit1:amd64 is unpacked, but has never been configured.

dpkg: warning: ignoring pre-dependency problem!
dpkg: regarding .../util-linux_2.36.1-8+deb11u2_amd64.deb containing util-linux, pre-dependency problem:
 util-linux pre-depends on libblkid1 (>= 2.31.1)
  libblkid1:amd64 is unpacked, but has never been configured.

dpkg: warning: ignoring pre-dependency problem!
dpkg: regarding .../util-linux_2.36.1-8+deb11u2_amd64.deb containing util-linux, pre-dependency problem:
 util-linux pre-depends on libcap-ng0 (>= 0.7.9)
  libcap-ng0:amd64 is unpacked, but has never been configured.

dpkg: warning: ignoring pre-dependency problem!
dpkg: regarding .../util-linux_2.36.1-8+deb11u2_amd64.deb containing util-linux, pre-dependency problem:
 util-linux pre-depends on libcrypt1 (>= 1:4.1.0)
  libcrypt1:amd64 is unpacked, but has never been configured.

dpkg: warning: ignoring pre-dependency problem!
dpkg: regarding .../util-linux_2.36.1-8+deb11u2_amd64.deb containing util-linux, pre-dependency problem:
 util-linux pre-depends on libmount1 (>= 2.34)
  libmount1:amd64 is unpacked, but has never been configured.

dpkg: warning: ignoring pre-dependency problem!
dpkg: regarding .../util-linux_2.36.1-8+deb11u2_amd64.deb containing util-linux, pre-dependency problem:
 util-linux pre-depends on libpam0g (>= 0.99.7.1)
  libpam0g:amd64 is unpacked, but has never been configured.

dpkg: warning: ignoring pre-dependency problem!
dpkg: regarding .../util-linux_2.36.1-8+deb11u2_amd64.deb containing util-linux, pre-dependency problem:
 util-linux pre-depends on libselinux1 (>= 3.1~)
  libselinux1:amd64 is unpacked, but has never been configured.

dpkg: warning: ignoring pre-dependency problem!
dpkg: regarding .../util-linux_2.36.1-8+deb11u2_amd64.deb containing util-linux, pre-dependency problem:
 util-linux pre-depends on libsmartcols1 (>= 2.34)
  libsmartcols1:amd64 is unpacked, but has never been configured.

dpkg: warning: ignoring pre-dependency problem!
dpkg: regarding .../util-linux_2.36.1-8+deb11u2_amd64.deb containing util-linux, pre-dependency problem:
 util-linux pre-depends on libsystemd0
  libsystemd0:amd64 is unpacked, but has never been configured.

dpkg: warning: ignoring pre-dependency problem!
dpkg: regarding .../util-linux_2.36.1-8+deb11u2_amd64.deb containing util-linux, pre-dependency problem:
 util-linux pre-depends on libtinfo6 (>= 6)
  libtinfo6:amd64 is unpacked, but has never been configured.

dpkg: warning: ignoring pre-dependency problem!
dpkg: regarding .../util-linux_2.36.1-8+deb11u2_amd64.deb containing util-linux, pre-dependency problem:
 util-linux pre-depends on libudev1 (>= 183)
  libudev1:amd64 is unpacked, but has never been configured.

dpkg: warning: ignoring pre-dependency problem!
dpkg: regarding .../util-linux_2.36.1-8+deb11u2_amd64.deb containing util-linux, pre-dependency problem:
 util-linux pre-depends on libuuid1 (>= 2.16)
  libuuid1:amd64 is unpacked, but has never been configured.

dpkg: warning: ignoring pre-dependency problem!
dpkg: regarding .../util-linux_2.36.1-8+deb11u2_amd64.deb containing util-linux, pre-dependency problem:
 util-linux pre-depends on zlib1g (>= 1:1.1.4)
  zlib1g is not installed.

dpkg: warning: ignoring pre-dependency problem!
Preparing to unpack .../util-linux_2.36.1-8+deb11u2_amd64.deb ...
Unpacking util-linux (2.36.1-8+deb11u2) ...
Selecting previously unselected package zlib1g:amd64.
Preparing to unpack .../zlib1g_1%3a1.2.11.dfsg-2+deb11u2_amd64.deb ...
Unpacking zlib1g:amd64 (1:1.2.11.dfsg-2+deb11u2) ...
Setting up lsb-base (11.1.0) ...
Setting up libtirpc-common (1.3.1-1+deb11u1) ...
Setting up debian-archive-keyring (2021.1.1+deb11u1) ...
Setting up libaudit-common (1:3.0-2) ...
Setting up libsemanage-common (3.1-1) ...
Setting up gcc-10-base:amd64 (10.2.1-6) ...
Setting up ncurses-base (6.2+20201114-2+deb11u2) ...
Setting up gcc-9-base:amd64 (9.3.0-22) ...
Setting up libcrypt1:amd64 (1:4.4.18-4) ...
Setting up libgcc-s1:amd64 (10.2.1-6) ...
Setting up libc6:amd64 (2.31-13+deb11u10) ...
Setting up libudev1:amd64 (247.3-7+deb11u5) ...
Setting up libsepol1:amd64 (3.1-1) ...
Setting up libxxhash0:amd64 (0.8.0-2) ...
Setting up libattr1:amd64 (1:2.4.48-6) ...
Setting up sysvinit-utils (2.96-7+deb11u1) ...
Setting up libtasn1-6:amd64 (4.16.0-2+deb11u1) ...
Setting up debianutils (4.11.2) ...
Setting up mawk (1.3.4.20200120-2) ...
Setting up libdebconfclient0:amd64 (0.260) ...
Setting up base-files (11.1+deb11u10) ...
Setting up libbz2-1.0:amd64 (1.0.8-4) ...
Setting up base-passwd (3.5.51) ...
Setting up libdb5.3:amd64 (5.3.28+dfsg1-0.8) ...
Setting up libblkid1:amd64 (2.36.1-8+deb11u2) ...
Setting up libstdc++6:amd64 (10.2.1-6) ...
Setting up libtinfo6:amd64 (6.2+20201114-2+deb11u2) ...
Setting up bash (5.1-2+deb11u1) ...
update-alternatives: using /usr/share/man/man7/bash-builtins.7.gz to provide /usr/share/man/man7/builtins.7.gz (builtins.7.gz) in auto mode
Setting up libzstd1:amd64 (1.4.8+dfsg-2.1) ...
Setting up libkeyutils1:amd64 (1.6.1-2) ...
Setting up liblzma5:amd64 (5.2.5-2.1~deb11u1) ...
Setting up libgpg-error0:amd64 (1.38-2) ...
Setting up liblz4-1:amd64 (1.9.3-2) ...
Setting up libc-bin (2.31-13+deb11u10) ...
Setting up ncurses-bin (6.2+20201114-2+deb11u2) ...
Setting up libffi7:amd64 (3.3-6) ...
Setting up libacl1:amd64 (2.2.53-10) ...
Setting up libunistring2:amd64 (0.9.10-4) ...
Setting up libsmartcols1:amd64 (2.36.1-8+deb11u2) ...
Setting up libgcrypt20:amd64 (1.8.7-6) ...
Setting up zlib1g:amd64 (1:1.2.11.dfsg-2+deb11u2) ...
Setting up libidn2-0:amd64 (2.3.0-5) ...
Setting up libcom-err2:amd64 (1.46.2-2) ...
Setting up diffutils (1:3.7-5) ...
Setting up libseccomp2:amd64 (2.5.1-1+deb11u1) ...
Setting up libsystemd0:amd64 (247.3-7+deb11u5) ...
Setting up libkrb5support0:amd64 (1.18.3-6+deb11u4) ...
Setting up hostname (3.23) ...
Setting up libpcre3:amd64 (2:8.39-13) ...
Setting up libcap-ng0:amd64 (0.7.9-2.2+b1) ...
Setting up libext2fs2:amd64 (1.46.2-2) ...
Setting up libnettle8:amd64 (3.7.3-1) ...
Setting up libapt-pkg6.0:amd64 (2.2.4) ...
Setting up libgmp10:amd64 (2:6.2.1+dfsg-1+deb11u1) ...
Setting up libp11-kit0:amd64 (0.23.22-1) ...
Setting up libaudit1:amd64 (1:3.0-2) ...
Setting up libuuid1:amd64 (2.36.1-8+deb11u2) ...
Setting up libss2:amd64 (1.46.2-2) ...
Setting up libpcre2-8-0:amd64 (10.36-2+deb11u1) ...
Setting up libk5crypto3:amd64 (1.18.3-6+deb11u4) ...
Setting up logsave (1.46.2-2) ...
Setting up gpgv (2.2.27-2+deb11u2) ...
Setting up libhogweed6:amd64 (3.7.3-1) ...
Setting up bsdutils (1:2.36.1-8+deb11u2) ...
Setting up e2fsprogs (1.46.2-2) ...
Setting up libselinux1:amd64 (3.1-3) ...
Setting up libgnutls30:amd64 (3.7.1-5+deb11u5) ...
Setting up sed (4.7-1) ...
Setting up findutils (4.8.0-1) ...
Setting up libmount1:amd64 (2.36.1-8+deb11u2) ...
Setting up libsemanage1:amd64 (3.1-1+b2) ...
Setting up tar (1.34+dfsg-1+deb11u1) ...
update-alternatives: using /usr/sbin/rmt-tar to provide /usr/sbin/rmt (rmt) in auto mode
Setting up coreutils (8.32-4+b1) ...
Setting up dpkg (1.20.13) ...
Setting up grep (3.6-1+deb11u1) ...
Setting up perl-base (5.32.1-4+deb11u3) ...
Setting up init-system-helpers (1.60) ...
Setting up gzip (1.10-4+deb11u1) ...
Setting up debconf (1.5.77) ...
Setting up tzdata (2024a-0+deb11u1) ...

Current default time zone: 'Etc/UTC'
Local time is now:      Sun Jun 30 16:21:59 UTC 2024.
Universal Time is now:  Sun Jun 30 16:21:59 UTC 2024.
Run 'dpkg-reconfigure tzdata' if you wish to change it.

Setting up libpam0g:amd64 (1.4.0-9+deb11u1) ...
Setting up dash (0.5.11+git20200708+dd9ef66-5) ...
No diversion 'diversion of /bin/sh by bash', none removed.
Adding 'diversion of /bin/sh to /bin/sh.distrib by dash'
No diversion 'diversion of /usr/share/man/man1/sh.1.gz by bash', none removed.
Adding 'diversion of /usr/share/man/man1/sh.1.gz to /usr/share/man/man1/sh.distrib.1.gz by dash'
Setting up libssl1.1:amd64 (1.1.1w-0+deb11u1) ...
Setting up libpam-modules-bin (1.4.0-9+deb11u1) ...
Setting up libkrb5-3:amd64 (1.18.3-6+deb11u4) ...
Setting up libgssapi-krb5-2:amd64 (1.18.3-6+deb11u4) ...
Setting up libtirpc3:amd64 (1.3.1-1+deb11u1) ...
Setting up libnsl2:amd64 (1.3.0-2) ...
Setting up libpam-modules:amd64 (1.4.0-9+deb11u1) ...
Setting up passwd (1:4.8.1-1) ...
Shadow passwords are now on.
Setting up libpam-runtime (1.4.0-9+deb11u1) ...
Setting up login (1:4.8.1-1) ...
Setting up adduser (3.118+deb11u1) ...
Setting up apt (2.2.4) ...
Setting up util-linux (2.36.1-8+deb11u2) ...
update-alternatives: using /bin/more to provide /usr/bin/pager (pager) in auto mode
Setting up mount (2.36.1-8+deb11u2) ...
Processing triggers for libc-bin (2.31-13+deb11u10) ...
(Reading database ... 6670 files and directories currently installed.)
Preparing to unpack .../dmsetup_2%3a1.02.175-2.1_amd64.deb ...
Unpacking dmsetup (2:1.02.175-2.1) ...
Preparing to unpack .../libapparmor1_2.13.6-10_amd64.deb ...
Unpacking libapparmor1:amd64 (2.13.6-10) ...
Preparing to unpack .../libargon2-1_0~20171227-0.2_amd64.deb ...
Unpacking libargon2-1:amd64 (0~20171227-0.2) ...
Preparing to unpack .../libcap2_1%3a2.44-1_amd64.deb ...
Unpacking libcap2:amd64 (1:2.44-1) ...
Preparing to unpack .../libcryptsetup12_2%3a2.3.7-1+deb11u1_amd64.deb ...
Unpacking libcryptsetup12:amd64 (2:2.3.7-1+deb11u1) ...
Preparing to unpack .../libdevmapper1.02.1_2%3a1.02.175-2.1_amd64.deb ...
Unpacking libdevmapper1.02.1:amd64 (2:1.02.175-2.1) ...
Preparing to unpack .../libip4tc2_1.8.7-1_amd64.deb ...
Unpacking libip4tc2:amd64 (1.8.7-1) ...
Preparing to unpack .../libjson-c5_0.15-2+deb11u1_amd64.deb ...
Unpacking libjson-c5:amd64 (0.15-2+deb11u1) ...
Preparing to unpack .../libkmod2_28-1_amd64.deb ...
Unpacking libkmod2:amd64 (28-1) ...
Preparing to unpack .../systemd_247.3-7+deb11u5_amd64.deb ...
Unpacking systemd (247.3-7+deb11u5) ...
Setting up libapparmor1:amd64 (2.13.6-10) ...
Setting up libargon2-1:amd64 (0~20171227-0.2) ...
Setting up libcap2:amd64 (1:2.44-1) ...
Setting up libip4tc2:amd64 (1.8.7-1) ...
Setting up libjson-c5:amd64 (0.15-2+deb11u1) ...
Setting up libkmod2:amd64 (28-1) ...
Setting up libdevmapper1.02.1:amd64 (2:1.02.175-2.1) ...
Setting up dmsetup (2:1.02.175-2.1) ...
Setting up libcryptsetup12:amd64 (2:2.3.7-1+deb11u1) ...
Setting up systemd (247.3-7+deb11u5) ...
Created symlink /etc/systemd/system/getty.target.wants/getty@tty1.service -> /lib/systemd/system/getty@.service.
Created symlink /etc/systemd/system/multi-user.target.wants/remote-fs.target -> /lib/systemd/system/remote-fs.target.
Created symlink /etc/systemd/system/sysinit.target.wants/systemd-pstore.service -> /lib/systemd/system/systemd-pstore.service.
Initializing machine ID from random generator.
Processing triggers for libc-bin (2.31-13+deb11u10) ...
(Reading database ... 7527 files and directories currently installed.)
Preparing to unpack .../systemd-sysv_247.3-7+deb11u5_amd64.deb ...
Unpacking systemd-sysv (247.3-7+deb11u5) ...
Setting up systemd-sysv (247.3-7+deb11u5) ...
(Reading database ... 7544 files and directories currently installed.)
Preparing to unpack .../apt-utils_2.2.4_amd64.deb ...
Unpacking apt-utils (2.2.4) ...
Preparing to unpack .../cpio_2.13+dfsg-7.1~deb11u1_amd64.deb ...
Unpacking cpio (2.13+dfsg-7.1~deb11u1) ...
Preparing to unpack .../cron_3.0pl1-137_amd64.deb ...
Unpacking cron (3.0pl1-137) ...
Preparing to unpack .../debconf-i18n_1.5.77_all.deb ...
Unpacking debconf-i18n (1.5.77) ...
Preparing to unpack .../dmidecode_3.3-2_amd64.deb ...
Unpacking dmidecode (3.3-2) ...
Preparing to unpack .../fdisk_2.36.1-8+deb11u2_amd64.deb ...
Unpacking fdisk (2.36.1-8+deb11u2) ...
Preparing to unpack .../ifupdown_0.8.36_amd64.deb ...
Unpacking ifupdown (0.8.36) ...
Preparing to unpack .../archives/init_1.60_amd64.deb ...
Unpacking init (1.60) ...
Preparing to unpack .../iproute2_5.10.0-4_amd64.deb ...
Unpacking iproute2 (5.10.0-4) ...
Preparing to unpack .../iputils-ping_3%3a20210202-1_amd64.deb ...
Unpacking iputils-ping (3:20210202-1) ...
Preparing to unpack .../isc-dhcp-client_4.4.1-2.3+deb11u2_amd64.deb ...
Unpacking isc-dhcp-client (4.4.1-2.3+deb11u2) ...
Preparing to unpack .../isc-dhcp-common_4.4.1-2.3+deb11u2_amd64.deb ...
Unpacking isc-dhcp-common (4.4.1-2.3+deb11u2) ...
Preparing to unpack .../archives/kmod_28-1_amd64.deb ...
Unpacking kmod (28-1) ...
Preparing to unpack .../less_551-2+deb11u2_amd64.deb ...
Unpacking less (551-2+deb11u2) ...
Preparing to unpack .../libbpf0_1%3a0.3-2_amd64.deb ...
Unpacking libbpf0:amd64 (1:0.3-2) ...
Preparing to unpack .../libbsd0_0.11.3-1+deb11u1_amd64.deb ...
Unpacking libbsd0:amd64 (0.11.3-1+deb11u1) ...
Preparing to unpack .../libcap2-bin_1%3a2.44-1_amd64.deb ...
Unpacking libcap2-bin (1:2.44-1) ...
Preparing to unpack .../libdns-export1110_1%3a9.11.19+dfsg-2.1_amd64.deb ...
Unpacking libdns-export1110 (1:9.11.19+dfsg-2.1) ...
Preparing to unpack .../libedit2_3.1-20191231-2+b1_amd64.deb ...
Unpacking libedit2:amd64 (3.1-20191231-2+b1) ...
Preparing to unpack .../libelf1_0.183-1_amd64.deb ...
Unpacking libelf1:amd64 (0.183-1) ...
Preparing to unpack .../libestr0_0.1.10-2.1+b1_amd64.deb ...
Unpacking libestr0:amd64 (0.1.10-2.1+b1) ...
Preparing to unpack .../libfastjson4_0.99.9-1_amd64.deb ...
Unpacking libfastjson4:amd64 (0.99.9-1) ...
Preparing to unpack .../libfdisk1_2.36.1-8+deb11u2_amd64.deb ...
Unpacking libfdisk1:amd64 (2.36.1-8+deb11u2) ...
Preparing to unpack .../libisc-export1105_1%3a9.11.19+dfsg-2.1_amd64.deb ...
Unpacking libisc-export1105:amd64 (1:9.11.19+dfsg-2.1) ...
Preparing to unpack .../libjansson4_2.13.1-1.1_amd64.deb ...
Unpacking libjansson4:amd64 (2.13.1-1.1) ...
Preparing to unpack .../liblocale-gettext-perl_1.07-4+b1_amd64.deb ...
Unpacking liblocale-gettext-perl (1.07-4+b1) ...
Preparing to unpack .../liblognorm5_2.0.5-1.1_amd64.deb ...
Unpacking liblognorm5:amd64 (2.0.5-1.1) ...
Preparing to unpack .../libmd0_1.0.3-3_amd64.deb ...
Unpacking libmd0:amd64 (1.0.3-3) ...
Preparing to unpack .../libmnl0_1.0.4-3_amd64.deb ...
Unpacking libmnl0:amd64 (1.0.4-3) ...
Preparing to unpack .../libncurses6_6.2+20201114-2+deb11u2_amd64.deb ...
Unpacking libncurses6:amd64 (6.2+20201114-2+deb11u2) ...
Preparing to unpack .../libncursesw6_6.2+20201114-2+deb11u2_amd64.deb ...
Unpacking libncursesw6:amd64 (6.2+20201114-2+deb11u2) ...
Preparing to unpack .../libnewt0.52_0.52.21-4+b3_amd64.deb ...
Unpacking libnewt0.52:amd64 (0.52.21-4+b3) ...
Preparing to unpack .../libnftables1_0.9.8-3.1+deb11u2_amd64.deb ...
Unpacking libnftables1:amd64 (0.9.8-3.1+deb11u2) ...
Preparing to unpack .../libnftnl11_1.1.9-1_amd64.deb ...
Unpacking libnftnl11:amd64 (1.1.9-1) ...
Preparing to unpack .../libpopt0_1.18-2_amd64.deb ...
Unpacking libpopt0:amd64 (1.18-2) ...
Preparing to unpack .../libprocps8_2%3a3.3.17-5_amd64.deb ...
Unpacking libprocps8:amd64 (2:3.3.17-5) ...
Preparing to unpack .../libreadline8_8.1-1_amd64.deb ...
Unpacking libreadline8:amd64 (8.1-1) ...
Preparing to unpack .../libslang2_2.3.2-5_amd64.deb ...
Unpacking libslang2:amd64 (2.3.2-5) ...
Preparing to unpack .../libtext-charwidth-perl_0.04-10+b1_amd64.deb ...
Unpacking libtext-charwidth-perl (0.04-10+b1) ...
Preparing to unpack .../libtext-iconv-perl_1.7-7+b1_amd64.deb ...
Unpacking libtext-iconv-perl (1.7-7+b1) ...
Preparing to unpack .../libtext-wrapi18n-perl_0.06-9_all.deb ...
Unpacking libtext-wrapi18n-perl (0.06-9) ...
Preparing to unpack .../libxtables12_1.8.7-1_amd64.deb ...
Unpacking libxtables12:amd64 (1.8.7-1) ...
Preparing to unpack .../logrotate_3.18.0-2+deb11u2_amd64.deb ...
Unpacking logrotate (3.18.0-2+deb11u2) ...
Preparing to unpack .../nano_5.4-2+deb11u3_amd64.deb ...
Unpacking nano (5.4-2+deb11u3) ...
Preparing to unpack .../archives/netbase_6.3_all.deb ...
Unpacking netbase (6.3) ...
Preparing to unpack .../nftables_0.9.8-3.1+deb11u2_amd64.deb ...
Unpacking nftables (0.9.8-3.1+deb11u2) ...
Preparing to unpack .../procps_2%3a3.3.17-5_amd64.deb ...
Unpacking procps (2:3.3.17-5) ...
Preparing to unpack .../readline-common_8.1-1_all.deb ...
Unpacking readline-common (8.1-1) ...
Preparing to unpack .../rsyslog_8.2102.0-2+deb11u1_amd64.deb ...
Unpacking rsyslog (8.2102.0-2+deb11u1) ...
Preparing to unpack .../sensible-utils_0.0.14_all.deb ...
Unpacking sensible-utils (0.0.14) ...
Preparing to unpack .../tasksel_3.68+deb11u1_all.deb ...
Unpacking tasksel (3.68+deb11u1) ...
Preparing to unpack .../tasksel-data_3.68+deb11u1_all.deb ...
Unpacking tasksel-data (3.68+deb11u1) ...
Preparing to unpack .../udev_247.3-7+deb11u5_amd64.deb ...
Unpacking udev (247.3-7+deb11u5) ...
Preparing to unpack .../vim-common_2%3a8.2.2434-3+deb11u1_all.deb ...
Unpacking vim-common (2:8.2.2434-3+deb11u1) ...
Preparing to unpack .../vim-tiny_2%3a8.2.2434-3+deb11u1_amd64.deb ...
Unpacking vim-tiny (2:8.2.2434-3+deb11u1) ...
Preparing to unpack .../whiptail_0.52.21-4+b3_amd64.deb ...
Unpacking whiptail (0.52.21-4+b3) ...
Preparing to unpack .../xxd_2%3a8.2.2434-3+deb11u1_amd64.deb ...
Unpacking xxd (2:8.2.2434-3+deb11u1) ...
Processing triggers for libc-bin (2.31-13+deb11u10) ...
Setting up cpio (2.13+dfsg-7.1~deb11u1) ...
update-alternatives: using /bin/mt-gnu to provide /bin/mt (mt) in auto mode
Setting up libtext-iconv-perl (1.7-7+b1) ...
Setting up libtext-charwidth-perl (0.04-10+b1) ...
Setting up apt-utils (2.2.4) ...
Setting up init (1.60) ...
Setting up libestr0:amd64 (0.1.10-2.1+b1) ...
Setting up libfastjson4:amd64 (0.99.9-1) ...
Setting up less (551-2+deb11u2) ...
Setting up kmod (28-1) ...
Setting up libtext-wrapi18n-perl (0.06-9) ...
Setting up xxd (2:8.2.2434-3+deb11u1) ...
Setting up libjansson4:amd64 (2.13.1-1.1) ...
Setting up libcap2-bin (1:2.44-1) ...
Setting up libisc-export1105:amd64 (1:9.11.19+dfsg-2.1) ...
Setting up vim-common (2:8.2.2434-3+deb11u1) ...
Setting up libslang2:amd64 (2.3.2-5) ...
Setting up libncurses6:amd64 (6.2+20201114-2+deb11u2) ...
Setting up libmnl0:amd64 (1.0.4-3) ...
Setting up udev (247.3-7+deb11u5) ...
A chroot environment has been detected, udev not started.
Setting up libncursesw6:amd64 (6.2+20201114-2+deb11u2) ...
Setting up libxtables12:amd64 (1.8.7-1) ...
Setting up libfdisk1:amd64 (2.36.1-8+deb11u2) ...
Setting up liblognorm5:amd64 (2.0.5-1.1) ...
Setting up nano (5.4-2+deb11u3) ...
update-alternatives: using /bin/nano to provide /usr/bin/editor (editor) in auto mode
update-alternatives: using /bin/nano to provide /usr/bin/pico (pico) in auto mode
Setting up libmd0:amd64 (1.0.3-3) ...
Setting up sensible-utils (0.0.14) ...
Setting up netbase (6.3) ...
Setting up isc-dhcp-common (4.4.1-2.3+deb11u2) ...
Setting up dmidecode (3.3-2) ...
Setting up libbsd0:amd64 (0.11.3-1+deb11u1) ...
Setting up libelf1:amd64 (0.183-1) ...
Setting up iputils-ping (3:20210202-1) ...
Setting up readline-common (8.1-1) ...
Setting up liblocale-gettext-perl (1.07-4+b1) ...
Setting up libprocps8:amd64 (2:3.3.17-5) ...
Setting up libpopt0:amd64 (1.18-2) ...
Setting up logrotate (3.18.0-2+deb11u2) ...
Created symlink /etc/systemd/system/timers.target.wants/logrotate.timer -> /lib/systemd/system/logrotate.timer.
Setting up libnewt0.52:amd64 (0.52.21-4+b3) ...
Setting up libedit2:amd64 (3.1-20191231-2+b1) ...
Setting up libreadline8:amd64 (8.1-1) ...
Setting up cron (3.0pl1-137) ...
Adding group `crontab' (GID 107) ...
Done.
Running in chroot, ignoring request.
invoke-rc.d: policy-rc.d denied execution of start.
Created symlink /etc/systemd/system/multi-user.target.wants/cron.service -> /lib/systemd/system/cron.service.
Setting up rsyslog (8.2102.0-2+deb11u1) ...
Running in chroot, ignoring request.
invoke-rc.d: policy-rc.d denied execution of start.
Created symlink /etc/systemd/system/syslog.service -> /lib/systemd/system/rsyslog.service.
Created symlink /etc/systemd/system/multi-user.target.wants/rsyslog.service -> /lib/systemd/system/rsyslog.service.
Setting up libdns-export1110 (1:9.11.19+dfsg-2.1) ...
Setting up debconf-i18n (1.5.77) ...
Setting up libnftnl11:amd64 (1.1.9-1) ...
Setting up vim-tiny (2:8.2.2434-3+deb11u1) ...
update-alternatives: using /usr/bin/vim.tiny to provide /usr/bin/rview (rview) in auto mode
update-alternatives: using /usr/bin/vim.tiny to provide /usr/bin/vi (vi) in auto mode
update-alternatives: using /usr/bin/vim.tiny to provide /usr/bin/view (view) in auto mode
update-alternatives: using /usr/bin/vim.tiny to provide /usr/bin/ex (ex) in auto mode
Setting up fdisk (2.36.1-8+deb11u2) ...
Setting up whiptail (0.52.21-4+b3) ...
Setting up procps (2:3.3.17-5) ...
Setting up libbpf0:amd64 (1:0.3-2) ...
Setting up libnftables1:amd64 (0.9.8-3.1+deb11u2) ...
Setting up nftables (0.9.8-3.1+deb11u2) ...
Setting up iproute2 (5.10.0-4) ...
Setting up isc-dhcp-client (4.4.1-2.3+deb11u2) ...
Setting up ifupdown (0.8.36) ...
Creating /etc/network/interfaces.
Created symlink /etc/systemd/system/multi-user.target.wants/networking.service -> /lib/systemd/system/networking.service.
Created symlink /etc/systemd/system/network-online.target.wants/networking.service -> /lib/systemd/system/networking.service.
Setting up tasksel-data (3.68+deb11u1) ...
Setting up tasksel (3.68+deb11u1) ...
Processing triggers for libc-bin (2.31-13+deb11u10) ...
