2024-06-30 16:21:49 startup archives install
2024-06-30 16:21:49 install base-passwd:amd64 <none> 3.5.51
2024-06-30 16:21:49 status half-installed base-passwd:amd64 3.5.51
2024-06-30 16:21:49 status unpacked base-passwd:amd64 3.5.51
2024-06-30 16:21:49 configure base-passwd:amd64 3.5.51 3.5.51
2024-06-30 16:21:49 status half-configured base-passwd:amd64 3.5.51
2024-06-30 16:21:49 status installed base-passwd:amd64 3.5.51
2024-06-30 16:21:49 startup archives install
2024-06-30 16:21:49 install base-files:amd64 <none> 11.1+deb11u10
2024-06-30 16:21:49 status half-installed base-files:amd64 11.1+deb11u10
2024-06-30 16:21:49 status unpacked base-files:amd64 11.1+deb11u10
2024-06-30 16:21:49 configure base-files:amd64 11.1+deb11u10 11.1+deb11u10
2024-06-30 16:21:49 status half-configured base-files:amd64 11.1+deb11u10
2024-06-30 16:21:49 status installed base-files:amd64 11.1+deb11u10
2024-06-30 16:21:49 startup archives install
2024-06-30 16:21:49 upgrade dpkg 1.20.13 1.20.13
2024-06-30 16:21:49 status half-configured dpkg 1.20.13
2024-06-30 16:21:49 status unpacked dpkg 1.20.13
2024-06-30 16:21:49 status half-installed dpkg 1.20.13
2024-06-30 16:21:49 status unpacked dpkg:amd64 1.20.13
2024-06-30 16:21:49 configure dpkg:amd64 1.20.13 1.20.13
2024-06-30 16:21:49 status half-configured dpkg:amd64 1.20.13
2024-06-30 16:21:49 status installed dpkg:amd64 1.20.13
2024-06-30 16:21:49 startup archives install
2024-06-30 16:21:49 install libc6:amd64 <none> 2.31-13+deb11u10
2024-06-30 16:21:49 status half-installed libc6:amd64 2.31-13+deb11u10
2024-06-30 16:21:50 status unpacked libc6:amd64 2.31-13+deb11u10
2024-06-30 16:21:50 configure libc6:amd64 2.31-13+deb11u10 2.31-13+deb11u10
2024-06-30 16:21:50 status half-configured libc6:amd64 2.31-13+deb11u10
2024-06-30 16:21:50 status installed libc6:amd64 2.31-13+deb11u10
2024-06-30 16:21:50 startup archives install
2024-06-30 16:21:50 install perl-base:amd64 <none> 5.32.1-4+deb11u3
2024-06-30 16:21:50 status half-installed perl-base:amd64 5.32.1-4+deb11u3
2024-06-30 16:21:50 status unpacked perl-base:amd64 5.32.1-4+deb11u3
2024-06-30 16:21:50 configure perl-base:amd64 5.32.1-4+deb11u3 5.32.1-4+deb11u3
2024-06-30 16:21:50 status half-configured perl-base:amd64 5.32.1-4+deb11u3
2024-06-30 16:21:50 status installed perl-base:amd64 5.32.1-4+deb11u3
2024-06-30 16:21:50 startup archives install
2024-06-30 16:21:50 install mawk:amd64 <none> 1.3.4.20200120-2
2024-06-30 16:21:50 status half-installed mawk:amd64 1.3.4.20200120-2
2024-06-30 16:21:50 status unpacked mawk:amd64 1.3.4.20200120-2
2024-06-30 16:21:50 configure mawk:amd64 1.3.4.20200120-2 1.3.4.20200120-2
2024-06-30 16:21:50 status half-configured mawk:amd64 1.3.4.20200120-2
2024-06-30 16:21:50 status installed mawk:amd64 1.3.4.20200120-2
2024-06-30 16:21:50 startup archives install
2024-06-30 16:21:50 install debconf:all <none> 1.5.77
2024-06-30 16:21:50 status half-installed debconf:all 1.5.77
2024-06-30 16:21:50 status unpacked debconf:all 1.5.77
2024-06-30 16:21:50 configure debconf:all 1.5.77 1.5.77
2024-06-30 16:21:50 status half-configured debconf:all 1.5.77
2024-06-30 16:21:50 status installed debconf:all 1.5.77
2024-06-30 16:21:50 startup archives unpack
2024-06-30 16:21:50 install adduser:all <none> 3.118+deb11u1
2024-06-30 16:21:50 status half-installed adduser:all 3.118+deb11u1
2024-06-30 16:21:50 status unpacked adduser:all 3.118+deb11u1
2024-06-30 16:21:50 install apt:amd64 <none> 2.2.4
2024-06-30 16:21:50 status half-installed apt:amd64 2.2.4
2024-06-30 16:21:51 status unpacked apt:amd64 2.2.4
2024-06-30 16:21:51 upgrade base-files:amd64 11.1+deb11u10 11.1+deb11u10
2024-06-30 16:21:51 status half-configured base-files:amd64 11.1+deb11u10
2024-06-30 16:21:51 status unpacked base-files:amd64 11.1+deb11u10
2024-06-30 16:21:51 status half-installed base-files:amd64 11.1+deb11u10
2024-06-30 16:21:51 status unpacked base-files:amd64 11.1+deb11u10
2024-06-30 16:21:51 upgrade base-passwd:amd64 3.5.51 3.5.51
2024-06-30 16:21:51 status half-configured base-passwd:amd64 3.5.51
2024-06-30 16:21:51 status unpacked base-passwd:amd64 3.5.51
2024-06-30 16:21:51 status half-installed base-passwd:amd64 3.5.51
2024-06-30 16:21:51 status unpacked base-passwd:amd64 3.5.51
2024-06-30 16:21:51 install bash:amd64 <none> 5.1-2+deb11u1
2024-06-30 16:21:51 status half-installed bash:amd64 5.1-2+deb11u1
2024-06-30 16:21:51 status unpacked bash:amd64 5.1-2+deb11u1
2024-06-30 16:21:51 install bsdutils:amd64 <none> 1:2.36.1-8+deb11u2
2024-06-30 16:21:51 status half-installed bsdutils:amd64 1:2.36.1-8+deb11u2
2024-06-30 16:21:51 status unpacked bsdutils:amd64 1:2.36.1-8+deb11u2
2024-06-30 16:21:51 install coreutils:amd64 <none> 8.32-4+b1
2024-06-30 16:21:51 status half-installed coreutils:amd64 8.32-4+b1
2024-06-30 16:21:51 status unpacked coreutils:amd64 8.32-4+b1
2024-06-30 16:21:51 install dash:amd64 <none> 0.5.11+git20200708+dd9ef66-5
2024-06-30 16:21:51 status half-installed dash:amd64 0.5.11+git20200708+dd9ef66-5
2024-06-30 16:21:51 status unpacked dash:amd64 0.5.11+git20200708+dd9ef66-5
2024-06-30 16:21:51 upgrade debconf:all 1.5.77 1.5.77
2024-06-30 16:21:51 status half-configured debconf:all 1.5.77
2024-06-30 16:21:51 status unpacked debconf:all 1.5.77
2024-06-30 16:21:51 status half-installed debconf:all 1.5.77
2024-06-30 16:21:51 status unpacked debconf:all 1.5.77
2024-06-30 16:21:51 install debian-archive-keyring:all <none> 2021.1.1+deb11u1
2024-06-30 16:21:51 status half-installed debian-archive-keyring:all 2021.1.1+deb11u1
2024-06-30 16:21:52 status unpacked debian-archive-keyring:all 2021.1.1+deb11u1
2024-06-30 16:21:52 install debianutils:amd64 <none> 4.11.2
2024-06-30 16:21:52 status half-installed debianutils:amd64 4.11.2
2024-06-30 16:21:52 status unpacked debianutils:amd64 4.11.2
2024-06-30 16:21:52 install diffutils:amd64 <none> 1:3.7-5
2024-06-30 16:21:52 status half-installed diffutils:amd64 1:3.7-5
2024-06-30 16:21:52 status unpacked diffutils:amd64 1:3.7-5
2024-06-30 16:21:52 upgrade dpkg:amd64 1.20.13 1.20.13
2024-06-30 16:21:52 status half-configured dpkg:amd64 1.20.13
2024-06-30 16:21:52 status unpacked dpkg:amd64 1.20.13
2024-06-30 16:21:52 status half-installed dpkg:amd64 1.20.13
2024-06-30 16:21:52 status unpacked dpkg:amd64 1.20.13
2024-06-30 16:21:52 install e2fsprogs:amd64 <none> 1.46.2-2
2024-06-30 16:21:52 status half-installed e2fsprogs:amd64 1.46.2-2
2024-06-30 16:21:52 status unpacked e2fsprogs:amd64 1.46.2-2
2024-06-30 16:21:52 install findutils:amd64 <none> 4.8.0-1
2024-06-30 16:21:52 status half-installed findutils:amd64 4.8.0-1
2024-06-30 16:21:52 status unpacked findutils:amd64 4.8.0-1
2024-06-30 16:21:52 install gcc-10-base:amd64 <none> 10.2.1-6
2024-06-30 16:21:52 status half-installed gcc-10-base:amd64 10.2.1-6
2024-06-30 16:21:52 status unpacked gcc-10-base:amd64 10.2.1-6
2024-06-30 16:21:52 install gcc-9-base:amd64 <none> 9.3.0-22
2024-06-30 16:21:52 status half-installed gcc-9-base:amd64 9.3.0-22
2024-06-30 16:21:52 status unpacked gcc-9-base:amd64 9.3.0-22
2024-06-30 16:21:52 install gpgv:amd64 <none> 2.2.27-2+deb11u2
2024-06-30 16:21:52 status half-installed gpgv:amd64 2.2.27-2+deb11u2
2024-06-30 16:21:52 status unpacked gpgv:amd64 2.2.27-2+deb11u2
2024-06-30 16:21:52 install grep:amd64 <none> 3.6-1+deb11u1
2024-06-30 16:21:52 status half-installed grep:amd64 3.6-1+deb11u1
2024-06-30 16:21:52 status unpacked grep:amd64 3.6-1+deb11u1
2024-06-30 16:21:52 install gzip:amd64 <none> 1.10-4+deb11u1
2024-06-30 16:21:52 status half-installed gzip:amd64 1.10-4+deb11u1
2024-06-30 16:21:52 status unpacked gzip:amd64 1.10-4+deb11u1
2024-06-30 16:21:52 install hostname:amd64 <none> 3.23
2024-06-30 16:21:52 status half-installed hostname:amd64 3.23
2024-06-30 16:21:52 status unpacked hostname:amd64 3.23
2024-06-30 16:21:52 install init-system-helpers:all <none> 1.60
2024-06-30 16:21:52 status half-installed init-system-helpers:all 1.60
2024-06-30 16:21:52 status unpacked init-system-helpers:all 1.60
2024-06-30 16:21:52 install libacl1:amd64 <none> 2.2.53-10
2024-06-30 16:21:52 status half-installed libacl1:amd64 2.2.53-10
2024-06-30 16:21:52 status unpacked libacl1:amd64 2.2.53-10
2024-06-30 16:21:52 install libapt-pkg6.0:amd64 <none> 2.2.4
2024-06-30 16:21:52 status half-installed libapt-pkg6.0:amd64 2.2.4
2024-06-30 16:21:53 status unpacked libapt-pkg6.0:amd64 2.2.4
2024-06-30 16:21:53 install libattr1:amd64 <none> 1:2.4.48-6
2024-06-30 16:21:53 status half-installed libattr1:amd64 1:2.4.48-6
2024-06-30 16:21:53 status unpacked libattr1:amd64 1:2.4.48-6
2024-06-30 16:21:53 install libaudit-common:all <none> 1:3.0-2
2024-06-30 16:21:53 status half-installed libaudit-common:all 1:3.0-2
2024-06-30 16:21:53 status unpacked libaudit-common:all 1:3.0-2
2024-06-30 16:21:53 install libaudit1:amd64 <none> 1:3.0-2
2024-06-30 16:21:53 status half-installed libaudit1:amd64 1:3.0-2
2024-06-30 16:21:53 status unpacked libaudit1:amd64 1:3.0-2
2024-06-30 16:21:53 install libblkid1:amd64 <none> 2.36.1-8+deb11u2
2024-06-30 16:21:53 status half-installed libblkid1:amd64 2.36.1-8+deb11u2
2024-06-30 16:21:53 status unpacked libblkid1:amd64 2.36.1-8+deb11u2
2024-06-30 16:21:53 install libbz2-1.0:amd64 <none> 1.0.8-4
2024-06-30 16:21:53 status half-installed libbz2-1.0:amd64 1.0.8-4
2024-06-30 16:21:53 status unpacked libbz2-1.0:amd64 1.0.8-4
2024-06-30 16:21:53 install libc-bin:amd64 <none> 2.31-13+deb11u10
2024-06-30 16:21:53 status half-installed libc-bin:amd64 2.31-13+deb11u10
2024-06-30 16:21:53 status unpacked libc-bin:amd64 2.31-13+deb11u10
2024-06-30 16:21:53 upgrade libc6:amd64 2.31-13+deb11u10 2.31-13+deb11u10
2024-06-30 16:21:53 status half-configured libc6:amd64 2.31-13+deb11u10
2024-06-30 16:21:53 status unpacked libc6:amd64 2.31-13+deb11u10
2024-06-30 16:21:53 status half-installed libc6:amd64 2.31-13+deb11u10
2024-06-30 16:21:53 status unpacked libc6:amd64 2.31-13+deb11u10
2024-06-30 16:21:53 install libcap-ng0:amd64 <none> 0.7.9-2.2+b1
2024-06-30 16:21:53 status half-installed libcap-ng0:amd64 0.7.9-2.2+b1
2024-06-30 16:21:53 status unpacked libcap-ng0:amd64 0.7.9-2.2+b1
2024-06-30 16:21:53 install libcom-err2:amd64 <none> 1.46.2-2
2024-06-30 16:21:53 status half-installed libcom-err2:amd64 1.46.2-2
2024-06-30 16:21:53 status unpacked libcom-err2:amd64 1.46.2-2
2024-06-30 16:21:53 install libcrypt1:amd64 <none> 1:4.4.18-4
2024-06-30 16:21:53 status half-installed libcrypt1:amd64 1:4.4.18-4
2024-06-30 16:21:53 status unpacked libcrypt1:amd64 1:4.4.18-4
2024-06-30 16:21:53 install libdb5.3:amd64 <none> 5.3.28+dfsg1-0.8
2024-06-30 16:21:53 status half-installed libdb5.3:amd64 5.3.28+dfsg1-0.8
2024-06-30 16:21:53 status unpacked libdb5.3:amd64 5.3.28+dfsg1-0.8
2024-06-30 16:21:53 install libdebconfclient0:amd64 <none> 0.260
2024-06-30 16:21:53 status half-installed libdebconfclient0:amd64 0.260
2024-06-30 16:21:54 status unpacked libdebconfclient0:amd64 0.260
2024-06-30 16:21:54 install libext2fs2:amd64 <none> 1.46.2-2
2024-06-30 16:21:54 status half-installed libext2fs2:amd64 1.46.2-2
2024-06-30 16:21:54 status unpacked libext2fs2:amd64 1.46.2-2
2024-06-30 16:21:54 install libffi7:amd64 <none> 3.3-6
2024-06-30 16:21:54 status half-installed libffi7:amd64 3.3-6
2024-06-30 16:21:54 status unpacked libffi7:amd64 3.3-6
2024-06-30 16:21:54 install libgcc-s1:amd64 <none> 10.2.1-6
2024-06-30 16:21:54 status half-installed libgcc-s1:amd64 10.2.1-6
2024-06-30 16:21:54 status unpacked libgcc-s1:amd64 10.2.1-6
2024-06-30 16:21:54 install libgcrypt20:amd64 <none> 1.8.7-6
2024-06-30 16:21:54 status half-installed libgcrypt20:amd64 1.8.7-6
2024-06-30 16:21:54 status unpacked libgcrypt20:amd64 1.8.7-6
2024-06-30 16:21:54 install libgmp10:amd64 <none> 2:6.2.1+dfsg-1+deb11u1
2024-06-30 16:21:54 status half-installed libgmp10:amd64 2:6.2.1+dfsg-1+deb11u1
2024-06-30 16:21:54 status unpacked libgmp10:amd64 2:6.2.1+dfsg-1+deb11u1
2024-06-30 16:21:54 install libgnutls30:amd64 <none> 3.7.1-5+deb11u5
2024-06-30 16:21:54 status half-installed libgnutls30:amd64 3.7.1-5+deb11u5
2024-06-30 16:21:54 status unpacked libgnutls30:amd64 3.7.1-5+deb11u5
2024-06-30 16:21:54 install libgpg-error0:amd64 <none> 1.38-2
2024-06-30 16:21:54 status half-installed libgpg-error0:amd64 1.38-2
2024-06-30 16:21:54 status unpacked libgpg-error0:amd64 1.38-2
2024-06-30 16:21:54 install libgssapi-krb5-2:amd64 <none> 1.18.3-6+deb11u4
2024-06-30 16:21:54 status half-installed libgssapi-krb5-2:amd64 1.18.3-6+deb11u4
2024-06-30 16:21:54 status unpacked libgssapi-krb5-2:amd64 1.18.3-6+deb11u4
2024-06-30 16:21:54 install libhogweed6:amd64 <none> 3.7.3-1
2024-06-30 16:21:54 status half-installed libhogweed6:amd64 3.7.3-1
2024-06-30 16:21:54 status unpacked libhogweed6:amd64 3.7.3-1
2024-06-30 16:21:54 install libidn2-0:amd64 <none> 2.3.0-5
2024-06-30 16:21:54 status half-installed libidn2-0:amd64 2.3.0-5
2024-06-30 16:21:54 status unpacked libidn2-0:amd64 2.3.0-5
2024-06-30 16:21:54 install libk5crypto3:amd64 <none> 1.18.3-6+deb11u4
2024-06-30 16:21:54 status half-installed libk5crypto3:amd64 1.18.3-6+deb11u4
2024-06-30 16:21:54 status unpacked libk5crypto3:amd64 1.18.3-6+deb11u4
2024-06-30 16:21:54 install libkeyutils1:amd64 <none> 1.6.1-2
2024-06-30 16:21:54 status half-installed libkeyutils1:amd64 1.6.1-2
2024-06-30 16:21:54 status unpacked libkeyutils1:amd64 1.6.1-2
2024-06-30 16:21:54 install libkrb5-3:amd64 <none> 1.18.3-6+deb11u4
2024-06-30 16:21:54 status half-installed libkrb5-3:amd64 1.18.3-6+deb11u4
2024-06-30 16:21:54 status unpacked libkrb5-3:amd64 1.18.3-6+deb11u4
2024-06-30 16:21:54 install libkrb5support0:amd64 <none> 1.18.3-6+deb11u4
2024-06-30 16:21:54 status half-installed libkrb5support0:amd64 1.18.3-6+deb11u4
2024-06-30 16:21:54 status unpacked libkrb5support0:amd64 1.18.3-6+deb11u4
2024-06-30 16:21:54 install liblz4-1:amd64 <none> 1.9.3-2
2024-06-30 16:21:54 status half-installed liblz4-1:amd64 1.9.3-2
2024-06-30 16:21:54 status unpacked liblz4-1:amd64 1.9.3-2
2024-06-30 16:21:54 install liblzma5:amd64 <none> 5.2.5-2.1~deb11u1
2024-06-30 16:21:54 status half-installed liblzma5:amd64 5.2.5-2.1~deb11u1
2024-06-30 16:21:54 status unpacked liblzma5:amd64 5.2.5-2.1~deb11u1
2024-06-30 16:21:54 install libmount1:amd64 <none> 2.36.1-8+deb11u2
2024-06-30 16:21:54 status half-installed libmount1:amd64 2.36.1-8+deb11u2
2024-06-30 16:21:54 status unpacked libmount1:amd64 2.36.1-8+deb11u2
2024-06-30 16:21:54 install libnettle8:amd64 <none> 3.7.3-1
2024-06-30 16:21:54 status half-installed libnettle8:amd64 3.7.3-1
2024-06-30 16:21:54 status unpacked libnettle8:amd64 3.7.3-1
2024-06-30 16:21:54 install libnsl2:amd64 <none> 1.3.0-2
2024-06-30 16:21:54 status half-installed libnsl2:amd64 1.3.0-2
2024-06-30 16:21:54 status unpacked libnsl2:amd64 1.3.0-2
2024-06-30 16:21:54 install libp11-kit0:amd64 <none> 0.23.22-1
2024-06-30 16:21:54 status half-installed libp11-kit0:amd64 0.23.22-1
2024-06-30 16:21:54 status unpacked libp11-kit0:amd64 0.23.22-1
2024-06-30 16:21:55 install libpam-modules:amd64 <none> 1.4.0-9+deb11u1
2024-06-30 16:21:55 status half-installed libpam-modules:amd64 1.4.0-9+deb11u1
2024-06-30 16:21:55 status unpacked libpam-modules:amd64 1.4.0-9+deb11u1
2024-06-30 16:21:55 install libpam-modules-bin:amd64 <none> 1.4.0-9+deb11u1
2024-06-30 16:21:55 status half-installed libpam-modules-bin:amd64 1.4.0-9+deb11u1
2024-06-30 16:21:55 status unpacked libpam-modules-bin:amd64 1.4.0-9+deb11u1
2024-06-30 16:21:55 install libpam-runtime:all <none> 1.4.0-9+deb11u1
2024-06-30 16:21:55 status half-installed libpam-runtime:all 1.4.0-9+deb11u1
2024-06-30 16:21:55 status unpacked libpam-runtime:all 1.4.0-9+deb11u1
2024-06-30 16:21:55 install libpam0g:amd64 <none> 1.4.0-9+deb11u1
2024-06-30 16:21:55 status half-installed libpam0g:amd64 1.4.0-9+deb11u1
2024-06-30 16:21:55 status unpacked libpam0g:amd64 1.4.0-9+deb11u1
2024-06-30 16:21:55 install libpcre2-8-0:amd64 <none> 10.36-2+deb11u1
2024-06-30 16:21:55 status half-installed libpcre2-8-0:amd64 10.36-2+deb11u1
2024-06-30 16:21:55 status unpacked libpcre2-8-0:amd64 10.36-2+deb11u1
2024-06-30 16:21:55 install libpcre3:amd64 <none> 2:8.39-13
2024-06-30 16:21:55 status half-installed libpcre3:amd64 2:8.39-13
2024-06-30 16:21:55 status unpacked libpcre3:amd64 2:8.39-13
2024-06-30 16:21:55 install libseccomp2:amd64 <none> 2.5.1-1+deb11u1
2024-06-30 16:21:55 status half-installed libseccomp2:amd64 2.5.1-1+deb11u1
2024-06-30 16:21:55 status unpacked libseccomp2:amd64 2.5.1-1+deb11u1
2024-06-30 16:21:55 install libselinux1:amd64 <none> 3.1-3
2024-06-30 16:21:55 status half-installed libselinux1:amd64 3.1-3
2024-06-30 16:21:55 status unpacked libselinux1:amd64 3.1-3
2024-06-30 16:21:55 install libsemanage-common:all <none> 3.1-1
2024-06-30 16:21:55 status half-installed libsemanage-common:all 3.1-1
2024-06-30 16:21:55 status unpacked libsemanage-common:all 3.1-1
2024-06-30 16:21:55 install libsemanage1:amd64 <none> 3.1-1+b2
2024-06-30 16:21:55 status half-installed libsemanage1:amd64 3.1-1+b2
2024-06-30 16:21:55 status unpacked libsemanage1:amd64 3.1-1+b2
2024-06-30 16:21:55 install libsepol1:amd64 <none> 3.1-1
2024-06-30 16:21:55 status half-installed libsepol1:amd64 3.1-1
2024-06-30 16:21:55 status unpacked libsepol1:amd64 3.1-1
2024-06-30 16:21:55 install libsmartcols1:amd64 <none> 2.36.1-8+deb11u2
2024-06-30 16:21:55 status half-installed libsmartcols1:amd64 2.36.1-8+deb11u2
2024-06-30 16:21:55 status unpacked libsmartcols1:amd64 2.36.1-8+deb11u2
2024-06-30 16:21:55 install libss2:amd64 <none> 1.46.2-2
2024-06-30 16:21:55 status half-installed libss2:amd64 1.46.2-2
2024-06-30 16:21:55 status unpacked libss2:amd64 1.46.2-2
2024-06-30 16:21:55 install libssl1.1:amd64 <none> 1.1.1w-0+deb11u1
2024-06-30 16:21:55 status half-installed libssl1.1:amd64 1.1.1w-0+deb11u1
2024-06-30 16:21:55 status unpacked libssl1.1:amd64 1.1.1w-0+deb11u1
2024-06-30 16:21:55 install libstdc++6:amd64 <none> 10.2.1-6
2024-06-30 16:21:55 status half-installed libstdc++6:amd64 10.2.1-6
2024-06-30 16:21:55 status unpacked libstdc++6:amd64 10.2.1-6
2024-06-30 16:21:55 install libsystemd0:amd64 <none> 247.3-7+deb11u5
2024-06-30 16:21:55 status half-installed libsystemd0:amd64 247.3-7+deb11u5
2024-06-30 16:21:55 status unpacked libsystemd0:amd64 247.3-7+deb11u5
2024-06-30 16:21:55 install libtasn1-6:amd64 <none> 4.16.0-2+deb11u1
2024-06-30 16:21:55 status half-installed libtasn1-6:amd64 4.16.0-2+deb11u1
2024-06-30 16:21:56 status unpacked libtasn1-6:amd64 4.16.0-2+deb11u1
2024-06-30 16:21:56 install libtinfo6:amd64 <none> 6.2+20201114-2+deb11u2
2024-06-30 16:21:56 status half-installed libtinfo6:amd64 6.2+20201114-2+deb11u2
2024-06-30 16:21:56 status unpacked libtinfo6:amd64 6.2+20201114-2+deb11u2
2024-06-30 16:21:56 install libtirpc-common:all <none> 1.3.1-1+deb11u1
2024-06-30 16:21:56 status half-installed libtirpc-common:all 1.3.1-1+deb11u1
2024-06-30 16:21:56 status unpacked libtirpc-common:all 1.3.1-1+deb11u1
2024-06-30 16:21:56 install libtirpc3:amd64 <none> 1.3.1-1+deb11u1
2024-06-30 16:21:56 status half-installed libtirpc3:amd64 1.3.1-1+deb11u1
2024-06-30 16:21:56 status unpacked libtirpc3:amd64 1.3.1-1+deb11u1
2024-06-30 16:21:56 install libudev1:amd64 <none> 247.3-7+deb11u5
2024-06-30 16:21:56 status half-installed libudev1:amd64 247.3-7+deb11u5
2024-06-30 16:21:56 status unpacked libudev1:amd64 247.3-7+deb11u5
2024-06-30 16:21:56 install libunistring2:amd64 <none> 0.9.10-4
2024-06-30 16:21:56 status half-installed libunistring2:amd64 0.9.10-4
2024-06-30 16:21:56 status unpacked libunistring2:amd64 0.9.10-4
2024-06-30 16:21:56 install libuuid1:amd64 <none> 2.36.1-8+deb11u2
2024-06-30 16:21:56 status half-installed libuuid1:amd64 2.36.1-8+deb11u2
2024-06-30 16:21:56 status unpacked libuuid1:amd64 2.36.1-8+deb11u2
2024-06-30 16:21:56 install libxxhash0:amd64 <none> 0.8.0-2
2024-06-30 16:21:56 status half-installed libxxhash0:amd64 0.8.0-2
2024-06-30 16:21:56 status unpacked libxxhash0:amd64 0.8.0-2
2024-06-30 16:21:56 install libzstd1:amd64 <none> 1.4.8+dfsg-2.1
2024-06-30 16:21:56 status half-installed libzstd1:amd64 1.4.8+dfsg-2.1
2024-06-30 16:21:56 status unpacked libzstd1:amd64 1.4.8+dfsg-2.1
2024-06-30 16:21:56 install login:amd64 <none> 1:4.8.1-1
2024-06-30 16:21:56 status half-installed login:amd64 1:4.8.1-1
2024-06-30 16:21:56 status unpacked login:amd64 1:4.8.1-1
2024-06-30 16:21:56 install logsave:amd64 <none> 1.46.2-2
2024-06-30 16:21:56 status half-installed logsave:amd64 1.46.2-2
2024-06-30 16:21:56 status unpacked logsave:amd64 1.46.2-2
2024-06-30 16:21:56 install lsb-base:all <none> 11.1.0
2024-06-30 16:21:56 status half-installed lsb-base:all 11.1.0
2024-06-30 16:21:56 status unpacked lsb-base:all 11.1.0
2024-06-30 16:21:56 upgrade mawk:amd64 1.3.4.20200120-2 1.3.4.20200120-2
2024-06-30 16:21:56 status half-configured mawk:amd64 1.3.4.20200120-2
2024-06-30 16:21:56 status unpacked mawk:amd64 1.3.4.20200120-2
2024-06-30 16:21:56 status half-installed mawk:amd64 1.3.4.20200120-2
2024-06-30 16:21:56 status unpacked mawk:amd64 1.3.4.20200120-2
2024-06-30 16:21:56 install mount:amd64 <none> 2.36.1-8+deb11u2
2024-06-30 16:21:56 status half-installed mount:amd64 2.36.1-8+deb11u2
2024-06-30 16:21:56 status unpacked mount:amd64 2.36.1-8+deb11u2
2024-06-30 16:21:56 install ncurses-base:all <none> 6.2+20201114-2+deb11u2
2024-06-30 16:21:56 status half-installed ncurses-base:all 6.2+20201114-2+deb11u2
2024-06-30 16:21:56 status unpacked ncurses-base:all 6.2+20201114-2+deb11u2
2024-06-30 16:21:56 install ncurses-bin:amd64 <none> 6.2+20201114-2+deb11u2
2024-06-30 16:21:56 status half-installed ncurses-bin:amd64 6.2+20201114-2+deb11u2
2024-06-30 16:21:56 status unpacked ncurses-bin:amd64 6.2+20201114-2+deb11u2
2024-06-30 16:21:56 install passwd:amd64 <none> 1:4.8.1-1
2024-06-30 16:21:56 status half-installed passwd:amd64 1:4.8.1-1
2024-06-30 16:21:56 status unpacked passwd:amd64 1:4.8.1-1
2024-06-30 16:21:56 upgrade perl-base:amd64 5.32.1-4+deb11u3 5.32.1-4+deb11u3
2024-06-30 16:21:56 status half-configured perl-base:amd64 5.32.1-4+deb11u3
2024-06-30 16:21:56 status unpacked perl-base:amd64 5.32.1-4+deb11u3
2024-06-30 16:21:56 status half-installed perl-base:amd64 5.32.1-4+deb11u3
2024-06-30 16:21:57 status unpacked perl-base:amd64 5.32.1-4+deb11u3
2024-06-30 16:21:57 install sed:amd64 <none> 4.7-1
2024-06-30 16:21:57 status half-installed sed:amd64 4.7-1
2024-06-30 16:21:57 status unpacked sed:amd64 4.7-1
2024-06-30 16:21:57 install sysvinit-utils:amd64 <none> 2.96-7+deb11u1
2024-06-30 16:21:57 status half-installed sysvinit-utils:amd64 2.96-7+deb11u1
2024-06-30 16:21:57 status unpacked sysvinit-utils:amd64 2.96-7+deb11u1
2024-06-30 16:21:57 install tar:amd64 <none> 1.34+dfsg-1+deb11u1
2024-06-30 16:21:57 status half-installed tar:amd64 1.34+dfsg-1+deb11u1
2024-06-30 16:21:57 status unpacked tar:amd64 1.34+dfsg-1+deb11u1
2024-06-30 16:21:57 install tzdata:all <none> 2024a-0+deb11u1
2024-06-30 16:21:57 status half-installed tzdata:all 2024a-0+deb11u1
2024-06-30 16:21:57 status unpacked tzdata:all 2024a-0+deb11u1
2024-06-30 16:21:57 install util-linux:amd64 <none> 2.36.1-8+deb11u2
2024-06-30 16:21:57 status half-installed util-linux:amd64 2.36.1-8+deb11u2
2024-06-30 16:21:57 status unpacked util-linux:amd64 2.36.1-8+deb11u2
2024-06-30 16:21:58 install zlib1g:amd64 <none> 1:1.2.11.dfsg-2+deb11u2
2024-06-30 16:21:58 status half-installed zlib1g:amd64 1:1.2.11.dfsg-2+deb11u2
2024-06-30 16:21:58 status unpacked zlib1g:amd64 1:1.2.11.dfsg-2+deb11u2
2024-06-30 16:21:58 startup packages configure
2024-06-30 16:21:58 configure lsb-base:all 11.1.0 <none>
2024-06-30 16:21:58 status unpacked lsb-base:all 11.1.0
2024-06-30 16:21:58 status half-configured lsb-base:all 11.1.0
2024-06-30 16:21:58 status installed lsb-base:all 11.1.0
2024-06-30 16:21:58 configure libtirpc-common:all 1.3.1-1+deb11u1 <none>
2024-06-30 16:21:58 status unpacked libtirpc-common:all 1.3.1-1+deb11u1
2024-06-30 16:21:58 status half-configured libtirpc-common:all 1.3.1-1+deb11u1
2024-06-30 16:21:58 status installed libtirpc-common:all 1.3.1-1+deb11u1
2024-06-30 16:21:58 configure debian-archive-keyring:all 2021.1.1+deb11u1 <none>
2024-06-30 16:21:58 status unpacked debian-archive-keyring:all 2021.1.1+deb11u1
2024-06-30 16:21:58 status half-configured debian-archive-keyring:all 2021.1.1+deb11u1
2024-06-30 16:21:58 status installed debian-archive-keyring:all 2021.1.1+deb11u1
2024-06-30 16:21:58 configure libaudit-common:all 1:3.0-2 <none>
2024-06-30 16:21:58 status unpacked libaudit-common:all 1:3.0-2
2024-06-30 16:21:58 status half-configured libaudit-common:all 1:3.0-2
2024-06-30 16:21:58 status installed libaudit-common:all 1:3.0-2
2024-06-30 16:21:58 configure libsemanage-common:all 3.1-1 <none>
2024-06-30 16:21:58 status unpacked libsemanage-common:all 3.1-1
2024-06-30 16:21:58 status half-configured libsemanage-common:all 3.1-1
2024-06-30 16:21:58 status installed libsemanage-common:all 3.1-1
2024-06-30 16:21:58 configure gcc-10-base:amd64 10.2.1-6 <none>
2024-06-30 16:21:58 status unpacked gcc-10-base:amd64 10.2.1-6
2024-06-30 16:21:58 status half-configured gcc-10-base:amd64 10.2.1-6
2024-06-30 16:21:58 status installed gcc-10-base:amd64 10.2.1-6
2024-06-30 16:21:58 configure ncurses-base:all 6.2+20201114-2+deb11u2 <none>
2024-06-30 16:21:58 status unpacked ncurses-base:all 6.2+20201114-2+deb11u2
2024-06-30 16:21:58 status half-configured ncurses-base:all 6.2+20201114-2+deb11u2
2024-06-30 16:21:58 status installed ncurses-base:all 6.2+20201114-2+deb11u2
2024-06-30 16:21:58 configure gcc-9-base:amd64 9.3.0-22 <none>
2024-06-30 16:21:58 status unpacked gcc-9-base:amd64 9.3.0-22
2024-06-30 16:21:58 status half-configured gcc-9-base:amd64 9.3.0-22
2024-06-30 16:21:58 status installed gcc-9-base:amd64 9.3.0-22
2024-06-30 16:21:58 configure libcrypt1:amd64 1:4.4.18-4 <none>
2024-06-30 16:21:58 status unpacked libcrypt1:amd64 1:4.4.18-4
2024-06-30 16:21:58 status half-configured libcrypt1:amd64 1:4.4.18-4
2024-06-30 16:21:58 status installed libcrypt1:amd64 1:4.4.18-4
2024-06-30 16:21:58 configure libgcc-s1:amd64 10.2.1-6 <none>
2024-06-30 16:21:58 status unpacked libgcc-s1:amd64 10.2.1-6
2024-06-30 16:21:58 status half-configured libgcc-s1:amd64 10.2.1-6
2024-06-30 16:21:58 status installed libgcc-s1:amd64 10.2.1-6
2024-06-30 16:21:58 configure libc6:amd64 2.31-13+deb11u10 <none>
2024-06-30 16:21:58 status unpacked libc6:amd64 2.31-13+deb11u10
2024-06-30 16:21:58 status half-configured libc6:amd64 2.31-13+deb11u10
2024-06-30 16:21:58 status installed libc6:amd64 2.31-13+deb11u10
2024-06-30 16:21:58 configure libudev1:amd64 247.3-7+deb11u5 <none>
2024-06-30 16:21:58 status unpacked libudev1:amd64 247.3-7+deb11u5
2024-06-30 16:21:58 status half-configured libudev1:amd64 247.3-7+deb11u5
2024-06-30 16:21:58 status installed libudev1:amd64 247.3-7+deb11u5
2024-06-30 16:21:58 configure libsepol1:amd64 3.1-1 <none>
2024-06-30 16:21:58 status unpacked libsepol1:amd64 3.1-1
2024-06-30 16:21:58 status half-configured libsepol1:amd64 3.1-1
2024-06-30 16:21:58 status installed libsepol1:amd64 3.1-1
2024-06-30 16:21:58 configure libxxhash0:amd64 0.8.0-2 <none>
2024-06-30 16:21:58 status unpacked libxxhash0:amd64 0.8.0-2
2024-06-30 16:21:58 status half-configured libxxhash0:amd64 0.8.0-2
2024-06-30 16:21:58 status installed libxxhash0:amd64 0.8.0-2
2024-06-30 16:21:58 configure libattr1:amd64 1:2.4.48-6 <none>
2024-06-30 16:21:58 status unpacked libattr1:amd64 1:2.4.48-6
2024-06-30 16:21:58 status half-configured libattr1:amd64 1:2.4.48-6
2024-06-30 16:21:58 status installed libattr1:amd64 1:2.4.48-6
2024-06-30 16:21:58 configure sysvinit-utils:amd64 2.96-7+deb11u1 <none>
2024-06-30 16:21:58 status unpacked sysvinit-utils:amd64 2.96-7+deb11u1
2024-06-30 16:21:58 status half-configured sysvinit-utils:amd64 2.96-7+deb11u1
2024-06-30 16:21:58 status installed sysvinit-utils:amd64 2.96-7+deb11u1
2024-06-30 16:21:58 configure libtasn1-6:amd64 4.16.0-2+deb11u1 <none>
2024-06-30 16:21:58 status unpacked libtasn1-6:amd64 4.16.0-2+deb11u1
2024-06-30 16:21:58 status half-configured libtasn1-6:amd64 4.16.0-2+deb11u1
2024-06-30 16:21:58 status installed libtasn1-6:amd64 4.16.0-2+deb11u1
2024-06-30 16:21:58 configure debianutils:amd64 4.11.2 <none>
2024-06-30 16:21:58 status unpacked debianutils:amd64 4.11.2
2024-06-30 16:21:58 status half-configured debianutils:amd64 4.11.2
2024-06-30 16:21:58 status installed debianutils:amd64 4.11.2
2024-06-30 16:21:58 configure mawk:amd64 1.3.4.20200120-2 <none>
2024-06-30 16:21:58 status unpacked mawk:amd64 1.3.4.20200120-2
2024-06-30 16:21:58 status half-configured mawk:amd64 1.3.4.20200120-2
2024-06-30 16:21:58 status installed mawk:amd64 1.3.4.20200120-2
2024-06-30 16:21:58 configure libdebconfclient0:amd64 0.260 <none>
2024-06-30 16:21:58 status unpacked libdebconfclient0:amd64 0.260
2024-06-30 16:21:58 status half-configured libdebconfclient0:amd64 0.260
2024-06-30 16:21:58 status installed libdebconfclient0:amd64 0.260
2024-06-30 16:21:58 configure base-files:amd64 11.1+deb11u10 <none>
2024-06-30 16:21:58 status unpacked base-files:amd64 11.1+deb11u10
2024-06-30 16:21:58 status half-configured base-files:amd64 11.1+deb11u10
2024-06-30 16:21:58 status installed base-files:amd64 11.1+deb11u10
2024-06-30 16:21:58 configure libbz2-1.0:amd64 1.0.8-4 <none>
2024-06-30 16:21:58 status unpacked libbz2-1.0:amd64 1.0.8-4
2024-06-30 16:21:58 status half-configured libbz2-1.0:amd64 1.0.8-4
2024-06-30 16:21:58 status installed libbz2-1.0:amd64 1.0.8-4
2024-06-30 16:21:58 configure base-passwd:amd64 3.5.51 <none>
2024-06-30 16:21:58 status unpacked base-passwd:amd64 3.5.51
2024-06-30 16:21:58 status half-configured base-passwd:amd64 3.5.51
2024-06-30 16:21:58 status installed base-passwd:amd64 3.5.51
2024-06-30 16:21:58 configure libdb5.3:amd64 5.3.28+dfsg1-0.8 <none>
2024-06-30 16:21:58 status unpacked libdb5.3:amd64 5.3.28+dfsg1-0.8
2024-06-30 16:21:58 status half-configured libdb5.3:amd64 5.3.28+dfsg1-0.8
2024-06-30 16:21:58 status installed libdb5.3:amd64 5.3.28+dfsg1-0.8
2024-06-30 16:21:58 configure libblkid1:amd64 2.36.1-8+deb11u2 <none>
2024-06-30 16:21:58 status unpacked libblkid1:amd64 2.36.1-8+deb11u2
2024-06-30 16:21:58 status half-configured libblkid1:amd64 2.36.1-8+deb11u2
2024-06-30 16:21:58 status installed libblkid1:amd64 2.36.1-8+deb11u2
2024-06-30 16:21:58 configure libstdc++6:amd64 10.2.1-6 <none>
2024-06-30 16:21:58 status unpacked libstdc++6:amd64 10.2.1-6
2024-06-30 16:21:58 status half-configured libstdc++6:amd64 10.2.1-6
2024-06-30 16:21:58 status installed libstdc++6:amd64 10.2.1-6
2024-06-30 16:21:58 configure libtinfo6:amd64 6.2+20201114-2+deb11u2 <none>
2024-06-30 16:21:58 status unpacked libtinfo6:amd64 6.2+20201114-2+deb11u2
2024-06-30 16:21:58 status half-configured libtinfo6:amd64 6.2+20201114-2+deb11u2
2024-06-30 16:21:58 status installed libtinfo6:amd64 6.2+20201114-2+deb11u2
2024-06-30 16:21:58 configure bash:amd64 5.1-2+deb11u1 <none>
2024-06-30 16:21:58 status unpacked bash:amd64 5.1-2+deb11u1
2024-06-30 16:21:58 status half-configured bash:amd64 5.1-2+deb11u1
2024-06-30 16:21:58 status installed bash:amd64 5.1-2+deb11u1
2024-06-30 16:21:58 configure libzstd1:amd64 1.4.8+dfsg-2.1 <none>
2024-06-30 16:21:58 status unpacked libzstd1:amd64 1.4.8+dfsg-2.1
2024-06-30 16:21:58 status half-configured libzstd1:amd64 1.4.8+dfsg-2.1
2024-06-30 16:21:58 status installed libzstd1:amd64 1.4.8+dfsg-2.1
2024-06-30 16:21:58 configure libkeyutils1:amd64 1.6.1-2 <none>
2024-06-30 16:21:58 status unpacked libkeyutils1:amd64 1.6.1-2
2024-06-30 16:21:58 status half-configured libkeyutils1:amd64 1.6.1-2
2024-06-30 16:21:58 status installed libkeyutils1:amd64 1.6.1-2
2024-06-30 16:21:58 configure liblzma5:amd64 5.2.5-2.1~deb11u1 <none>
2024-06-30 16:21:58 status unpacked liblzma5:amd64 5.2.5-2.1~deb11u1
2024-06-30 16:21:58 status half-configured liblzma5:amd64 5.2.5-2.1~deb11u1
2024-06-30 16:21:58 status installed liblzma5:amd64 5.2.5-2.1~deb11u1
2024-06-30 16:21:58 configure libgpg-error0:amd64 1.38-2 <none>
2024-06-30 16:21:58 status unpacked libgpg-error0:amd64 1.38-2
2024-06-30 16:21:58 status half-configured libgpg-error0:amd64 1.38-2
2024-06-30 16:21:58 status installed libgpg-error0:amd64 1.38-2
2024-06-30 16:21:58 configure liblz4-1:amd64 1.9.3-2 <none>
2024-06-30 16:21:58 status unpacked liblz4-1:amd64 1.9.3-2
2024-06-30 16:21:58 status half-configured liblz4-1:amd64 1.9.3-2
2024-06-30 16:21:58 status installed liblz4-1:amd64 1.9.3-2
2024-06-30 16:21:58 configure libc-bin:amd64 2.31-13+deb11u10 <none>
2024-06-30 16:21:58 status unpacked libc-bin:amd64 2.31-13+deb11u10
2024-06-30 16:21:58 status half-configured libc-bin:amd64 2.31-13+deb11u10
2024-06-30 16:21:58 status installed libc-bin:amd64 2.31-13+deb11u10
2024-06-30 16:21:58 configure ncurses-bin:amd64 6.2+20201114-2+deb11u2 <none>
2024-06-30 16:21:58 status unpacked ncurses-bin:amd64 6.2+20201114-2+deb11u2
2024-06-30 16:21:58 status half-configured ncurses-bin:amd64 6.2+20201114-2+deb11u2
2024-06-30 16:21:58 status installed ncurses-bin:amd64 6.2+20201114-2+deb11u2
2024-06-30 16:21:58 configure libffi7:amd64 3.3-6 <none>
2024-06-30 16:21:58 status triggers-pending libc-bin:amd64 2.31-13+deb11u10
2024-06-30 16:21:58 status unpacked libffi7:amd64 3.3-6
2024-06-30 16:21:58 status half-configured libffi7:amd64 3.3-6
2024-06-30 16:21:58 status installed libffi7:amd64 3.3-6
2024-06-30 16:21:58 configure libacl1:amd64 2.2.53-10 <none>
2024-06-30 16:21:58 status unpacked libacl1:amd64 2.2.53-10
2024-06-30 16:21:58 status half-configured libacl1:amd64 2.2.53-10
2024-06-30 16:21:58 status installed libacl1:amd64 2.2.53-10
2024-06-30 16:21:58 configure libunistring2:amd64 0.9.10-4 <none>
2024-06-30 16:21:58 status unpacked libunistring2:amd64 0.9.10-4
2024-06-30 16:21:58 status half-configured libunistring2:amd64 0.9.10-4
2024-06-30 16:21:58 status installed libunistring2:amd64 0.9.10-4
2024-06-30 16:21:58 configure libsmartcols1:amd64 2.36.1-8+deb11u2 <none>
2024-06-30 16:21:58 status unpacked libsmartcols1:amd64 2.36.1-8+deb11u2
2024-06-30 16:21:58 status half-configured libsmartcols1:amd64 2.36.1-8+deb11u2
2024-06-30 16:21:58 status installed libsmartcols1:amd64 2.36.1-8+deb11u2
2024-06-30 16:21:58 configure libgcrypt20:amd64 1.8.7-6 <none>
2024-06-30 16:21:58 status unpacked libgcrypt20:amd64 1.8.7-6
2024-06-30 16:21:58 status half-configured libgcrypt20:amd64 1.8.7-6
2024-06-30 16:21:58 status installed libgcrypt20:amd64 1.8.7-6
2024-06-30 16:21:58 configure zlib1g:amd64 1:1.2.11.dfsg-2+deb11u2 <none>
2024-06-30 16:21:58 status unpacked zlib1g:amd64 1:1.2.11.dfsg-2+deb11u2
2024-06-30 16:21:58 status half-configured zlib1g:amd64 1:1.2.11.dfsg-2+deb11u2
2024-06-30 16:21:58 status installed zlib1g:amd64 1:1.2.11.dfsg-2+deb11u2
2024-06-30 16:21:58 configure libidn2-0:amd64 2.3.0-5 <none>
2024-06-30 16:21:58 status unpacked libidn2-0:amd64 2.3.0-5
2024-06-30 16:21:58 status half-configured libidn2-0:amd64 2.3.0-5
2024-06-30 16:21:58 status installed libidn2-0:amd64 2.3.0-5
2024-06-30 16:21:58 configure libcom-err2:amd64 1.46.2-2 <none>
2024-06-30 16:21:58 status unpacked libcom-err2:amd64 1.46.2-2
2024-06-30 16:21:58 status half-configured libcom-err2:amd64 1.46.2-2
2024-06-30 16:21:58 status installed libcom-err2:amd64 1.46.2-2
2024-06-30 16:21:58 configure diffutils:amd64 1:3.7-5 <none>
2024-06-30 16:21:58 status unpacked diffutils:amd64 1:3.7-5
2024-06-30 16:21:58 status half-configured diffutils:amd64 1:3.7-5
2024-06-30 16:21:58 status installed diffutils:amd64 1:3.7-5
2024-06-30 16:21:58 configure libseccomp2:amd64 2.5.1-1+deb11u1 <none>
2024-06-30 16:21:58 status unpacked libseccomp2:amd64 2.5.1-1+deb11u1
2024-06-30 16:21:58 status half-configured libseccomp2:amd64 2.5.1-1+deb11u1
2024-06-30 16:21:58 status installed libseccomp2:amd64 2.5.1-1+deb11u1
2024-06-30 16:21:58 configure libsystemd0:amd64 247.3-7+deb11u5 <none>
2024-06-30 16:21:58 status unpacked libsystemd0:amd64 247.3-7+deb11u5
2024-06-30 16:21:58 status half-configured libsystemd0:amd64 247.3-7+deb11u5
2024-06-30 16:21:58 status installed libsystemd0:amd64 247.3-7+deb11u5
2024-06-30 16:21:58 configure libkrb5support0:amd64 1.18.3-6+deb11u4 <none>
2024-06-30 16:21:58 status unpacked libkrb5support0:amd64 1.18.3-6+deb11u4
2024-06-30 16:21:58 status half-configured libkrb5support0:amd64 1.18.3-6+deb11u4
2024-06-30 16:21:58 status installed libkrb5support0:amd64 1.18.3-6+deb11u4
2024-06-30 16:21:58 configure hostname:amd64 3.23 <none>
2024-06-30 16:21:58 status unpacked hostname:amd64 3.23
2024-06-30 16:21:58 status half-configured hostname:amd64 3.23
2024-06-30 16:21:58 status installed hostname:amd64 3.23
2024-06-30 16:21:58 configure libpcre3:amd64 2:8.39-13 <none>
2024-06-30 16:21:58 status unpacked libpcre3:amd64 2:8.39-13
2024-06-30 16:21:58 status half-configured libpcre3:amd64 2:8.39-13
2024-06-30 16:21:58 status installed libpcre3:amd64 2:8.39-13
2024-06-30 16:21:58 configure libcap-ng0:amd64 0.7.9-2.2+b1 <none>
2024-06-30 16:21:58 status unpacked libcap-ng0:amd64 0.7.9-2.2+b1
2024-06-30 16:21:58 status half-configured libcap-ng0:amd64 0.7.9-2.2+b1
2024-06-30 16:21:58 status installed libcap-ng0:amd64 0.7.9-2.2+b1
2024-06-30 16:21:58 configure libext2fs2:amd64 1.46.2-2 <none>
2024-06-30 16:21:58 status unpacked libext2fs2:amd64 1.46.2-2
2024-06-30 16:21:58 status half-configured libext2fs2:amd64 1.46.2-2
2024-06-30 16:21:58 status installed libext2fs2:amd64 1.46.2-2
2024-06-30 16:21:58 configure libnettle8:amd64 3.7.3-1 <none>
2024-06-30 16:21:58 status unpacked libnettle8:amd64 3.7.3-1
2024-06-30 16:21:58 status half-configured libnettle8:amd64 3.7.3-1
2024-06-30 16:21:58 status installed libnettle8:amd64 3.7.3-1
2024-06-30 16:21:58 configure libapt-pkg6.0:amd64 2.2.4 <none>
2024-06-30 16:21:58 status unpacked libapt-pkg6.0:amd64 2.2.4
2024-06-30 16:21:58 status half-configured libapt-pkg6.0:amd64 2.2.4
2024-06-30 16:21:58 status installed libapt-pkg6.0:amd64 2.2.4
2024-06-30 16:21:58 configure libgmp10:amd64 2:6.2.1+dfsg-1+deb11u1 <none>
2024-06-30 16:21:58 status unpacked libgmp10:amd64 2:6.2.1+dfsg-1+deb11u1
2024-06-30 16:21:58 status half-configured libgmp10:amd64 2:6.2.1+dfsg-1+deb11u1
2024-06-30 16:21:58 status installed libgmp10:amd64 2:6.2.1+dfsg-1+deb11u1
2024-06-30 16:21:58 configure libp11-kit0:amd64 0.23.22-1 <none>
2024-06-30 16:21:58 status unpacked libp11-kit0:amd64 0.23.22-1
2024-06-30 16:21:58 status half-configured libp11-kit0:amd64 0.23.22-1
2024-06-30 16:21:58 status installed libp11-kit0:amd64 0.23.22-1
2024-06-30 16:21:58 configure libaudit1:amd64 1:3.0-2 <none>
2024-06-30 16:21:58 status unpacked libaudit1:amd64 1:3.0-2
2024-06-30 16:21:58 status half-configured libaudit1:amd64 1:3.0-2
2024-06-30 16:21:58 status installed libaudit1:amd64 1:3.0-2
2024-06-30 16:21:58 configure libuuid1:amd64 2.36.1-8+deb11u2 <none>
2024-06-30 16:21:58 status unpacked libuuid1:amd64 2.36.1-8+deb11u2
2024-06-30 16:21:58 status half-configured libuuid1:amd64 2.36.1-8+deb11u2
2024-06-30 16:21:58 status installed libuuid1:amd64 2.36.1-8+deb11u2
2024-06-30 16:21:58 configure libss2:amd64 1.46.2-2 <none>
2024-06-30 16:21:58 status unpacked libss2:amd64 1.46.2-2
2024-06-30 16:21:58 status half-configured libss2:amd64 1.46.2-2
2024-06-30 16:21:58 status installed libss2:amd64 1.46.2-2
2024-06-30 16:21:58 configure libpcre2-8-0:amd64 10.36-2+deb11u1 <none>
2024-06-30 16:21:58 status unpacked libpcre2-8-0:amd64 10.36-2+deb11u1
2024-06-30 16:21:58 status half-configured libpcre2-8-0:amd64 10.36-2+deb11u1
2024-06-30 16:21:58 status installed libpcre2-8-0:amd64 10.36-2+deb11u1
2024-06-30 16:21:58 configure libk5crypto3:amd64 1.18.3-6+deb11u4 <none>
2024-06-30 16:21:58 status unpacked libk5crypto3:amd64 1.18.3-6+deb11u4
2024-06-30 16:21:58 status half-configured libk5crypto3:amd64 1.18.3-6+deb11u4
2024-06-30 16:21:58 status installed libk5crypto3:amd64 1.18.3-6+deb11u4
2024-06-30 16:21:58 configure logsave:amd64 1.46.2-2 <none>
2024-06-30 16:21:58 status unpacked logsave:amd64 1.46.2-2
2024-06-30 16:21:58 status half-configured logsave:amd64 1.46.2-2
2024-06-30 16:21:58 status installed logsave:amd64 1.46.2-2
2024-06-30 16:21:58 configure gpgv:amd64 2.2.27-2+deb11u2 <none>
2024-06-30 16:21:58 status unpacked gpgv:amd64 2.2.27-2+deb11u2
2024-06-30 16:21:58 status half-configured gpgv:amd64 2.2.27-2+deb11u2
2024-06-30 16:21:58 status installed gpgv:amd64 2.2.27-2+deb11u2
2024-06-30 16:21:58 configure libhogweed6:amd64 3.7.3-1 <none>
2024-06-30 16:21:58 status unpacked libhogweed6:amd64 3.7.3-1
2024-06-30 16:21:58 status half-configured libhogweed6:amd64 3.7.3-1
2024-06-30 16:21:58 status installed libhogweed6:amd64 3.7.3-1
2024-06-30 16:21:58 configure bsdutils:amd64 1:2.36.1-8+deb11u2 <none>
2024-06-30 16:21:58 status unpacked bsdutils:amd64 1:2.36.1-8+deb11u2
2024-06-30 16:21:58 status half-configured bsdutils:amd64 1:2.36.1-8+deb11u2
2024-06-30 16:21:58 status installed bsdutils:amd64 1:2.36.1-8+deb11u2
2024-06-30 16:21:58 configure e2fsprogs:amd64 1.46.2-2 <none>
2024-06-30 16:21:58 status unpacked e2fsprogs:amd64 1.46.2-2
2024-06-30 16:21:58 status half-configured e2fsprogs:amd64 1.46.2-2
2024-06-30 16:21:59 status installed e2fsprogs:amd64 1.46.2-2
2024-06-30 16:21:59 configure libselinux1:amd64 3.1-3 <none>
2024-06-30 16:21:59 status unpacked libselinux1:amd64 3.1-3
2024-06-30 16:21:59 status half-configured libselinux1:amd64 3.1-3
2024-06-30 16:21:59 status installed libselinux1:amd64 3.1-3
2024-06-30 16:21:59 configure libgnutls30:amd64 3.7.1-5+deb11u5 <none>
2024-06-30 16:21:59 status unpacked libgnutls30:amd64 3.7.1-5+deb11u5
2024-06-30 16:21:59 status half-configured libgnutls30:amd64 3.7.1-5+deb11u5
2024-06-30 16:21:59 status installed libgnutls30:amd64 3.7.1-5+deb11u5
2024-06-30 16:21:59 configure sed:amd64 4.7-1 <none>
2024-06-30 16:21:59 status unpacked sed:amd64 4.7-1
2024-06-30 16:21:59 status half-configured sed:amd64 4.7-1
2024-06-30 16:21:59 status installed sed:amd64 4.7-1
2024-06-30 16:21:59 configure findutils:amd64 4.8.0-1 <none>
2024-06-30 16:21:59 status unpacked findutils:amd64 4.8.0-1
2024-06-30 16:21:59 status half-configured findutils:amd64 4.8.0-1
2024-06-30 16:21:59 status installed findutils:amd64 4.8.0-1
2024-06-30 16:21:59 configure libmount1:amd64 2.36.1-8+deb11u2 <none>
2024-06-30 16:21:59 status unpacked libmount1:amd64 2.36.1-8+deb11u2
2024-06-30 16:21:59 status half-configured libmount1:amd64 2.36.1-8+deb11u2
2024-06-30 16:21:59 status installed libmount1:amd64 2.36.1-8+deb11u2
2024-06-30 16:21:59 configure libsemanage1:amd64 3.1-1+b2 <none>
2024-06-30 16:21:59 status unpacked libsemanage1:amd64 3.1-1+b2
2024-06-30 16:21:59 status half-configured libsemanage1:amd64 3.1-1+b2
2024-06-30 16:21:59 status installed libsemanage1:amd64 3.1-1+b2
2024-06-30 16:21:59 configure tar:amd64 1.34+dfsg-1+deb11u1 <none>
2024-06-30 16:21:59 status unpacked tar:amd64 1.34+dfsg-1+deb11u1
2024-06-30 16:21:59 status half-configured tar:amd64 1.34+dfsg-1+deb11u1
2024-06-30 16:21:59 status installed tar:amd64 1.34+dfsg-1+deb11u1
2024-06-30 16:21:59 configure coreutils:amd64 8.32-4+b1 <none>
2024-06-30 16:21:59 status unpacked coreutils:amd64 8.32-4+b1
2024-06-30 16:21:59 status half-configured coreutils:amd64 8.32-4+b1
2024-06-30 16:21:59 status installed coreutils:amd64 8.32-4+b1
2024-06-30 16:21:59 configure dpkg:amd64 1.20.13 <none>
2024-06-30 16:21:59 status unpacked dpkg:amd64 1.20.13
2024-06-30 16:21:59 status half-configured dpkg:amd64 1.20.13
2024-06-30 16:21:59 status installed dpkg:amd64 1.20.13
2024-06-30 16:21:59 configure grep:amd64 3.6-1+deb11u1 <none>
2024-06-30 16:21:59 status unpacked grep:amd64 3.6-1+deb11u1
2024-06-30 16:21:59 status half-configured grep:amd64 3.6-1+deb11u1
2024-06-30 16:21:59 status installed grep:amd64 3.6-1+deb11u1
2024-06-30 16:21:59 configure perl-base:amd64 5.32.1-4+deb11u3 <none>
2024-06-30 16:21:59 status unpacked perl-base:amd64 5.32.1-4+deb11u3
2024-06-30 16:21:59 status half-configured perl-base:amd64 5.32.1-4+deb11u3
2024-06-30 16:21:59 status installed perl-base:amd64 5.32.1-4+deb11u3
2024-06-30 16:21:59 configure init-system-helpers:all 1.60 <none>
2024-06-30 16:21:59 status unpacked init-system-helpers:all 1.60
2024-06-30 16:21:59 status half-configured init-system-helpers:all 1.60
2024-06-30 16:21:59 status installed init-system-helpers:all 1.60
2024-06-30 16:21:59 configure gzip:amd64 1.10-4+deb11u1 <none>
2024-06-30 16:21:59 status unpacked gzip:amd64 1.10-4+deb11u1
2024-06-30 16:21:59 status half-configured gzip:amd64 1.10-4+deb11u1
2024-06-30 16:21:59 status installed gzip:amd64 1.10-4+deb11u1
2024-06-30 16:21:59 configure debconf:all 1.5.77 <none>
2024-06-30 16:21:59 status unpacked debconf:all 1.5.77
2024-06-30 16:21:59 status half-configured debconf:all 1.5.77
2024-06-30 16:21:59 status installed debconf:all 1.5.77
2024-06-30 16:21:59 configure tzdata:all 2024a-0+deb11u1 <none>
2024-06-30 16:21:59 status unpacked tzdata:all 2024a-0+deb11u1
2024-06-30 16:21:59 status half-configured tzdata:all 2024a-0+deb11u1
2024-06-30 16:21:59 status installed tzdata:all 2024a-0+deb11u1
2024-06-30 16:21:59 configure libpam0g:amd64 1.4.0-9+deb11u1 <none>
2024-06-30 16:21:59 status unpacked libpam0g:amd64 1.4.0-9+deb11u1
2024-06-30 16:21:59 status half-configured libpam0g:amd64 1.4.0-9+deb11u1
2024-06-30 16:21:59 status installed libpam0g:amd64 1.4.0-9+deb11u1
2024-06-30 16:21:59 configure dash:amd64 0.5.11+git20200708+dd9ef66-5 <none>
2024-06-30 16:21:59 status unpacked dash:amd64 0.5.11+git20200708+dd9ef66-5
2024-06-30 16:21:59 status half-configured dash:amd64 0.5.11+git20200708+dd9ef66-5
2024-06-30 16:21:59 status installed dash:amd64 0.5.11+git20200708+dd9ef66-5
2024-06-30 16:21:59 configure libssl1.1:amd64 1.1.1w-0+deb11u1 <none>
2024-06-30 16:21:59 status unpacked libssl1.1:amd64 1.1.1w-0+deb11u1
2024-06-30 16:21:59 status half-configured libssl1.1:amd64 1.1.1w-0+deb11u1
2024-06-30 16:21:59 status installed libssl1.1:amd64 1.1.1w-0+deb11u1
2024-06-30 16:21:59 configure libpam-modules-bin:amd64 1.4.0-9+deb11u1 <none>
2024-06-30 16:21:59 status unpacked libpam-modules-bin:amd64 1.4.0-9+deb11u1
2024-06-30 16:21:59 status half-configured libpam-modules-bin:amd64 1.4.0-9+deb11u1
2024-06-30 16:21:59 status installed libpam-modules-bin:amd64 1.4.0-9+deb11u1
2024-06-30 16:21:59 configure libkrb5-3:amd64 1.18.3-6+deb11u4 <none>
2024-06-30 16:21:59 status unpacked libkrb5-3:amd64 1.18.3-6+deb11u4
2024-06-30 16:21:59 status half-configured libkrb5-3:amd64 1.18.3-6+deb11u4
2024-06-30 16:21:59 status installed libkrb5-3:amd64 1.18.3-6+deb11u4
2024-06-30 16:21:59 configure libgssapi-krb5-2:amd64 1.18.3-6+deb11u4 <none>
2024-06-30 16:21:59 status unpacked libgssapi-krb5-2:amd64 1.18.3-6+deb11u4
2024-06-30 16:21:59 status half-configured libgssapi-krb5-2:amd64 1.18.3-6+deb11u4
2024-06-30 16:21:59 status installed libgssapi-krb5-2:amd64 1.18.3-6+deb11u4
2024-06-30 16:21:59 configure libtirpc3:amd64 1.3.1-1+deb11u1 <none>
2024-06-30 16:21:59 status unpacked libtirpc3:amd64 1.3.1-1+deb11u1
2024-06-30 16:21:59 status half-configured libtirpc3:amd64 1.3.1-1+deb11u1
2024-06-30 16:21:59 status installed libtirpc3:amd64 1.3.1-1+deb11u1
2024-06-30 16:21:59 configure libnsl2:amd64 1.3.0-2 <none>
2024-06-30 16:21:59 status unpacked libnsl2:amd64 1.3.0-2
2024-06-30 16:21:59 status half-configured libnsl2:amd64 1.3.0-2
2024-06-30 16:21:59 status installed libnsl2:amd64 1.3.0-2
2024-06-30 16:21:59 configure libpam-modules:amd64 1.4.0-9+deb11u1 <none>
2024-06-30 16:21:59 status unpacked libpam-modules:amd64 1.4.0-9+deb11u1
2024-06-30 16:21:59 status half-configured libpam-modules:amd64 1.4.0-9+deb11u1
2024-06-30 16:21:59 status installed libpam-modules:amd64 1.4.0-9+deb11u1
2024-06-30 16:21:59 configure passwd:amd64 1:4.8.1-1 <none>
2024-06-30 16:21:59 status unpacked passwd:amd64 1:4.8.1-1
2024-06-30 16:21:59 status half-configured passwd:amd64 1:4.8.1-1
2024-06-30 16:21:59 status installed passwd:amd64 1:4.8.1-1
2024-06-30 16:21:59 configure libpam-runtime:all 1.4.0-9+deb11u1 <none>
2024-06-30 16:21:59 status unpacked libpam-runtime:all 1.4.0-9+deb11u1
2024-06-30 16:21:59 status half-configured libpam-runtime:all 1.4.0-9+deb11u1
2024-06-30 16:22:00 status installed libpam-runtime:all 1.4.0-9+deb11u1
2024-06-30 16:22:00 configure login:amd64 1:4.8.1-1 <none>
2024-06-30 16:22:00 status unpacked login:amd64 1:4.8.1-1
2024-06-30 16:22:00 status half-configured login:amd64 1:4.8.1-1
2024-06-30 16:22:00 status installed login:amd64 1:4.8.1-1
2024-06-30 16:22:00 configure adduser:all 3.118+deb11u1 <none>
2024-06-30 16:22:00 status unpacked adduser:all 3.118+deb11u1
2024-06-30 16:22:00 status half-configured adduser:all 3.118+deb11u1
2024-06-30 16:22:00 status installed adduser:all 3.118+deb11u1
2024-06-30 16:22:00 configure apt:amd64 2.2.4 <none>
2024-06-30 16:22:00 status unpacked apt:amd64 2.2.4
2024-06-30 16:22:00 status half-configured apt:amd64 2.2.4
2024-06-30 16:22:00 status installed apt:amd64 2.2.4
2024-06-30 16:22:00 configure util-linux:amd64 2.36.1-8+deb11u2 <none>
2024-06-30 16:22:00 status unpacked util-linux:amd64 2.36.1-8+deb11u2
2024-06-30 16:22:00 status half-configured util-linux:amd64 2.36.1-8+deb11u2
2024-06-30 16:22:00 status installed util-linux:amd64 2.36.1-8+deb11u2
2024-06-30 16:22:00 configure mount:amd64 2.36.1-8+deb11u2 <none>
2024-06-30 16:22:00 status unpacked mount:amd64 2.36.1-8+deb11u2
2024-06-30 16:22:00 status half-configured mount:amd64 2.36.1-8+deb11u2
2024-06-30 16:22:00 status installed mount:amd64 2.36.1-8+deb11u2
2024-06-30 16:22:00 trigproc libc-bin:amd64 2.31-13+deb11u10 <none>
2024-06-30 16:22:00 status half-configured libc-bin:amd64 2.31-13+deb11u10
2024-06-30 16:22:00 status installed libc-bin:amd64 2.31-13+deb11u10
2024-06-30 16:22:08 startup archives install
2024-06-30 16:22:08 install dmsetup:amd64 <none> 2:1.02.175-2.1
2024-06-30 16:22:08 status half-installed dmsetup:amd64 2:1.02.175-2.1
2024-06-30 16:22:08 status unpacked dmsetup:amd64 2:1.02.175-2.1
2024-06-30 16:22:08 install libapparmor1:amd64 <none> 2.13.6-10
2024-06-30 16:22:08 status triggers-pending libc-bin:amd64 2.31-13+deb11u10
2024-06-30 16:22:08 status half-installed libapparmor1:amd64 2.13.6-10
2024-06-30 16:22:08 status unpacked libapparmor1:amd64 2.13.6-10
2024-06-30 16:22:08 install libargon2-1:amd64 <none> 0~20171227-0.2
2024-06-30 16:22:08 status half-installed libargon2-1:amd64 0~20171227-0.2
2024-06-30 16:22:08 status unpacked libargon2-1:amd64 0~20171227-0.2
2024-06-30 16:22:08 install libcap2:amd64 <none> 1:2.44-1
2024-06-30 16:22:08 status half-installed libcap2:amd64 1:2.44-1
2024-06-30 16:22:08 status unpacked libcap2:amd64 1:2.44-1
2024-06-30 16:22:08 install libcryptsetup12:amd64 <none> 2:2.3.7-1+deb11u1
2024-06-30 16:22:08 status half-installed libcryptsetup12:amd64 2:2.3.7-1+deb11u1
2024-06-30 16:22:08 status unpacked libcryptsetup12:amd64 2:2.3.7-1+deb11u1
2024-06-30 16:22:08 install libdevmapper1.02.1:amd64 <none> 2:1.02.175-2.1
2024-06-30 16:22:08 status half-installed libdevmapper1.02.1:amd64 2:1.02.175-2.1
2024-06-30 16:22:08 status unpacked libdevmapper1.02.1:amd64 2:1.02.175-2.1
2024-06-30 16:22:08 install libip4tc2:amd64 <none> 1.8.7-1
2024-06-30 16:22:08 status half-installed libip4tc2:amd64 1.8.7-1
2024-06-30 16:22:08 status unpacked libip4tc2:amd64 1.8.7-1
2024-06-30 16:22:08 install libjson-c5:amd64 <none> 0.15-2+deb11u1
2024-06-30 16:22:08 status half-installed libjson-c5:amd64 0.15-2+deb11u1
2024-06-30 16:22:08 status unpacked libjson-c5:amd64 0.15-2+deb11u1
2024-06-30 16:22:08 install libkmod2:amd64 <none> 28-1
2024-06-30 16:22:08 status half-installed libkmod2:amd64 28-1
2024-06-30 16:22:08 status unpacked libkmod2:amd64 28-1
2024-06-30 16:22:08 install systemd:amd64 <none> 247.3-7+deb11u5
2024-06-30 16:22:08 status half-installed systemd:amd64 247.3-7+deb11u5
2024-06-30 16:22:09 status unpacked systemd:amd64 247.3-7+deb11u5
2024-06-30 16:22:09 configure libapparmor1:amd64 2.13.6-10 2.13.6-10
2024-06-30 16:22:09 status half-configured libapparmor1:amd64 2.13.6-10
2024-06-30 16:22:09 status installed libapparmor1:amd64 2.13.6-10
2024-06-30 16:22:09 configure libargon2-1:amd64 0~20171227-0.2 0~20171227-0.2
2024-06-30 16:22:09 status half-configured libargon2-1:amd64 0~20171227-0.2
2024-06-30 16:22:09 status installed libargon2-1:amd64 0~20171227-0.2
2024-06-30 16:22:09 configure libcap2:amd64 1:2.44-1 1:2.44-1
2024-06-30 16:22:09 status half-configured libcap2:amd64 1:2.44-1
2024-06-30 16:22:09 status installed libcap2:amd64 1:2.44-1
2024-06-30 16:22:09 configure libip4tc2:amd64 1.8.7-1 1.8.7-1
2024-06-30 16:22:09 status half-configured libip4tc2:amd64 1.8.7-1
2024-06-30 16:22:09 status installed libip4tc2:amd64 1.8.7-1
2024-06-30 16:22:09 configure libjson-c5:amd64 0.15-2+deb11u1 0.15-2+deb11u1
2024-06-30 16:22:09 status half-configured libjson-c5:amd64 0.15-2+deb11u1
2024-06-30 16:22:09 status installed libjson-c5:amd64 0.15-2+deb11u1
2024-06-30 16:22:09 configure libkmod2:amd64 28-1 28-1
2024-06-30 16:22:09 status half-configured libkmod2:amd64 28-1
2024-06-30 16:22:09 status installed libkmod2:amd64 28-1
2024-06-30 16:22:09 configure libdevmapper1.02.1:amd64 2:1.02.175-2.1 2:1.02.175-2.1
2024-06-30 16:22:09 status half-configured libdevmapper1.02.1:amd64 2:1.02.175-2.1
2024-06-30 16:22:09 status installed libdevmapper1.02.1:amd64 2:1.02.175-2.1
2024-06-30 16:22:09 configure dmsetup:amd64 2:1.02.175-2.1 2:1.02.175-2.1
2024-06-30 16:22:09 status half-configured dmsetup:amd64 2:1.02.175-2.1
2024-06-30 16:22:09 status installed dmsetup:amd64 2:1.02.175-2.1
2024-06-30 16:22:09 configure libcryptsetup12:amd64 2:2.3.7-1+deb11u1 2:2.3.7-1+deb11u1
2024-06-30 16:22:09 status half-configured libcryptsetup12:amd64 2:2.3.7-1+deb11u1
2024-06-30 16:22:09 status installed libcryptsetup12:amd64 2:2.3.7-1+deb11u1
2024-06-30 16:22:09 configure systemd:amd64 247.3-7+deb11u5 247.3-7+deb11u5
2024-06-30 16:22:09 status half-configured systemd:amd64 247.3-7+deb11u5
2024-06-30 16:22:09 status installed systemd:amd64 247.3-7+deb11u5
2024-06-30 16:22:09 trigproc libc-bin:amd64 2.31-13+deb11u10 <none>
2024-06-30 16:22:09 status half-configured libc-bin:amd64 2.31-13+deb11u10
2024-06-30 16:22:09 status installed libc-bin:amd64 2.31-13+deb11u10
2024-06-30 16:22:18 startup archives install
2024-06-30 16:22:18 install systemd-sysv:amd64 <none> 247.3-7+deb11u5
2024-06-30 16:22:18 status half-installed systemd-sysv:amd64 247.3-7+deb11u5
2024-06-30 16:22:18 status unpacked systemd-sysv:amd64 247.3-7+deb11u5
2024-06-30 16:22:18 configure systemd-sysv:amd64 247.3-7+deb11u5 247.3-7+deb11u5
2024-06-30 16:22:18 status half-configured systemd-sysv:amd64 247.3-7+deb11u5
2024-06-30 16:22:18 status installed systemd-sysv:amd64 247.3-7+deb11u5
2024-06-30 16:22:18 startup archives unpack
2024-06-30 16:22:18 install apt-utils:amd64 <none> 2.2.4
2024-06-30 16:22:18 status half-installed apt-utils:amd64 2.2.4
2024-06-30 16:22:18 status unpacked apt-utils:amd64 2.2.4
2024-06-30 16:22:18 install cpio:amd64 <none> 2.13+dfsg-7.1~deb11u1
2024-06-30 16:22:18 status half-installed cpio:amd64 2.13+dfsg-7.1~deb11u1
2024-06-30 16:22:18 status unpacked cpio:amd64 2.13+dfsg-7.1~deb11u1
2024-06-30 16:22:18 install cron:amd64 <none> 3.0pl1-137
2024-06-30 16:22:18 status half-installed cron:amd64 3.0pl1-137
2024-06-30 16:22:18 status unpacked cron:amd64 3.0pl1-137
2024-06-30 16:22:18 install debconf-i18n:all <none> 1.5.77
2024-06-30 16:22:18 status half-installed debconf-i18n:all 1.5.77
2024-06-30 16:22:18 status unpacked debconf-i18n:all 1.5.77
2024-06-30 16:22:18 install dmidecode:amd64 <none> 3.3-2
2024-06-30 16:22:18 status half-installed dmidecode:amd64 3.3-2
2024-06-30 16:22:18 status unpacked dmidecode:amd64 3.3-2
2024-06-30 16:22:18 install fdisk:amd64 <none> 2.36.1-8+deb11u2
2024-06-30 16:22:18 status half-installed fdisk:amd64 2.36.1-8+deb11u2
2024-06-30 16:22:18 status unpacked fdisk:amd64 2.36.1-8+deb11u2
2024-06-30 16:22:18 install ifupdown:amd64 <none> 0.8.36
2024-06-30 16:22:18 status half-installed ifupdown:amd64 0.8.36
2024-06-30 16:22:18 status unpacked ifupdown:amd64 0.8.36
2024-06-30 16:22:18 install init:amd64 <none> 1.60
2024-06-30 16:22:18 status half-installed init:amd64 1.60
2024-06-30 16:22:18 status unpacked init:amd64 1.60
2024-06-30 16:22:18 install iproute2:amd64 <none> 5.10.0-4
2024-06-30 16:22:18 status half-installed iproute2:amd64 5.10.0-4
2024-06-30 16:22:18 status unpacked iproute2:amd64 5.10.0-4
2024-06-30 16:22:18 install iputils-ping:amd64 <none> 3:20210202-1
2024-06-30 16:22:18 status half-installed iputils-ping:amd64 3:20210202-1
2024-06-30 16:22:18 status unpacked iputils-ping:amd64 3:20210202-1
2024-06-30 16:22:19 install isc-dhcp-client:amd64 <none> 4.4.1-2.3+deb11u2
2024-06-30 16:22:19 status half-installed isc-dhcp-client:amd64 4.4.1-2.3+deb11u2
2024-06-30 16:22:19 status unpacked isc-dhcp-client:amd64 4.4.1-2.3+deb11u2
2024-06-30 16:22:19 install isc-dhcp-common:amd64 <none> 4.4.1-2.3+deb11u2
2024-06-30 16:22:19 status half-installed isc-dhcp-common:amd64 4.4.1-2.3+deb11u2
2024-06-30 16:22:19 status unpacked isc-dhcp-common:amd64 4.4.1-2.3+deb11u2
2024-06-30 16:22:19 install kmod:amd64 <none> 28-1
2024-06-30 16:22:19 status half-installed kmod:amd64 28-1
2024-06-30 16:22:19 status unpacked kmod:amd64 28-1
2024-06-30 16:22:19 install less:amd64 <none> 551-2+deb11u2
2024-06-30 16:22:19 status half-installed less:amd64 551-2+deb11u2
2024-06-30 16:22:19 status unpacked less:amd64 551-2+deb11u2
2024-06-30 16:22:19 install libbpf0:amd64 <none> 1:0.3-2
2024-06-30 16:22:19 status triggers-pending libc-bin:amd64 2.31-13+deb11u10
2024-06-30 16:22:19 status half-installed libbpf0:amd64 1:0.3-2
2024-06-30 16:22:19 status unpacked libbpf0:amd64 1:0.3-2
2024-06-30 16:22:19 install libbsd0:amd64 <none> 0.11.3-1+deb11u1
2024-06-30 16:22:19 status half-installed libbsd0:amd64 0.11.3-1+deb11u1
2024-06-30 16:22:19 status unpacked libbsd0:amd64 0.11.3-1+deb11u1
2024-06-30 16:22:19 install libcap2-bin:amd64 <none> 1:2.44-1
2024-06-30 16:22:19 status half-installed libcap2-bin:amd64 1:2.44-1
2024-06-30 16:22:19 status unpacked libcap2-bin:amd64 1:2.44-1
2024-06-30 16:22:19 install libdns-export1110:amd64 <none> 1:9.11.19+dfsg-2.1
2024-06-30 16:22:19 status half-installed libdns-export1110:amd64 1:9.11.19+dfsg-2.1
2024-06-30 16:22:19 status unpacked libdns-export1110:amd64 1:9.11.19+dfsg-2.1
2024-06-30 16:22:19 install libedit2:amd64 <none> 3.1-20191231-2+b1
2024-06-30 16:22:19 status half-installed libedit2:amd64 3.1-20191231-2+b1
2024-06-30 16:22:19 status unpacked libedit2:amd64 3.1-20191231-2+b1
2024-06-30 16:22:19 install libelf1:amd64 <none> 0.183-1
2024-06-30 16:22:19 status half-installed libelf1:amd64 0.183-1
2024-06-30 16:22:19 status unpacked libelf1:amd64 0.183-1
2024-06-30 16:22:19 install libestr0:amd64 <none> 0.1.10-2.1+b1
2024-06-30 16:22:19 status half-installed libestr0:amd64 0.1.10-2.1+b1
2024-06-30 16:22:19 status unpacked libestr0:amd64 0.1.10-2.1+b1
2024-06-30 16:22:19 install libfastjson4:amd64 <none> 0.99.9-1
2024-06-30 16:22:19 status half-installed libfastjson4:amd64 0.99.9-1
2024-06-30 16:22:19 status unpacked libfastjson4:amd64 0.99.9-1
2024-06-30 16:22:19 install libfdisk1:amd64 <none> 2.36.1-8+deb11u2
2024-06-30 16:22:19 status half-installed libfdisk1:amd64 2.36.1-8+deb11u2
2024-06-30 16:22:19 status unpacked libfdisk1:amd64 2.36.1-8+deb11u2
2024-06-30 16:22:19 install libisc-export1105:amd64 <none> 1:9.11.19+dfsg-2.1
2024-06-30 16:22:19 status half-installed libisc-export1105:amd64 1:9.11.19+dfsg-2.1
2024-06-30 16:22:19 status unpacked libisc-export1105:amd64 1:9.11.19+dfsg-2.1
2024-06-30 16:22:19 install libjansson4:amd64 <none> 2.13.1-1.1
2024-06-30 16:22:19 status half-installed libjansson4:amd64 2.13.1-1.1
2024-06-30 16:22:19 status unpacked libjansson4:amd64 2.13.1-1.1
2024-06-30 16:22:19 install liblocale-gettext-perl:amd64 <none> 1.07-4+b1
2024-06-30 16:22:19 status half-installed liblocale-gettext-perl:amd64 1.07-4+b1
2024-06-30 16:22:19 status unpacked liblocale-gettext-perl:amd64 1.07-4+b1
2024-06-30 16:22:19 install liblognorm5:amd64 <none> 2.0.5-1.1
2024-06-30 16:22:19 status half-installed liblognorm5:amd64 2.0.5-1.1
2024-06-30 16:22:19 status unpacked liblognorm5:amd64 2.0.5-1.1
2024-06-30 16:22:19 install libmd0:amd64 <none> 1.0.3-3
2024-06-30 16:22:19 status half-installed libmd0:amd64 1.0.3-3
2024-06-30 16:22:19 status unpacked libmd0:amd64 1.0.3-3
2024-06-30 16:22:19 install libmnl0:amd64 <none> 1.0.4-3
2024-06-30 16:22:19 status half-installed libmnl0:amd64 1.0.4-3
2024-06-30 16:22:19 status unpacked libmnl0:amd64 1.0.4-3
2024-06-30 16:22:19 install libncurses6:amd64 <none> 6.2+20201114-2+deb11u2
2024-06-30 16:22:19 status half-installed libncurses6:amd64 6.2+20201114-2+deb11u2
2024-06-30 16:22:19 status unpacked libncurses6:amd64 6.2+20201114-2+deb11u2
2024-06-30 16:22:19 install libncursesw6:amd64 <none> 6.2+20201114-2+deb11u2
2024-06-30 16:22:19 status half-installed libncursesw6:amd64 6.2+20201114-2+deb11u2
2024-06-30 16:22:19 status unpacked libncursesw6:amd64 6.2+20201114-2+deb11u2
2024-06-30 16:22:19 install libnewt0.52:amd64 <none> 0.52.21-4+b3
2024-06-30 16:22:19 status half-installed libnewt0.52:amd64 0.52.21-4+b3
2024-06-30 16:22:19 status unpacked libnewt0.52:amd64 0.52.21-4+b3
2024-06-30 16:22:19 install libnftables1:amd64 <none> 0.9.8-3.1+deb11u2
2024-06-30 16:22:19 status half-installed libnftables1:amd64 0.9.8-3.1+deb11u2
2024-06-30 16:22:19 status unpacked libnftables1:amd64 0.9.8-3.1+deb11u2
2024-06-30 16:22:20 install libnftnl11:amd64 <none> 1.1.9-1
2024-06-30 16:22:20 status half-installed libnftnl11:amd64 1.1.9-1
2024-06-30 16:22:20 status unpacked libnftnl11:amd64 1.1.9-1
2024-06-30 16:22:20 install libpopt0:amd64 <none> 1.18-2
2024-06-30 16:22:20 status half-installed libpopt0:amd64 1.18-2
2024-06-30 16:22:20 status unpacked libpopt0:amd64 1.18-2
2024-06-30 16:22:20 install libprocps8:amd64 <none> 2:3.3.17-5
2024-06-30 16:22:20 status half-installed libprocps8:amd64 2:3.3.17-5
2024-06-30 16:22:20 status unpacked libprocps8:amd64 2:3.3.17-5
2024-06-30 16:22:20 install libreadline8:amd64 <none> 8.1-1
2024-06-30 16:22:20 status half-installed libreadline8:amd64 8.1-1
2024-06-30 16:22:20 status unpacked libreadline8:amd64 8.1-1
2024-06-30 16:22:20 install libslang2:amd64 <none> 2.3.2-5
2024-06-30 16:22:20 status half-installed libslang2:amd64 2.3.2-5
2024-06-30 16:22:20 status unpacked libslang2:amd64 2.3.2-5
2024-06-30 16:22:20 install libtext-charwidth-perl:amd64 <none> 0.04-10+b1
2024-06-30 16:22:20 status half-installed libtext-charwidth-perl:amd64 0.04-10+b1
2024-06-30 16:22:20 status unpacked libtext-charwidth-perl:amd64 0.04-10+b1
2024-06-30 16:22:20 install libtext-iconv-perl:amd64 <none> 1.7-7+b1
2024-06-30 16:22:20 status half-installed libtext-iconv-perl:amd64 1.7-7+b1
2024-06-30 16:22:20 status unpacked libtext-iconv-perl:amd64 1.7-7+b1
2024-06-30 16:22:20 install libtext-wrapi18n-perl:all <none> 0.06-9
2024-06-30 16:22:20 status half-installed libtext-wrapi18n-perl:all 0.06-9
2024-06-30 16:22:20 status unpacked libtext-wrapi18n-perl:all 0.06-9
2024-06-30 16:22:20 install libxtables12:amd64 <none> 1.8.7-1
2024-06-30 16:22:20 status half-installed libxtables12:amd64 1.8.7-1
2024-06-30 16:22:20 status unpacked libxtables12:amd64 1.8.7-1
2024-06-30 16:22:20 install logrotate:amd64 <none> 3.18.0-2+deb11u2
2024-06-30 16:22:20 status half-installed logrotate:amd64 3.18.0-2+deb11u2
2024-06-30 16:22:20 status unpacked logrotate:amd64 3.18.0-2+deb11u2
2024-06-30 16:22:20 install nano:amd64 <none> 5.4-2+deb11u3
2024-06-30 16:22:20 status half-installed nano:amd64 5.4-2+deb11u3
2024-06-30 16:22:20 status unpacked nano:amd64 5.4-2+deb11u3
2024-06-30 16:22:20 install netbase:all <none> 6.3
2024-06-30 16:22:20 status half-installed netbase:all 6.3
2024-06-30 16:22:20 status unpacked netbase:all 6.3
2024-06-30 16:22:20 install nftables:amd64 <none> 0.9.8-3.1+deb11u2
2024-06-30 16:22:20 status half-installed nftables:amd64 0.9.8-3.1+deb11u2
2024-06-30 16:22:20 status unpacked nftables:amd64 0.9.8-3.1+deb11u2
2024-06-30 16:22:20 install procps:amd64 <none> 2:3.3.17-5
2024-06-30 16:22:20 status half-installed procps:amd64 2:3.3.17-5
2024-06-30 16:22:20 status unpacked procps:amd64 2:3.3.17-5
2024-06-30 16:22:20 install readline-common:all <none> 8.1-1
2024-06-30 16:22:20 status half-installed readline-common:all 8.1-1
2024-06-30 16:22:20 status unpacked readline-common:all 8.1-1
2024-06-30 16:22:20 install rsyslog:amd64 <none> 8.2102.0-2+deb11u1
2024-06-30 16:22:20 status half-installed rsyslog:amd64 8.2102.0-2+deb11u1
2024-06-30 16:22:20 status unpacked rsyslog:amd64 8.2102.0-2+deb11u1
2024-06-30 16:22:20 install sensible-utils:all <none> 0.0.14
2024-06-30 16:22:20 status half-installed sensible-utils:all 0.0.14
2024-06-30 16:22:20 status unpacked sensible-utils:all 0.0.14
2024-06-30 16:22:20 install tasksel:all <none> 3.68+deb11u1
2024-06-30 16:22:20 status half-installed tasksel:all 3.68+deb11u1
2024-06-30 16:22:20 status unpacked tasksel:all 3.68+deb11u1
2024-06-30 16:22:20 install tasksel-data:all <none> 3.68+deb11u1
2024-06-30 16:22:20 status half-installed tasksel-data:all 3.68+deb11u1
2024-06-30 16:22:20 status unpacked tasksel-data:all 3.68+deb11u1
2024-06-30 16:22:20 install udev:amd64 <none> 247.3-7+deb11u5
2024-06-30 16:22:20 status half-installed udev:amd64 247.3-7+deb11u5
2024-06-30 16:22:21 status unpacked udev:amd64 247.3-7+deb11u5
2024-06-30 16:22:21 install vim-common:all <none> 2:8.2.2434-3+deb11u1
2024-06-30 16:22:21 status half-installed vim-common:all 2:8.2.2434-3+deb11u1
2024-06-30 16:22:21 status unpacked vim-common:all 2:8.2.2434-3+deb11u1
2024-06-30 16:22:21 install vim-tiny:amd64 <none> 2:8.2.2434-3+deb11u1
2024-06-30 16:22:21 status half-installed vim-tiny:amd64 2:8.2.2434-3+deb11u1
2024-06-30 16:22:21 status unpacked vim-tiny:amd64 2:8.2.2434-3+deb11u1
2024-06-30 16:22:21 install whiptail:amd64 <none> 0.52.21-4+b3
2024-06-30 16:22:21 status half-installed whiptail:amd64 0.52.21-4+b3
2024-06-30 16:22:21 status unpacked whiptail:amd64 0.52.21-4+b3
2024-06-30 16:22:21 install xxd:amd64 <none> 2:8.2.2434-3+deb11u1
2024-06-30 16:22:21 status half-installed xxd:amd64 2:8.2.2434-3+deb11u1
2024-06-30 16:22:21 status unpacked xxd:amd64 2:8.2.2434-3+deb11u1
2024-06-30 16:22:21 trigproc libc-bin:amd64 2.31-13+deb11u10 <none>
2024-06-30 16:22:21 status half-configured libc-bin:amd64 2.31-13+deb11u10
2024-06-30 16:22:21 status installed libc-bin:amd64 2.31-13+deb11u10
2024-06-30 16:22:21 startup packages configure
2024-06-30 16:22:21 configure cpio:amd64 2.13+dfsg-7.1~deb11u1 <none>
2024-06-30 16:22:21 status unpacked cpio:amd64 2.13+dfsg-7.1~deb11u1
2024-06-30 16:22:21 status half-configured cpio:amd64 2.13+dfsg-7.1~deb11u1
2024-06-30 16:22:21 status installed cpio:amd64 2.13+dfsg-7.1~deb11u1
2024-06-30 16:22:21 configure libtext-iconv-perl:amd64 1.7-7+b1 <none>
2024-06-30 16:22:21 status unpacked libtext-iconv-perl:amd64 1.7-7+b1
2024-06-30 16:22:21 status half-configured libtext-iconv-perl:amd64 1.7-7+b1
2024-06-30 16:22:21 status installed libtext-iconv-perl:amd64 1.7-7+b1
2024-06-30 16:22:21 configure libtext-charwidth-perl:amd64 0.04-10+b1 <none>
2024-06-30 16:22:21 status unpacked libtext-charwidth-perl:amd64 0.04-10+b1
2024-06-30 16:22:21 status half-configured libtext-charwidth-perl:amd64 0.04-10+b1
2024-06-30 16:22:21 status installed libtext-charwidth-perl:amd64 0.04-10+b1
2024-06-30 16:22:21 configure apt-utils:amd64 2.2.4 <none>
2024-06-30 16:22:21 status unpacked apt-utils:amd64 2.2.4
2024-06-30 16:22:21 status half-configured apt-utils:amd64 2.2.4
2024-06-30 16:22:21 status installed apt-utils:amd64 2.2.4
2024-06-30 16:22:21 configure init:amd64 1.60 <none>
2024-06-30 16:22:21 status unpacked init:amd64 1.60
2024-06-30 16:22:21 status half-configured init:amd64 1.60
2024-06-30 16:22:21 status installed init:amd64 1.60
2024-06-30 16:22:21 configure libestr0:amd64 0.1.10-2.1+b1 <none>
2024-06-30 16:22:21 status triggers-pending libc-bin:amd64 2.31-13+deb11u10
2024-06-30 16:22:21 status unpacked libestr0:amd64 0.1.10-2.1+b1
2024-06-30 16:22:21 status half-configured libestr0:amd64 0.1.10-2.1+b1
2024-06-30 16:22:21 status installed libestr0:amd64 0.1.10-2.1+b1
2024-06-30 16:22:21 configure libfastjson4:amd64 0.99.9-1 <none>
2024-06-30 16:22:21 status unpacked libfastjson4:amd64 0.99.9-1
2024-06-30 16:22:21 status half-configured libfastjson4:amd64 0.99.9-1
2024-06-30 16:22:21 status installed libfastjson4:amd64 0.99.9-1
2024-06-30 16:22:21 configure less:amd64 551-2+deb11u2 <none>
2024-06-30 16:22:21 status unpacked less:amd64 551-2+deb11u2
2024-06-30 16:22:21 status half-configured less:amd64 551-2+deb11u2
2024-06-30 16:22:21 status installed less:amd64 551-2+deb11u2
2024-06-30 16:22:21 configure kmod:amd64 28-1 <none>
2024-06-30 16:22:21 status unpacked kmod:amd64 28-1
2024-06-30 16:22:21 status half-configured kmod:amd64 28-1
2024-06-30 16:22:21 status installed kmod:amd64 28-1
2024-06-30 16:22:21 configure libtext-wrapi18n-perl:all 0.06-9 <none>
2024-06-30 16:22:21 status unpacked libtext-wrapi18n-perl:all 0.06-9
2024-06-30 16:22:21 status half-configured libtext-wrapi18n-perl:all 0.06-9
2024-06-30 16:22:21 status installed libtext-wrapi18n-perl:all 0.06-9
2024-06-30 16:22:21 configure xxd:amd64 2:8.2.2434-3+deb11u1 <none>
2024-06-30 16:22:21 status unpacked xxd:amd64 2:8.2.2434-3+deb11u1
2024-06-30 16:22:21 status half-configured xxd:amd64 2:8.2.2434-3+deb11u1
2024-06-30 16:22:21 status installed xxd:amd64 2:8.2.2434-3+deb11u1
2024-06-30 16:22:21 configure libjansson4:amd64 2.13.1-1.1 <none>
2024-06-30 16:22:21 status unpacked libjansson4:amd64 2.13.1-1.1
2024-06-30 16:22:21 status half-configured libjansson4:amd64 2.13.1-1.1
2024-06-30 16:22:21 status installed libjansson4:amd64 2.13.1-1.1
2024-06-30 16:22:21 configure libcap2-bin:amd64 1:2.44-1 <none>
2024-06-30 16:22:21 status unpacked libcap2-bin:amd64 1:2.44-1
2024-06-30 16:22:21 status half-configured libcap2-bin:amd64 1:2.44-1
2024-06-30 16:22:21 status installed libcap2-bin:amd64 1:2.44-1
2024-06-30 16:22:21 configure libisc-export1105:amd64 1:9.11.19+dfsg-2.1 <none>
2024-06-30 16:22:21 status unpacked libisc-export1105:amd64 1:9.11.19+dfsg-2.1
2024-06-30 16:22:21 status half-configured libisc-export1105:amd64 1:9.11.19+dfsg-2.1
2024-06-30 16:22:21 status installed libisc-export1105:amd64 1:9.11.19+dfsg-2.1
2024-06-30 16:22:21 configure vim-common:all 2:8.2.2434-3+deb11u1 <none>
2024-06-30 16:22:21 status unpacked vim-common:all 2:8.2.2434-3+deb11u1
2024-06-30 16:22:21 status half-configured vim-common:all 2:8.2.2434-3+deb11u1
2024-06-30 16:22:21 status installed vim-common:all 2:8.2.2434-3+deb11u1
2024-06-30 16:22:21 configure libslang2:amd64 2.3.2-5 <none>
2024-06-30 16:22:21 status unpacked libslang2:amd64 2.3.2-5
2024-06-30 16:22:21 status half-configured libslang2:amd64 2.3.2-5
2024-06-30 16:22:21 status installed libslang2:amd64 2.3.2-5
2024-06-30 16:22:21 configure libncurses6:amd64 6.2+20201114-2+deb11u2 <none>
2024-06-30 16:22:21 status unpacked libncurses6:amd64 6.2+20201114-2+deb11u2
2024-06-30 16:22:21 status half-configured libncurses6:amd64 6.2+20201114-2+deb11u2
2024-06-30 16:22:21 status installed libncurses6:amd64 6.2+20201114-2+deb11u2
2024-06-30 16:22:21 configure libmnl0:amd64 1.0.4-3 <none>
2024-06-30 16:22:21 status unpacked libmnl0:amd64 1.0.4-3
2024-06-30 16:22:21 status half-configured libmnl0:amd64 1.0.4-3
2024-06-30 16:22:21 status installed libmnl0:amd64 1.0.4-3
2024-06-30 16:22:21 configure udev:amd64 247.3-7+deb11u5 <none>
2024-06-30 16:22:21 status unpacked udev:amd64 247.3-7+deb11u5
2024-06-30 16:22:21 status half-configured udev:amd64 247.3-7+deb11u5
2024-06-30 16:22:22 status installed udev:amd64 247.3-7+deb11u5
2024-06-30 16:22:22 configure libncursesw6:amd64 6.2+20201114-2+deb11u2 <none>
2024-06-30 16:22:22 status unpacked libncursesw6:amd64 6.2+20201114-2+deb11u2
2024-06-30 16:22:22 status half-configured libncursesw6:amd64 6.2+20201114-2+deb11u2
2024-06-30 16:22:22 status installed libncursesw6:amd64 6.2+20201114-2+deb11u2
2024-06-30 16:22:22 configure libxtables12:amd64 1.8.7-1 <none>
2024-06-30 16:22:22 status unpacked libxtables12:amd64 1.8.7-1
2024-06-30 16:22:22 status half-configured libxtables12:amd64 1.8.7-1
2024-06-30 16:22:22 status installed libxtables12:amd64 1.8.7-1
2024-06-30 16:22:22 configure libfdisk1:amd64 2.36.1-8+deb11u2 <none>
2024-06-30 16:22:22 status unpacked libfdisk1:amd64 2.36.1-8+deb11u2
2024-06-30 16:22:22 status half-configured libfdisk1:amd64 2.36.1-8+deb11u2
2024-06-30 16:22:22 status installed libfdisk1:amd64 2.36.1-8+deb11u2
2024-06-30 16:22:22 configure liblognorm5:amd64 2.0.5-1.1 <none>
2024-06-30 16:22:22 status unpacked liblognorm5:amd64 2.0.5-1.1
2024-06-30 16:22:22 status half-configured liblognorm5:amd64 2.0.5-1.1
2024-06-30 16:22:22 status installed liblognorm5:amd64 2.0.5-1.1
2024-06-30 16:22:22 configure nano:amd64 5.4-2+deb11u3 <none>
2024-06-30 16:22:22 status unpacked nano:amd64 5.4-2+deb11u3
2024-06-30 16:22:22 status half-configured nano:amd64 5.4-2+deb11u3
2024-06-30 16:22:22 status installed nano:amd64 5.4-2+deb11u3
2024-06-30 16:22:22 configure libmd0:amd64 1.0.3-3 <none>
2024-06-30 16:22:22 status unpacked libmd0:amd64 1.0.3-3
2024-06-30 16:22:22 status half-configured libmd0:amd64 1.0.3-3
2024-06-30 16:22:22 status installed libmd0:amd64 1.0.3-3
2024-06-30 16:22:22 configure sensible-utils:all 0.0.14 <none>
2024-06-30 16:22:22 status unpacked sensible-utils:all 0.0.14
2024-06-30 16:22:22 status half-configured sensible-utils:all 0.0.14
2024-06-30 16:22:22 status installed sensible-utils:all 0.0.14
2024-06-30 16:22:22 configure netbase:all 6.3 <none>
2024-06-30 16:22:22 status unpacked netbase:all 6.3
2024-06-30 16:22:22 status half-configured netbase:all 6.3
2024-06-30 16:22:22 status installed netbase:all 6.3
2024-06-30 16:22:22 configure isc-dhcp-common:amd64 4.4.1-2.3+deb11u2 <none>
2024-06-30 16:22:22 status unpacked isc-dhcp-common:amd64 4.4.1-2.3+deb11u2
2024-06-30 16:22:22 status half-configured isc-dhcp-common:amd64 4.4.1-2.3+deb11u2
2024-06-30 16:22:22 status installed isc-dhcp-common:amd64 4.4.1-2.3+deb11u2
2024-06-30 16:22:22 configure dmidecode:amd64 3.3-2 <none>
2024-06-30 16:22:22 status unpacked dmidecode:amd64 3.3-2
2024-06-30 16:22:22 status half-configured dmidecode:amd64 3.3-2
2024-06-30 16:22:22 status installed dmidecode:amd64 3.3-2
2024-06-30 16:22:22 configure libbsd0:amd64 0.11.3-1+deb11u1 <none>
2024-06-30 16:22:22 status unpacked libbsd0:amd64 0.11.3-1+deb11u1
2024-06-30 16:22:22 status half-configured libbsd0:amd64 0.11.3-1+deb11u1
2024-06-30 16:22:22 status installed libbsd0:amd64 0.11.3-1+deb11u1
2024-06-30 16:22:22 configure libelf1:amd64 0.183-1 <none>
2024-06-30 16:22:22 status unpacked libelf1:amd64 0.183-1
2024-06-30 16:22:22 status half-configured libelf1:amd64 0.183-1
2024-06-30 16:22:22 status installed libelf1:amd64 0.183-1
2024-06-30 16:22:22 configure iputils-ping:amd64 3:20210202-1 <none>
2024-06-30 16:22:22 status unpacked iputils-ping:amd64 3:20210202-1
2024-06-30 16:22:22 status half-configured iputils-ping:amd64 3:20210202-1
2024-06-30 16:22:22 status installed iputils-ping:amd64 3:20210202-1
2024-06-30 16:22:22 configure readline-common:all 8.1-1 <none>
2024-06-30 16:22:22 status unpacked readline-common:all 8.1-1
2024-06-30 16:22:22 status half-configured readline-common:all 8.1-1
2024-06-30 16:22:22 status installed readline-common:all 8.1-1
2024-06-30 16:22:22 configure liblocale-gettext-perl:amd64 1.07-4+b1 <none>
2024-06-30 16:22:22 status unpacked liblocale-gettext-perl:amd64 1.07-4+b1
2024-06-30 16:22:22 status half-configured liblocale-gettext-perl:amd64 1.07-4+b1
2024-06-30 16:22:22 status installed liblocale-gettext-perl:amd64 1.07-4+b1
2024-06-30 16:22:22 configure libprocps8:amd64 2:3.3.17-5 <none>
2024-06-30 16:22:22 status unpacked libprocps8:amd64 2:3.3.17-5
2024-06-30 16:22:22 status half-configured libprocps8:amd64 2:3.3.17-5
2024-06-30 16:22:22 status installed libprocps8:amd64 2:3.3.17-5
2024-06-30 16:22:22 configure libpopt0:amd64 1.18-2 <none>
2024-06-30 16:22:22 status unpacked libpopt0:amd64 1.18-2
2024-06-30 16:22:22 status half-configured libpopt0:amd64 1.18-2
2024-06-30 16:22:22 status installed libpopt0:amd64 1.18-2
2024-06-30 16:22:22 configure logrotate:amd64 3.18.0-2+deb11u2 <none>
2024-06-30 16:22:22 status unpacked logrotate:amd64 3.18.0-2+deb11u2
2024-06-30 16:22:22 status half-configured logrotate:amd64 3.18.0-2+deb11u2
2024-06-30 16:22:22 status installed logrotate:amd64 3.18.0-2+deb11u2
2024-06-30 16:22:22 configure libnewt0.52:amd64 0.52.21-4+b3 <none>
2024-06-30 16:22:22 status unpacked libnewt0.52:amd64 0.52.21-4+b3
2024-06-30 16:22:22 status half-configured libnewt0.52:amd64 0.52.21-4+b3
2024-06-30 16:22:22 status installed libnewt0.52:amd64 0.52.21-4+b3
2024-06-30 16:22:22 configure libedit2:amd64 3.1-20191231-2+b1 <none>
2024-06-30 16:22:22 status unpacked libedit2:amd64 3.1-20191231-2+b1
2024-06-30 16:22:22 status half-configured libedit2:amd64 3.1-20191231-2+b1
2024-06-30 16:22:22 status installed libedit2:amd64 3.1-20191231-2+b1
2024-06-30 16:22:22 configure libreadline8:amd64 8.1-1 <none>
2024-06-30 16:22:22 status unpacked libreadline8:amd64 8.1-1
2024-06-30 16:22:22 status half-configured libreadline8:amd64 8.1-1
2024-06-30 16:22:22 status installed libreadline8:amd64 8.1-1
2024-06-30 16:22:22 configure cron:amd64 3.0pl1-137 <none>
2024-06-30 16:22:22 status unpacked cron:amd64 3.0pl1-137
2024-06-30 16:22:22 status half-configured cron:amd64 3.0pl1-137
2024-06-30 16:22:22 status installed cron:amd64 3.0pl1-137
2024-06-30 16:22:22 configure rsyslog:amd64 8.2102.0-2+deb11u1 <none>
2024-06-30 16:22:22 status unpacked rsyslog:amd64 8.2102.0-2+deb11u1
2024-06-30 16:22:22 status half-configured rsyslog:amd64 8.2102.0-2+deb11u1
2024-06-30 16:22:22 status installed rsyslog:amd64 8.2102.0-2+deb11u1
2024-06-30 16:22:22 configure libdns-export1110:amd64 1:9.11.19+dfsg-2.1 <none>
2024-06-30 16:22:22 status unpacked libdns-export1110:amd64 1:9.11.19+dfsg-2.1
2024-06-30 16:22:22 status half-configured libdns-export1110:amd64 1:9.11.19+dfsg-2.1
2024-06-30 16:22:22 status installed libdns-export1110:amd64 1:9.11.19+dfsg-2.1
2024-06-30 16:22:22 configure debconf-i18n:all 1.5.77 <none>
2024-06-30 16:22:22 status unpacked debconf-i18n:all 1.5.77
2024-06-30 16:22:22 status half-configured debconf-i18n:all 1.5.77
2024-06-30 16:22:22 status installed debconf-i18n:all 1.5.77
2024-06-30 16:22:22 configure libnftnl11:amd64 1.1.9-1 <none>
2024-06-30 16:22:22 status unpacked libnftnl11:amd64 1.1.9-1
2024-06-30 16:22:22 status half-configured libnftnl11:amd64 1.1.9-1
2024-06-30 16:22:22 status installed libnftnl11:amd64 1.1.9-1
2024-06-30 16:22:22 configure vim-tiny:amd64 2:8.2.2434-3+deb11u1 <none>
2024-06-30 16:22:22 status unpacked vim-tiny:amd64 2:8.2.2434-3+deb11u1
2024-06-30 16:22:22 status half-configured vim-tiny:amd64 2:8.2.2434-3+deb11u1
2024-06-30 16:22:22 status installed vim-tiny:amd64 2:8.2.2434-3+deb11u1
2024-06-30 16:22:22 configure fdisk:amd64 2.36.1-8+deb11u2 <none>
2024-06-30 16:22:22 status unpacked fdisk:amd64 2.36.1-8+deb11u2
2024-06-30 16:22:22 status half-configured fdisk:amd64 2.36.1-8+deb11u2
2024-06-30 16:22:22 status installed fdisk:amd64 2.36.1-8+deb11u2
2024-06-30 16:22:22 configure whiptail:amd64 0.52.21-4+b3 <none>
2024-06-30 16:22:22 status unpacked whiptail:amd64 0.52.21-4+b3
2024-06-30 16:22:22 status half-configured whiptail:amd64 0.52.21-4+b3
2024-06-30 16:22:22 status installed whiptail:amd64 0.52.21-4+b3
2024-06-30 16:22:22 configure procps:amd64 2:3.3.17-5 <none>
2024-06-30 16:22:22 status unpacked procps:amd64 2:3.3.17-5
2024-06-30 16:22:22 status half-configured procps:amd64 2:3.3.17-5
2024-06-30 16:22:22 status installed procps:amd64 2:3.3.17-5
2024-06-30 16:22:22 configure libbpf0:amd64 1:0.3-2 <none>
2024-06-30 16:22:22 status unpacked libbpf0:amd64 1:0.3-2
2024-06-30 16:22:22 status half-configured libbpf0:amd64 1:0.3-2
2024-06-30 16:22:22 status installed libbpf0:amd64 1:0.3-2
2024-06-30 16:22:22 configure libnftables1:amd64 0.9.8-3.1+deb11u2 <none>
2024-06-30 16:22:22 status unpacked libnftables1:amd64 0.9.8-3.1+deb11u2
2024-06-30 16:22:22 status half-configured libnftables1:amd64 0.9.8-3.1+deb11u2
2024-06-30 16:22:22 status installed libnftables1:amd64 0.9.8-3.1+deb11u2
2024-06-30 16:22:22 configure nftables:amd64 0.9.8-3.1+deb11u2 <none>
2024-06-30 16:22:22 status unpacked nftables:amd64 0.9.8-3.1+deb11u2
2024-06-30 16:22:22 status half-configured nftables:amd64 0.9.8-3.1+deb11u2
2024-06-30 16:22:23 status installed nftables:amd64 0.9.8-3.1+deb11u2
2024-06-30 16:22:23 configure iproute2:amd64 5.10.0-4 <none>
2024-06-30 16:22:23 status unpacked iproute2:amd64 5.10.0-4
2024-06-30 16:22:23 status half-configured iproute2:amd64 5.10.0-4
2024-06-30 16:22:23 status installed iproute2:amd64 5.10.0-4
2024-06-30 16:22:23 configure isc-dhcp-client:amd64 4.4.1-2.3+deb11u2 <none>
2024-06-30 16:22:23 status unpacked isc-dhcp-client:amd64 4.4.1-2.3+deb11u2
2024-06-30 16:22:23 status half-configured isc-dhcp-client:amd64 4.4.1-2.3+deb11u2
2024-06-30 16:22:23 status installed isc-dhcp-client:amd64 4.4.1-2.3+deb11u2
2024-06-30 16:22:23 configure ifupdown:amd64 0.8.36 <none>
2024-06-30 16:22:23 status unpacked ifupdown:amd64 0.8.36
2024-06-30 16:22:23 status half-configured ifupdown:amd64 0.8.36
2024-06-30 16:22:23 status installed ifupdown:amd64 0.8.36
2024-06-30 16:22:23 configure tasksel-data:all 3.68+deb11u1 <none>
2024-06-30 16:22:23 status unpacked tasksel-data:all 3.68+deb11u1
2024-06-30 16:22:23 status half-configured tasksel-data:all 3.68+deb11u1
2024-06-30 16:22:23 status installed tasksel-data:all 3.68+deb11u1
2024-06-30 16:22:23 configure tasksel:all 3.68+deb11u1 <none>
2024-06-30 16:22:23 status unpacked tasksel:all 3.68+deb11u1
2024-06-30 16:22:23 status half-configured tasksel:all 3.68+deb11u1
2024-06-30 16:22:23 status installed tasksel:all 3.68+deb11u1
2024-06-30 16:22:23 trigproc libc-bin:amd64 2.31-13+deb11u10 <none>
2024-06-30 16:22:23 status half-configured libc-bin:amd64 2.31-13+deb11u10
2024-06-30 16:22:23 status installed libc-bin:amd64 2.31-13+deb11u10
